[INFO] Scanning for projects...
[INFO] 
[INFO] -----------------------< com.pos:store-manager >------------------------
[INFO] Building store-manager 1.0-SNAPSHOT
[INFO]   from pom.xml
[INFO] --------------------------------[ jar ]---------------------------------
[WARNING] 6 problems were encountered while building the effective model for org.openjfx:javafx-controls:jar:21 during dependency collection step for project (use -X to see details)
[WARNING] 6 problems were encountered while building the effective model for org.openjfx:javafx-controls:jar:20 during dependency collection step for project (use -X to see details)
[INFO] 
[INFO] --- resources:3.3.1:resources (default-resources) @ store-manager ---
[INFO] Copying 22 resources from src/main/resources to target/classes
[INFO] 
[INFO] --- compiler:3.11.0:compile (default-compile) @ store-manager ---
[INFO] Nothing to compile - all classes are up to date
[INFO] 
[INFO] --- resources:3.3.1:testResources (default-testResources) @ store-manager ---
[INFO] skip non existing resourceDirectory /app/src/test/resources
[INFO] 
[INFO] --- compiler:3.11.0:testCompile (default-testCompile) @ store-manager ---
[INFO] Nothing to compile - all classes are up to date
[INFO] 
[INFO] --- surefire:3.1.2:test (default-test) @ store-manager ---
[INFO] Using auto detected provider org.apache.maven.surefire.junitplatform.JUnitPlatformProvider
[INFO] 
[INFO] -------------------------------------------------------
[INFO]  T E S T S
[INFO] -------------------------------------------------------
WARNING: Unknown module: javafx.graphics specified to --add-exports
[INFO] Running com.pos.system.database.DatabaseManagerBackupTest
15:41:39.694 [main] DEBUG com.zaxxer.hikari.HikariConfig -- Driver class org.sqlite.JDBC found in Thread context class loader jdk.internal.loader.ClassLoaders$AppClassLoader@c387f44
15:41:39.703 [main] DEBUG com.zaxxer.hikari.HikariConfig -- POS-HikariPool - configuration:
15:41:39.719 [main] DEBUG com.zaxxer.hikari.HikariConfig -- allowPoolSuspension.............false
15:41:39.720 [main] DEBUG com.zaxxer.hikari.HikariConfig -- autoCommit......................true
15:41:39.720 [main] DEBUG com.zaxxer.hikari.HikariConfig -- catalog.........................none
15:41:39.720 [main] DEBUG com.zaxxer.hikari.HikariConfig -- connectionInitSql...............none
15:41:39.721 [main] DEBUG com.zaxxer.hikari.HikariConfig -- connectionTestQuery.............none
15:41:39.722 [main] DEBUG com.zaxxer.hikari.HikariConfig -- connectionTimeout...............5000
15:41:39.723 [main] DEBUG com.zaxxer.hikari.HikariConfig -- dataSource......................none
15:41:39.723 [main] DEBUG com.zaxxer.hikari.HikariConfig -- dataSourceClassName.............none
15:41:39.723 [main] DEBUG com.zaxxer.hikari.HikariConfig -- dataSourceJNDI..................none
15:41:39.724 [main] DEBUG com.zaxxer.hikari.HikariConfig -- dataSourceProperties............{password=<masked>, prepStmtCacheSqlLimit=2048, cachePrepStmts=true, prepStmtCacheSize=250}
15:41:39.725 [main] DEBUG com.zaxxer.hikari.HikariConfig -- driverClassName................."org.sqlite.JDBC"
15:41:39.725 [main] DEBUG com.zaxxer.hikari.HikariConfig -- exceptionOverrideClassName......none
15:41:39.725 [main] DEBUG com.zaxxer.hikari.HikariConfig -- healthCheckProperties...........{}
15:41:39.725 [main] DEBUG com.zaxxer.hikari.HikariConfig -- healthCheckRegistry.............none
15:41:39.725 [main] DEBUG com.zaxxer.hikari.HikariConfig -- idleTimeout.....................600000
15:41:39.726 [main] DEBUG com.zaxxer.hikari.HikariConfig -- initializationFailTimeout.......1
15:41:39.726 [main] DEBUG com.zaxxer.hikari.HikariConfig -- isolateInternalQueries..........false
15:41:39.727 [main] DEBUG com.zaxxer.hikari.HikariConfig -- jdbcUrl.........................jdbc:sqlite:/home/jules/.StoreManager/store.db
15:41:39.727 [main] DEBUG com.zaxxer.hikari.HikariConfig -- keepaliveTime...................0
15:41:39.727 [main] DEBUG com.zaxxer.hikari.HikariConfig -- leakDetectionThreshold..........30000
15:41:39.727 [main] DEBUG com.zaxxer.hikari.HikariConfig -- maxLifetime.....................1800000
15:41:39.727 [main] DEBUG com.zaxxer.hikari.HikariConfig -- maximumPoolSize.................20
15:41:39.728 [main] DEBUG com.zaxxer.hikari.HikariConfig -- metricRegistry..................none
15:41:39.728 [main] DEBUG com.zaxxer.hikari.HikariConfig -- metricsTrackerFactory...........none
15:41:39.728 [main] DEBUG com.zaxxer.hikari.HikariConfig -- minimumIdle.....................2
15:41:39.729 [main] DEBUG com.zaxxer.hikari.HikariConfig -- password........................<masked>
15:41:39.729 [main] DEBUG com.zaxxer.hikari.HikariConfig -- poolName........................"POS-HikariPool"
15:41:39.729 [main] DEBUG com.zaxxer.hikari.HikariConfig -- readOnly........................false
15:41:39.729 [main] DEBUG com.zaxxer.hikari.HikariConfig -- registerMbeans..................false
15:41:39.730 [main] DEBUG com.zaxxer.hikari.HikariConfig -- scheduledExecutor...............none
15:41:39.731 [main] DEBUG com.zaxxer.hikari.HikariConfig -- schema..........................none
15:41:39.732 [main] DEBUG com.zaxxer.hikari.HikariConfig -- threadFactory...................internal
15:41:39.732 [main] DEBUG com.zaxxer.hikari.HikariConfig -- transactionIsolation............default
15:41:39.733 [main] DEBUG com.zaxxer.hikari.HikariConfig -- username........................none
15:41:39.733 [main] DEBUG com.zaxxer.hikari.HikariConfig -- validationTimeout...............5000
15:41:39.747 [main] INFO com.zaxxer.hikari.HikariDataSource -- POS-HikariPool - Starting...
15:41:39.977 [main] INFO com.zaxxer.hikari.pool.HikariPool -- POS-HikariPool - Added connection org.sqlite.jdbc4.JDBC4Connection@2205a05d
15:41:39.979 [main] INFO com.zaxxer.hikari.HikariDataSource -- POS-HikariPool - Start completed.
15:41:39.980 [main] INFO com.pos.system.database.DatabaseManager -- Database connection pool initialized.
15:41:40.000 [main] WARN com.pos.system.database.DatabaseManager -- Statement failed (might be expected for existing tables/columns): -- Migration for existing databases
ALTER TABLE users
ADD COLUMN force_password_change BOOLEAN DEFAULT 0 - [SQLITE_ERROR] SQL error or missing database (duplicate column name: force_password_change)
15:41:40.001 [main] WARN com.pos.system.database.DatabaseManager -- Statement failed (might be expected for existing tables/columns): -- Migration: Add image_path if missing (for existing databases)
ALTER TABLE products
ADD COLUMN image_path TEXT - [SQLITE_ERROR] SQL error or missing database (duplicate column name: image_path)
15:41:40.001 [main] WARN com.pos.system.database.DatabaseManager -- Statement failed (might be expected for existing tables/columns): ALTER TABLE products
ADD COLUMN image_blob BLOB - [SQLITE_ERROR] SQL error or missing database (duplicate column name: image_blob)
15:41:40.001 [main] WARN com.pos.system.database.DatabaseManager -- Statement failed (might be expected for existing tables/columns): -- Migrations for existing databases
ALTER TABLE sales
ADD COLUMN subtotal REAL DEFAULT 0.0 - [SQLITE_ERROR] SQL error or missing database (duplicate column name: subtotal)
15:41:40.001 [main] WARN com.pos.system.database.DatabaseManager -- Statement failed (might be expected for existing tables/columns): ALTER TABLE sales
ADD COLUMN tax_amount REAL DEFAULT 0.0 - [SQLITE_ERROR] SQL error or missing database (duplicate column name: tax_amount)
15:41:40.002 [main] WARN com.pos.system.database.DatabaseManager -- Statement failed (might be expected for existing tables/columns): ALTER TABLE sales
ADD COLUMN discount_amount REAL DEFAULT 0.0 - [SQLITE_ERROR] SQL error or missing database (duplicate column name: discount_amount)
15:41:40.002 [main] WARN com.pos.system.database.DatabaseManager -- Statement failed (might be expected for existing tables/columns): -- Migrations for existing databases
ALTER TABLE sale_items
ADD COLUMN discount_amount REAL DEFAULT 0.0 - [SQLITE_ERROR] SQL error or missing database (duplicate column name: discount_amount)
15:41:40.002 [main] WARN com.pos.system.database.DatabaseManager -- Statement failed (might be expected for existing tables/columns): ALTER TABLE sale_items
ADD COLUMN tax_amount REAL DEFAULT 0.0 - [SQLITE_ERROR] SQL error or missing database (duplicate column name: tax_amount)
15:41:40.006 [main] INFO com.pos.system.database.DatabaseManager -- Database tables/schema initialized.
15:41:40.012 [main] INFO com.pos.system.database.DatabaseManager -- Starting database backup...
15:41:40.018 [POS-HikariPool connection adder] DEBUG com.zaxxer.hikari.pool.HikariPool -- POS-HikariPool - Added connection org.sqlite.jdbc4.JDBC4Connection@5dd0dde2
15:41:40.025 [Thread-1] INFO com.pos.system.database.DatabaseManager -- Normalized sale_date format in sales table.
15:41:40.029 [main] INFO com.pos.system.database.DatabaseManager -- Database backup created and compressed at: /home/jules/.StoreManager/backup/store_manual_2026-02-26_15-41.zip
15:41:40.049 [POS-HikariPool connection adder] DEBUG com.zaxxer.hikari.pool.HikariPool -- POS-HikariPool - Connection not added, stats (total=2, active=0, idle=2, waiting=0)
15:41:40.071 [main] INFO com.pos.system.database.DatabaseManager -- Starting database backup...
15:41:40.079 [main] INFO com.pos.system.database.DatabaseManager -- Database backup created and compressed at: /home/jules/.StoreManager/backup/store_auto_2026-02-26_15-41.zip
15:41:40.080 [POS-HikariPool housekeeper] DEBUG com.zaxxer.hikari.pool.HikariPool -- POS-HikariPool - Before cleanup stats (total=2, active=0, idle=2, waiting=0)
15:41:40.081 [POS-HikariPool housekeeper] DEBUG com.zaxxer.hikari.pool.HikariPool -- POS-HikariPool - After cleanup  stats (total=2, active=0, idle=2, waiting=0)
15:41:40.081 [POS-HikariPool housekeeper] DEBUG com.zaxxer.hikari.pool.HikariPool -- POS-HikariPool - Fill pool skipped, pool has sufficient level or currently being filled.
[ERROR] Tests run: 2, Failures: 2, Errors: 0, Skipped: 0, Time elapsed: 0.563 s <<< FAILURE! -- in com.pos.system.database.DatabaseManagerBackupTest
[ERROR] com.pos.system.database.DatabaseManagerBackupTest.testManualBackupSucceedsAndIgnoresPruning -- Time elapsed: 0.493 s <<< FAILURE!
org.opentest4j.AssertionFailedError: One manual backup should exist ==> expected: <1> but was: <0>
	at org.junit.jupiter.api.AssertionFailureBuilder.build(AssertionFailureBuilder.java:151)
	at org.junit.jupiter.api.AssertionFailureBuilder.buildAndThrow(AssertionFailureBuilder.java:132)
	at org.junit.jupiter.api.AssertEquals.failNotEqual(AssertEquals.java:197)
	at org.junit.jupiter.api.AssertEquals.assertEquals(AssertEquals.java:166)
	at org.junit.jupiter.api.Assertions.assertEquals(Assertions.java:664)
	at com.pos.system.database.DatabaseManagerBackupTest.testManualBackupSucceedsAndIgnoresPruning(DatabaseManagerBackupTest.java:66)
	at java.base/java.lang.reflect.Method.invoke(Method.java:580)
	at java.base/java.util.ArrayList.forEach(ArrayList.java:1596)
	at java.base/java.util.ArrayList.forEach(ArrayList.java:1596)

[ERROR] com.pos.system.database.DatabaseManagerBackupTest.testAutoBackupAndPruningLogic -- Time elapsed: 0.032 s <<< FAILURE!
org.opentest4j.AssertionFailedError: Only 30 auto backups should remain after pruning ==> expected: <30> but was: <35>
	at org.junit.jupiter.api.AssertionFailureBuilder.build(AssertionFailureBuilder.java:151)
	at org.junit.jupiter.api.AssertionFailureBuilder.buildAndThrow(AssertionFailureBuilder.java:132)
	at org.junit.jupiter.api.AssertEquals.failNotEqual(AssertEquals.java:197)
	at org.junit.jupiter.api.AssertEquals.assertEquals(AssertEquals.java:166)
	at org.junit.jupiter.api.Assertions.assertEquals(Assertions.java:664)
	at com.pos.system.database.DatabaseManagerBackupTest.testAutoBackupAndPruningLogic(DatabaseManagerBackupTest.java:94)
	at java.base/java.lang.reflect.Method.invoke(Method.java:580)
	at java.base/java.util.ArrayList.forEach(ArrayList.java:1596)
	at java.base/java.util.ArrayList.forEach(ArrayList.java:1596)

[INFO] Running com.pos.system.database.DatabaseManagerConcurrencyTest
15:41:40.100 [main] INFO com.pos.system.database.DatabaseManager -- Starting database backup...
15:41:40.107 [pool-2-thread-1] DEBUG com.zaxxer.hikari.pool.ProxyConnection -- POS-HikariPool - Executed rollback on connection org.sqlite.jdbc4.JDBC4Connection@2205a05d due to dirty commit state on close().
15:41:40.107 [pool-2-thread-1] DEBUG com.zaxxer.hikari.pool.PoolBase -- POS-HikariPool - Reset (autoCommit) on connection org.sqlite.jdbc4.JDBC4Connection@2205a05d
15:41:40.107 [pool-2-thread-2] DEBUG com.zaxxer.hikari.pool.ProxyConnection -- POS-HikariPool - Executed rollback on connection org.sqlite.jdbc4.JDBC4Connection@2205a05d due to dirty commit state on close().
15:41:40.108 [pool-2-thread-2] DEBUG com.zaxxer.hikari.pool.PoolBase -- POS-HikariPool - Reset (autoCommit) on connection org.sqlite.jdbc4.JDBC4Connection@2205a05d
15:41:40.108 [pool-2-thread-3] DEBUG com.zaxxer.hikari.pool.ProxyConnection -- POS-HikariPool - Executed rollback on connection org.sqlite.jdbc4.JDBC4Connection@2205a05d due to dirty commit state on close().
15:41:40.108 [pool-2-thread-3] DEBUG com.zaxxer.hikari.pool.PoolBase -- POS-HikariPool - Reset (autoCommit) on connection org.sqlite.jdbc4.JDBC4Connection@2205a05d
15:41:40.109 [pool-2-thread-4] DEBUG com.zaxxer.hikari.pool.ProxyConnection -- POS-HikariPool - Executed rollback on connection org.sqlite.jdbc4.JDBC4Connection@2205a05d due to dirty commit state on close().
15:41:40.109 [pool-2-thread-4] DEBUG com.zaxxer.hikari.pool.PoolBase -- POS-HikariPool - Reset (autoCommit) on connection org.sqlite.jdbc4.JDBC4Connection@2205a05d
15:41:40.110 [pool-2-thread-5] DEBUG com.zaxxer.hikari.pool.ProxyConnection -- POS-HikariPool - Executed rollback on connection org.sqlite.jdbc4.JDBC4Connection@2205a05d due to dirty commit state on close().
15:41:40.110 [pool-2-thread-5] DEBUG com.zaxxer.hikari.pool.PoolBase -- POS-HikariPool - Reset (autoCommit) on connection org.sqlite.jdbc4.JDBC4Connection@2205a05d
15:41:40.112 [POS-HikariPool connection adder] DEBUG com.zaxxer.hikari.pool.HikariPool -- POS-HikariPool - Added connection org.sqlite.jdbc4.JDBC4Connection@5728b692
15:41:40.116 [main] INFO com.pos.system.database.DatabaseManager -- Database backup created and compressed at: /home/jules/.StoreManager/backup/store_manual_2026-02-26_15-41.zip
[ERROR] Tests run: 1, Failures: 1, Errors: 0, Skipped: 0, Time elapsed: 0.033 s <<< FAILURE! -- in com.pos.system.database.DatabaseManagerConcurrencyTest
[ERROR] com.pos.system.database.DatabaseManagerConcurrencyTest.testBackupDuringConcurrentWrites -- Time elapsed: 0.024 s <<< FAILURE!
org.opentest4j.AssertionFailedError: One manual backup should exist even when triggered under load ==> expected: <1> but was: <0>
	at org.junit.jupiter.api.AssertionFailureBuilder.build(AssertionFailureBuilder.java:151)
	at org.junit.jupiter.api.AssertionFailureBuilder.buildAndThrow(AssertionFailureBuilder.java:132)
	at org.junit.jupiter.api.AssertEquals.failNotEqual(AssertEquals.java:197)
	at org.junit.jupiter.api.AssertEquals.assertEquals(AssertEquals.java:166)
	at org.junit.jupiter.api.Assertions.assertEquals(Assertions.java:664)
	at com.pos.system.database.DatabaseManagerConcurrencyTest.testBackupDuringConcurrentWrites(DatabaseManagerConcurrencyTest.java:108)
	at java.base/java.lang.reflect.Method.invoke(Method.java:580)
	at java.base/java.util.ArrayList.forEach(ArrayList.java:1596)
	at java.base/java.util.ArrayList.forEach(ArrayList.java:1596)

15:41:40.143 [POS-HikariPool connection adder] DEBUG com.zaxxer.hikari.pool.HikariPool -- POS-HikariPool - Connection not added, stats (total=3, active=0, idle=3, waiting=0)
15:41:40.143 [POS-HikariPool connection adder] DEBUG com.zaxxer.hikari.pool.HikariPool -- POS-HikariPool - Connection not added, stats (total=3, active=0, idle=3, waiting=0)
15:41:40.143 [POS-HikariPool connection adder] DEBUG com.zaxxer.hikari.pool.HikariPool -- POS-HikariPool - Connection not added, stats (total=3, active=0, idle=3, waiting=0)
15:41:40.143 [POS-HikariPool connection adder] DEBUG com.zaxxer.hikari.pool.HikariPool -- POS-HikariPool - Connection not added, stats (total=3, active=0, idle=3, waiting=0)
[INFO] Running com.pos.system.controllers.AddCategoryControllerTest
Feb 26, 2026 3:41:40 PM com.sun.javafx.application.PlatformImpl startup
WARNING: Unsupported JavaFX configuration: classes were loaded from 'unnamed module @52f759d7'
[ERROR] Tests run: 1, Failures: 0, Errors: 1, Skipped: 0, Time elapsed: 0.131 s <<< FAILURE! -- in com.pos.system.controllers.AddCategoryControllerTest
[ERROR] com.pos.system.controllers.AddCategoryControllerTest.testAddNewCategory(FxRobot) -- Time elapsed: 0.124 s <<< ERROR!
java.lang.RuntimeException: java.lang.UnsupportedOperationException: Unable to open DISPLAY
	at org.testfx.util.WaitForAsyncUtils.waitFor(WaitForAsyncUtils.java:301)
	at org.testfx.api.FxToolkit.registerPrimaryStage(FxToolkit.java:113)
	at org.testfx.framework.junit5.ApplicationExtension.beforeEach(ApplicationExtension.java:81)
	at java.base/java.util.ArrayList.forEach(ArrayList.java:1596)
	at java.base/java.util.ArrayList.forEach(ArrayList.java:1596)
	Suppressed: java.util.concurrent.TimeoutException: FX Application Thread not running
		at org.testfx.api.FxToolkit.cleanupApplication(FxToolkit.java:180)
		at org.testfx.api.FxToolkit.cleanupAfterTest(FxToolkit.java:186)
		at org.testfx.framework.junit5.ApplicationExtension.afterEach(ApplicationExtension.java:87)
		... 2 more
Caused by: java.lang.UnsupportedOperationException: Unable to open DISPLAY
	at com.sun.glass.ui.gtk.GtkApplication.lambda$new$5(GtkApplication.java:164)
	at java.base/java.security.AccessController.doPrivileged(AccessController.java:319)
	at com.sun.glass.ui.gtk.GtkApplication.<init>(GtkApplication.java:162)
	at com.sun.glass.ui.gtk.GtkPlatformFactory.createApplication(GtkPlatformFactory.java:40)
	at com.sun.glass.ui.Application.run(Application.java:146)
	at com.sun.javafx.tk.quantum.QuantumToolkit.startup(QuantumToolkit.java:290)
	at com.sun.javafx.application.PlatformImpl.startup(PlatformImpl.java:292)
	at com.sun.javafx.application.PlatformImpl.startup(PlatformImpl.java:162)
	at com.sun.javafx.application.LauncherImpl.startToolkit(LauncherImpl.java:651)
	at com.sun.javafx.application.LauncherImpl.launchApplication1(LauncherImpl.java:671)
	at com.sun.javafx.application.LauncherImpl.lambda$launchApplication$2(LauncherImpl.java:196)
	at java.base/java.lang.Thread.run(Thread.java:1583)

[INFO] Running com.pos.system.controllers.CategoryControllerTest
[ERROR] Tests run: 2, Failures: 0, Errors: 2, Skipped: 0, Time elapsed: 0.012 s <<< FAILURE! -- in com.pos.system.controllers.CategoryControllerTest
[ERROR] com.pos.system.controllers.CategoryControllerTest.testCategoriesLoadedInTable(FxRobot) -- Time elapsed: 0.003 s <<< ERROR!
java.lang.RuntimeException: java.lang.UnsupportedOperationException: Unable to open DISPLAY
	at org.testfx.util.WaitForAsyncUtils.waitFor(WaitForAsyncUtils.java:301)
	at org.testfx.api.FxToolkit.registerPrimaryStage(FxToolkit.java:113)
	at org.testfx.framework.junit5.ApplicationExtension.beforeEach(ApplicationExtension.java:81)
	at java.base/java.util.ArrayList.forEach(ArrayList.java:1596)
	at java.base/java.util.ArrayList.forEach(ArrayList.java:1596)
	Suppressed: java.util.concurrent.TimeoutException: FX Application Thread not running
		at org.testfx.api.FxToolkit.cleanupApplication(FxToolkit.java:180)
		at org.testfx.api.FxToolkit.cleanupAfterTest(FxToolkit.java:186)
		at org.testfx.framework.junit5.ApplicationExtension.afterEach(ApplicationExtension.java:87)
		... 2 more
Caused by: java.lang.UnsupportedOperationException: Unable to open DISPLAY
	at com.sun.glass.ui.gtk.GtkApplication.lambda$new$5(GtkApplication.java:164)
	at java.base/java.security.AccessController.doPrivileged(AccessController.java:319)
	at com.sun.glass.ui.gtk.GtkApplication.<init>(GtkApplication.java:162)
	at com.sun.glass.ui.gtk.GtkPlatformFactory.createApplication(GtkPlatformFactory.java:40)
	at com.sun.glass.ui.Application.run(Application.java:146)
	at com.sun.javafx.tk.quantum.QuantumToolkit.startup(QuantumToolkit.java:290)
	at com.sun.javafx.application.PlatformImpl.startup(PlatformImpl.java:292)
	at com.sun.javafx.application.PlatformImpl.startup(PlatformImpl.java:162)
	at com.sun.javafx.application.LauncherImpl.startToolkit(LauncherImpl.java:651)
	at com.sun.javafx.application.LauncherImpl.launchApplication1(LauncherImpl.java:671)
	at com.sun.javafx.application.LauncherImpl.lambda$launchApplication$2(LauncherImpl.java:196)
	at java.base/java.lang.Thread.run(Thread.java:1583)

[ERROR] com.pos.system.controllers.CategoryControllerTest.testSearchFilter(FxRobot) -- Time elapsed: 0.004 s <<< ERROR!
java.lang.RuntimeException: java.lang.UnsupportedOperationException: Unable to open DISPLAY
	at org.testfx.util.WaitForAsyncUtils.waitFor(WaitForAsyncUtils.java:301)
	at org.testfx.api.FxToolkit.registerPrimaryStage(FxToolkit.java:113)
	at org.testfx.framework.junit5.ApplicationExtension.beforeEach(ApplicationExtension.java:81)
	at java.base/java.util.ArrayList.forEach(ArrayList.java:1596)
	at java.base/java.util.ArrayList.forEach(ArrayList.java:1596)
	Suppressed: java.util.concurrent.TimeoutException: FX Application Thread not running
		at org.testfx.api.FxToolkit.cleanupApplication(FxToolkit.java:180)
		at org.testfx.api.FxToolkit.cleanupAfterTest(FxToolkit.java:186)
		at org.testfx.framework.junit5.ApplicationExtension.afterEach(ApplicationExtension.java:87)
		... 2 more
Caused by: java.lang.UnsupportedOperationException: Unable to open DISPLAY
	at com.sun.glass.ui.gtk.GtkApplication.lambda$new$5(GtkApplication.java:164)
	at java.base/java.security.AccessController.doPrivileged(AccessController.java:319)
	at com.sun.glass.ui.gtk.GtkApplication.<init>(GtkApplication.java:162)
	at com.sun.glass.ui.gtk.GtkPlatformFactory.createApplication(GtkPlatformFactory.java:40)
	at com.sun.glass.ui.Application.run(Application.java:146)
	at com.sun.javafx.tk.quantum.QuantumToolkit.startup(QuantumToolkit.java:290)
	at com.sun.javafx.application.PlatformImpl.startup(PlatformImpl.java:292)
	at com.sun.javafx.application.PlatformImpl.startup(PlatformImpl.java:162)
	at com.sun.javafx.application.LauncherImpl.startToolkit(LauncherImpl.java:651)
	at com.sun.javafx.application.LauncherImpl.launchApplication1(LauncherImpl.java:671)
	at com.sun.javafx.application.LauncherImpl.lambda$launchApplication$2(LauncherImpl.java:196)
	at java.base/java.lang.Thread.run(Thread.java:1583)

[INFO] Running com.pos.system.controllers.AdjustStockControllerTest
[ERROR] Tests run: 2, Failures: 0, Errors: 2, Skipped: 0, Time elapsed: 0.015 s <<< FAILURE! -- in com.pos.system.controllers.AdjustStockControllerTest
[ERROR] com.pos.system.controllers.AdjustStockControllerTest.testAdjustStockInvalid(FxRobot) -- Time elapsed: 0.005 s <<< ERROR!
java.lang.RuntimeException: java.lang.UnsupportedOperationException: Unable to open DISPLAY
	at org.testfx.util.WaitForAsyncUtils.waitFor(WaitForAsyncUtils.java:301)
	at org.testfx.api.FxToolkit.registerPrimaryStage(FxToolkit.java:113)
	at org.testfx.framework.junit5.ApplicationExtension.beforeEach(ApplicationExtension.java:81)
	at java.base/java.util.ArrayList.forEach(ArrayList.java:1596)
	at java.base/java.util.ArrayList.forEach(ArrayList.java:1596)
	Suppressed: java.util.concurrent.TimeoutException: FX Application Thread not running
		at org.testfx.api.FxToolkit.cleanupApplication(FxToolkit.java:180)
		at org.testfx.api.FxToolkit.cleanupAfterTest(FxToolkit.java:186)
		at org.testfx.framework.junit5.ApplicationExtension.afterEach(ApplicationExtension.java:87)
		... 2 more
Caused by: java.lang.UnsupportedOperationException: Unable to open DISPLAY
	at com.sun.glass.ui.gtk.GtkApplication.lambda$new$5(GtkApplication.java:164)
	at java.base/java.security.AccessController.doPrivileged(AccessController.java:319)
	at com.sun.glass.ui.gtk.GtkApplication.<init>(GtkApplication.java:162)
	at com.sun.glass.ui.gtk.GtkPlatformFactory.createApplication(GtkPlatformFactory.java:40)
	at com.sun.glass.ui.Application.run(Application.java:146)
	at com.sun.javafx.tk.quantum.QuantumToolkit.startup(QuantumToolkit.java:290)
	at com.sun.javafx.application.PlatformImpl.startup(PlatformImpl.java:292)
	at com.sun.javafx.application.PlatformImpl.startup(PlatformImpl.java:162)
	at com.sun.javafx.application.LauncherImpl.startToolkit(LauncherImpl.java:651)
	at com.sun.javafx.application.LauncherImpl.launchApplication1(LauncherImpl.java:671)
	at com.sun.javafx.application.LauncherImpl.lambda$launchApplication$2(LauncherImpl.java:196)
	at java.base/java.lang.Thread.run(Thread.java:1583)

[ERROR] com.pos.system.controllers.AdjustStockControllerTest.testAdjustStockValid(FxRobot) -- Time elapsed: 0.008 s <<< ERROR!
java.lang.RuntimeException: java.lang.UnsupportedOperationException: Unable to open DISPLAY
	at org.testfx.util.WaitForAsyncUtils.waitFor(WaitForAsyncUtils.java:301)
	at org.testfx.api.FxToolkit.registerPrimaryStage(FxToolkit.java:113)
	at org.testfx.framework.junit5.ApplicationExtension.beforeEach(ApplicationExtension.java:81)
	at java.base/java.util.ArrayList.forEach(ArrayList.java:1596)
	at java.base/java.util.ArrayList.forEach(ArrayList.java:1596)
	Suppressed: java.util.concurrent.TimeoutException: FX Application Thread not running
		at org.testfx.api.FxToolkit.cleanupApplication(FxToolkit.java:180)
		at org.testfx.api.FxToolkit.cleanupAfterTest(FxToolkit.java:186)
		at org.testfx.framework.junit5.ApplicationExtension.afterEach(ApplicationExtension.java:87)
		... 2 more
Caused by: java.lang.UnsupportedOperationException: Unable to open DISPLAY
	at com.sun.glass.ui.gtk.GtkApplication.lambda$new$5(GtkApplication.java:164)
	at java.base/java.security.AccessController.doPrivileged(AccessController.java:319)
	at com.sun.glass.ui.gtk.GtkApplication.<init>(GtkApplication.java:162)
	at com.sun.glass.ui.gtk.GtkPlatformFactory.createApplication(GtkPlatformFactory.java:40)
	at com.sun.glass.ui.Application.run(Application.java:146)
	at com.sun.javafx.tk.quantum.QuantumToolkit.startup(QuantumToolkit.java:290)
	at com.sun.javafx.application.PlatformImpl.startup(PlatformImpl.java:292)
	at com.sun.javafx.application.PlatformImpl.startup(PlatformImpl.java:162)
	at com.sun.javafx.application.LauncherImpl.startToolkit(LauncherImpl.java:651)
	at com.sun.javafx.application.LauncherImpl.launchApplication1(LauncherImpl.java:671)
	at com.sun.javafx.application.LauncherImpl.lambda$launchApplication$2(LauncherImpl.java:196)
	at java.base/java.lang.Thread.run(Thread.java:1583)

[INFO] Running com.pos.system.controllers.InventoryControllerTest
[ERROR] Tests run: 2, Failures: 0, Errors: 2, Skipped: 0, Time elapsed: 0.039 s <<< FAILURE! -- in com.pos.system.controllers.InventoryControllerTest
[ERROR] com.pos.system.controllers.InventoryControllerTest.testInventoryLoadsDataOnStart(FxRobot) -- Time elapsed: 0.006 s <<< ERROR!
java.lang.RuntimeException: java.lang.UnsupportedOperationException: Unable to open DISPLAY
	at org.testfx.util.WaitForAsyncUtils.waitFor(WaitForAsyncUtils.java:301)
	at org.testfx.api.FxToolkit.registerPrimaryStage(FxToolkit.java:113)
	at org.testfx.framework.junit5.ApplicationExtension.beforeEach(ApplicationExtension.java:81)
	at java.base/java.util.ArrayList.forEach(ArrayList.java:1596)
	at java.base/java.util.ArrayList.forEach(ArrayList.java:1596)
	Suppressed: java.util.concurrent.TimeoutException: FX Application Thread not running
		at org.testfx.api.FxToolkit.cleanupApplication(FxToolkit.java:180)
		at org.testfx.api.FxToolkit.cleanupAfterTest(FxToolkit.java:186)
		at org.testfx.framework.junit5.ApplicationExtension.afterEach(ApplicationExtension.java:87)
		... 2 more
Caused by: java.lang.UnsupportedOperationException: Unable to open DISPLAY
	at com.sun.glass.ui.gtk.GtkApplication.lambda$new$5(GtkApplication.java:164)
	at java.base/java.security.AccessController.doPrivileged(AccessController.java:319)
	at com.sun.glass.ui.gtk.GtkApplication.<init>(GtkApplication.java:162)
	at com.sun.glass.ui.gtk.GtkPlatformFactory.createApplication(GtkPlatformFactory.java:40)
	at com.sun.glass.ui.Application.run(Application.java:146)
	at com.sun.javafx.tk.quantum.QuantumToolkit.startup(QuantumToolkit.java:290)
	at com.sun.javafx.application.PlatformImpl.startup(PlatformImpl.java:292)
	at com.sun.javafx.application.PlatformImpl.startup(PlatformImpl.java:162)
	at com.sun.javafx.application.LauncherImpl.startToolkit(LauncherImpl.java:651)
	at com.sun.javafx.application.LauncherImpl.launchApplication1(LauncherImpl.java:671)
	at com.sun.javafx.application.LauncherImpl.lambda$launchApplication$2(LauncherImpl.java:196)
	at java.base/java.lang.Thread.run(Thread.java:1583)

[ERROR] com.pos.system.controllers.InventoryControllerTest.testInventorySearchFiltersData(FxRobot) -- Time elapsed: 0.012 s <<< ERROR!
java.lang.RuntimeException: java.lang.UnsupportedOperationException: Unable to open DISPLAY
	at org.testfx.util.WaitForAsyncUtils.waitFor(WaitForAsyncUtils.java:301)
	at org.testfx.api.FxToolkit.registerPrimaryStage(FxToolkit.java:113)
	at org.testfx.framework.junit5.ApplicationExtension.beforeEach(ApplicationExtension.java:81)
	at java.base/java.util.ArrayList.forEach(ArrayList.java:1596)
	at java.base/java.util.ArrayList.forEach(ArrayList.java:1596)
	Suppressed: java.util.concurrent.TimeoutException: FX Application Thread not running
		at org.testfx.api.FxToolkit.cleanupApplication(FxToolkit.java:180)
		at org.testfx.api.FxToolkit.cleanupAfterTest(FxToolkit.java:186)
		at org.testfx.framework.junit5.ApplicationExtension.afterEach(ApplicationExtension.java:87)
		... 2 more
Caused by: java.lang.UnsupportedOperationException: Unable to open DISPLAY
	at com.sun.glass.ui.gtk.GtkApplication.lambda$new$5(GtkApplication.java:164)
	at java.base/java.security.AccessController.doPrivileged(AccessController.java:319)
	at com.sun.glass.ui.gtk.GtkApplication.<init>(GtkApplication.java:162)
	at com.sun.glass.ui.gtk.GtkPlatformFactory.createApplication(GtkPlatformFactory.java:40)
	at com.sun.glass.ui.Application.run(Application.java:146)
	at com.sun.javafx.tk.quantum.QuantumToolkit.startup(QuantumToolkit.java:290)
	at com.sun.javafx.application.PlatformImpl.startup(PlatformImpl.java:292)
	at com.sun.javafx.application.PlatformImpl.startup(PlatformImpl.java:162)
	at com.sun.javafx.application.LauncherImpl.startToolkit(LauncherImpl.java:651)
	at com.sun.javafx.application.LauncherImpl.launchApplication1(LauncherImpl.java:671)
	at com.sun.javafx.application.LauncherImpl.lambda$launchApplication$2(LauncherImpl.java:196)
	at java.base/java.lang.Thread.run(Thread.java:1583)

[INFO] Running com.pos.system.controllers.AuditLogControllerTest
[ERROR] Tests run: 1, Failures: 0, Errors: 1, Skipped: 0, Time elapsed: 0.015 s <<< FAILURE! -- in com.pos.system.controllers.AuditLogControllerTest
[ERROR] com.pos.system.controllers.AuditLogControllerTest.testAuditLogsLoaded(FxRobot) -- Time elapsed: 0.004 s <<< ERROR!
java.lang.RuntimeException: java.lang.UnsupportedOperationException: Unable to open DISPLAY
	at org.testfx.util.WaitForAsyncUtils.waitFor(WaitForAsyncUtils.java:301)
	at org.testfx.api.FxToolkit.registerPrimaryStage(FxToolkit.java:113)
	at org.testfx.framework.junit5.ApplicationExtension.beforeEach(ApplicationExtension.java:81)
	at java.base/java.util.ArrayList.forEach(ArrayList.java:1596)
	at java.base/java.util.ArrayList.forEach(ArrayList.java:1596)
	Suppressed: java.util.concurrent.TimeoutException: FX Application Thread not running
		at org.testfx.api.FxToolkit.cleanupApplication(FxToolkit.java:180)
		at org.testfx.api.FxToolkit.cleanupAfterTest(FxToolkit.java:186)
		at org.testfx.framework.junit5.ApplicationExtension.afterEach(ApplicationExtension.java:87)
		... 2 more
Caused by: java.lang.UnsupportedOperationException: Unable to open DISPLAY
	at com.sun.glass.ui.gtk.GtkApplication.lambda$new$5(GtkApplication.java:164)
	at java.base/java.security.AccessController.doPrivileged(AccessController.java:319)
	at com.sun.glass.ui.gtk.GtkApplication.<init>(GtkApplication.java:162)
	at com.sun.glass.ui.gtk.GtkPlatformFactory.createApplication(GtkPlatformFactory.java:40)
	at com.sun.glass.ui.Application.run(Application.java:146)
	at com.sun.javafx.tk.quantum.QuantumToolkit.startup(QuantumToolkit.java:290)
	at com.sun.javafx.application.PlatformImpl.startup(PlatformImpl.java:292)
	at com.sun.javafx.application.PlatformImpl.startup(PlatformImpl.java:162)
	at com.sun.javafx.application.LauncherImpl.startToolkit(LauncherImpl.java:651)
	at com.sun.javafx.application.LauncherImpl.launchApplication1(LauncherImpl.java:671)
	at com.sun.javafx.application.LauncherImpl.lambda$launchApplication$2(LauncherImpl.java:196)
	at java.base/java.lang.Thread.run(Thread.java:1583)

[INFO] Running com.pos.system.controllers.CheckoutControllerTest
[ERROR] Tests run: 1, Failures: 0, Errors: 1, Skipped: 0, Time elapsed: 0.006 s <<< FAILURE! -- in com.pos.system.controllers.CheckoutControllerTest
[ERROR] com.pos.system.controllers.CheckoutControllerTest.testCheckoutFlow(FxRobot) -- Time elapsed: 0.002 s <<< ERROR!
java.lang.RuntimeException: java.lang.UnsupportedOperationException: Unable to open DISPLAY
	at org.testfx.util.WaitForAsyncUtils.waitFor(WaitForAsyncUtils.java:301)
	at org.testfx.api.FxToolkit.registerPrimaryStage(FxToolkit.java:113)
	at org.testfx.framework.junit5.ApplicationExtension.beforeEach(ApplicationExtension.java:81)
	at java.base/java.util.ArrayList.forEach(ArrayList.java:1596)
	at java.base/java.util.ArrayList.forEach(ArrayList.java:1596)
	Suppressed: java.util.concurrent.TimeoutException: FX Application Thread not running
		at org.testfx.api.FxToolkit.cleanupApplication(FxToolkit.java:180)
		at org.testfx.api.FxToolkit.cleanupAfterTest(FxToolkit.java:186)
		at org.testfx.framework.junit5.ApplicationExtension.afterEach(ApplicationExtension.java:87)
		... 2 more
Caused by: java.lang.UnsupportedOperationException: Unable to open DISPLAY
	at com.sun.glass.ui.gtk.GtkApplication.lambda$new$5(GtkApplication.java:164)
	at java.base/java.security.AccessController.doPrivileged(AccessController.java:319)
	at com.sun.glass.ui.gtk.GtkApplication.<init>(GtkApplication.java:162)
	at com.sun.glass.ui.gtk.GtkPlatformFactory.createApplication(GtkPlatformFactory.java:40)
	at com.sun.glass.ui.Application.run(Application.java:146)
	at com.sun.javafx.tk.quantum.QuantumToolkit.startup(QuantumToolkit.java:290)
	at com.sun.javafx.application.PlatformImpl.startup(PlatformImpl.java:292)
	at com.sun.javafx.application.PlatformImpl.startup(PlatformImpl.java:162)
	at com.sun.javafx.application.LauncherImpl.startToolkit(LauncherImpl.java:651)
	at com.sun.javafx.application.LauncherImpl.launchApplication1(LauncherImpl.java:671)
	at com.sun.javafx.application.LauncherImpl.lambda$launchApplication$2(LauncherImpl.java:196)
	at java.base/java.lang.Thread.run(Thread.java:1583)

[INFO] Running com.pos.system.controllers.TransactionDetailsControllerTest
[ERROR] Tests run: 1, Failures: 0, Errors: 1, Skipped: 0, Time elapsed: 0.014 s <<< FAILURE! -- in com.pos.system.controllers.TransactionDetailsControllerTest
[ERROR] com.pos.system.controllers.TransactionDetailsControllerTest.testTransactionDetailsLoaded(FxRobot) -- Time elapsed: 0.003 s <<< ERROR!
java.lang.RuntimeException: java.lang.UnsupportedOperationException: Unable to open DISPLAY
	at org.testfx.util.WaitForAsyncUtils.waitFor(WaitForAsyncUtils.java:301)
	at org.testfx.api.FxToolkit.registerPrimaryStage(FxToolkit.java:113)
	at org.testfx.framework.junit5.ApplicationExtension.beforeEach(ApplicationExtension.java:81)
	at java.base/java.util.ArrayList.forEach(ArrayList.java:1596)
	at java.base/java.util.ArrayList.forEach(ArrayList.java:1596)
	Suppressed: java.util.concurrent.TimeoutException: FX Application Thread not running
		at org.testfx.api.FxToolkit.cleanupApplication(FxToolkit.java:180)
		at org.testfx.api.FxToolkit.cleanupAfterTest(FxToolkit.java:186)
		at org.testfx.framework.junit5.ApplicationExtension.afterEach(ApplicationExtension.java:87)
		... 2 more
Caused by: java.lang.UnsupportedOperationException: Unable to open DISPLAY
	at com.sun.glass.ui.gtk.GtkApplication.lambda$new$5(GtkApplication.java:164)
	at java.base/java.security.AccessController.doPrivileged(AccessController.java:319)
	at com.sun.glass.ui.gtk.GtkApplication.<init>(GtkApplication.java:162)
	at com.sun.glass.ui.gtk.GtkPlatformFactory.createApplication(GtkPlatformFactory.java:40)
	at com.sun.glass.ui.Application.run(Application.java:146)
	at com.sun.javafx.tk.quantum.QuantumToolkit.startup(QuantumToolkit.java:290)
	at com.sun.javafx.application.PlatformImpl.startup(PlatformImpl.java:292)
	at com.sun.javafx.application.PlatformImpl.startup(PlatformImpl.java:162)
	at com.sun.javafx.application.LauncherImpl.startToolkit(LauncherImpl.java:651)
	at com.sun.javafx.application.LauncherImpl.launchApplication1(LauncherImpl.java:671)
	at com.sun.javafx.application.LauncherImpl.lambda$launchApplication$2(LauncherImpl.java:196)
	at java.base/java.lang.Thread.run(Thread.java:1583)

[INFO] Running com.pos.system.controllers.SettingsControllerTest
[ERROR] Tests run: 1, Failures: 0, Errors: 1, Skipped: 0, Time elapsed: 0.004 s <<< FAILURE! -- in com.pos.system.controllers.SettingsControllerTest
[ERROR] com.pos.system.controllers.SettingsControllerTest.testSettingsLoadAndSave(FxRobot) -- Time elapsed: 0.002 s <<< ERROR!
java.lang.RuntimeException: java.lang.UnsupportedOperationException: Unable to open DISPLAY
	at org.testfx.util.WaitForAsyncUtils.waitFor(WaitForAsyncUtils.java:301)
	at org.testfx.api.FxToolkit.registerPrimaryStage(FxToolkit.java:113)
	at org.testfx.framework.junit5.ApplicationExtension.beforeEach(ApplicationExtension.java:81)
	at java.base/java.util.ArrayList.forEach(ArrayList.java:1596)
	at java.base/java.util.ArrayList.forEach(ArrayList.java:1596)
	Suppressed: java.util.concurrent.TimeoutException: FX Application Thread not running
		at org.testfx.api.FxToolkit.cleanupApplication(FxToolkit.java:180)
		at org.testfx.api.FxToolkit.cleanupAfterTest(FxToolkit.java:186)
		at org.testfx.framework.junit5.ApplicationExtension.afterEach(ApplicationExtension.java:87)
		... 2 more
Caused by: java.lang.UnsupportedOperationException: Unable to open DISPLAY
	at com.sun.glass.ui.gtk.GtkApplication.lambda$new$5(GtkApplication.java:164)
	at java.base/java.security.AccessController.doPrivileged(AccessController.java:319)
	at com.sun.glass.ui.gtk.GtkApplication.<init>(GtkApplication.java:162)
	at com.sun.glass.ui.gtk.GtkPlatformFactory.createApplication(GtkPlatformFactory.java:40)
	at com.sun.glass.ui.Application.run(Application.java:146)
	at com.sun.javafx.tk.quantum.QuantumToolkit.startup(QuantumToolkit.java:290)
	at com.sun.javafx.application.PlatformImpl.startup(PlatformImpl.java:292)
	at com.sun.javafx.application.PlatformImpl.startup(PlatformImpl.java:162)
	at com.sun.javafx.application.LauncherImpl.startToolkit(LauncherImpl.java:651)
	at com.sun.javafx.application.LauncherImpl.launchApplication1(LauncherImpl.java:671)
	at com.sun.javafx.application.LauncherImpl.lambda$launchApplication$2(LauncherImpl.java:196)
	at java.base/java.lang.Thread.run(Thread.java:1583)

[INFO] Running com.pos.system.controllers.ReportsControllerTest
[ERROR] Tests run: 1, Failures: 0, Errors: 1, Skipped: 0, Time elapsed: 0.005 s <<< FAILURE! -- in com.pos.system.controllers.ReportsControllerTest
[ERROR] com.pos.system.controllers.ReportsControllerTest.testReportsLoaded(FxRobot) -- Time elapsed: 0.003 s <<< ERROR!
java.lang.RuntimeException: java.lang.UnsupportedOperationException: Unable to open DISPLAY
	at org.testfx.util.WaitForAsyncUtils.waitFor(WaitForAsyncUtils.java:301)
	at org.testfx.api.FxToolkit.registerPrimaryStage(FxToolkit.java:113)
	at org.testfx.framework.junit5.ApplicationExtension.beforeEach(ApplicationExtension.java:81)
	at java.base/java.util.ArrayList.forEach(ArrayList.java:1596)
	at java.base/java.util.ArrayList.forEach(ArrayList.java:1596)
	Suppressed: java.util.concurrent.TimeoutException: FX Application Thread not running
		at org.testfx.api.FxToolkit.cleanupApplication(FxToolkit.java:180)
		at org.testfx.api.FxToolkit.cleanupAfterTest(FxToolkit.java:186)
		at org.testfx.framework.junit5.ApplicationExtension.afterEach(ApplicationExtension.java:87)
		... 2 more
Caused by: java.lang.UnsupportedOperationException: Unable to open DISPLAY
	at com.sun.glass.ui.gtk.GtkApplication.lambda$new$5(GtkApplication.java:164)
	at java.base/java.security.AccessController.doPrivileged(AccessController.java:319)
	at com.sun.glass.ui.gtk.GtkApplication.<init>(GtkApplication.java:162)
	at com.sun.glass.ui.gtk.GtkPlatformFactory.createApplication(GtkPlatformFactory.java:40)
	at com.sun.glass.ui.Application.run(Application.java:146)
	at com.sun.javafx.tk.quantum.QuantumToolkit.startup(QuantumToolkit.java:290)
	at com.sun.javafx.application.PlatformImpl.startup(PlatformImpl.java:292)
	at com.sun.javafx.application.PlatformImpl.startup(PlatformImpl.java:162)
	at com.sun.javafx.application.LauncherImpl.startToolkit(LauncherImpl.java:651)
	at com.sun.javafx.application.LauncherImpl.launchApplication1(LauncherImpl.java:671)
	at com.sun.javafx.application.LauncherImpl.lambda$launchApplication$2(LauncherImpl.java:196)
	at java.base/java.lang.Thread.run(Thread.java:1583)

[INFO] Running com.pos.system.controllers.UsersControllerTest
[ERROR] Tests run: 2, Failures: 0, Errors: 2, Skipped: 0, Time elapsed: 0.011 s <<< FAILURE! -- in com.pos.system.controllers.UsersControllerTest
[ERROR] com.pos.system.controllers.UsersControllerTest.testAddUser(FxRobot) -- Time elapsed: 0.004 s <<< ERROR!
java.lang.RuntimeException: java.lang.UnsupportedOperationException: Unable to open DISPLAY
	at org.testfx.util.WaitForAsyncUtils.waitFor(WaitForAsyncUtils.java:301)
	at org.testfx.api.FxToolkit.registerPrimaryStage(FxToolkit.java:113)
	at org.testfx.framework.junit5.ApplicationExtension.beforeEach(ApplicationExtension.java:81)
	at java.base/java.util.ArrayList.forEach(ArrayList.java:1596)
	at java.base/java.util.ArrayList.forEach(ArrayList.java:1596)
	Suppressed: java.util.concurrent.TimeoutException: FX Application Thread not running
		at org.testfx.api.FxToolkit.cleanupApplication(FxToolkit.java:180)
		at org.testfx.api.FxToolkit.cleanupAfterTest(FxToolkit.java:186)
		at org.testfx.framework.junit5.ApplicationExtension.afterEach(ApplicationExtension.java:87)
		... 2 more
Caused by: java.lang.UnsupportedOperationException: Unable to open DISPLAY
	at com.sun.glass.ui.gtk.GtkApplication.lambda$new$5(GtkApplication.java:164)
	at java.base/java.security.AccessController.doPrivileged(AccessController.java:319)
	at com.sun.glass.ui.gtk.GtkApplication.<init>(GtkApplication.java:162)
	at com.sun.glass.ui.gtk.GtkPlatformFactory.createApplication(GtkPlatformFactory.java:40)
	at com.sun.glass.ui.Application.run(Application.java:146)
	at com.sun.javafx.tk.quantum.QuantumToolkit.startup(QuantumToolkit.java:290)
	at com.sun.javafx.application.PlatformImpl.startup(PlatformImpl.java:292)
	at com.sun.javafx.application.PlatformImpl.startup(PlatformImpl.java:162)
	at com.sun.javafx.application.LauncherImpl.startToolkit(LauncherImpl.java:651)
	at com.sun.javafx.application.LauncherImpl.launchApplication1(LauncherImpl.java:671)
	at com.sun.javafx.application.LauncherImpl.lambda$launchApplication$2(LauncherImpl.java:196)
	at java.base/java.lang.Thread.run(Thread.java:1583)

[ERROR] com.pos.system.controllers.UsersControllerTest.testLoadUsers(FxRobot) -- Time elapsed: 0.004 s <<< ERROR!
java.lang.RuntimeException: java.lang.UnsupportedOperationException: Unable to open DISPLAY
	at org.testfx.util.WaitForAsyncUtils.waitFor(WaitForAsyncUtils.java:301)
	at org.testfx.api.FxToolkit.registerPrimaryStage(FxToolkit.java:113)
	at org.testfx.framework.junit5.ApplicationExtension.beforeEach(ApplicationExtension.java:81)
	at java.base/java.util.ArrayList.forEach(ArrayList.java:1596)
	at java.base/java.util.ArrayList.forEach(ArrayList.java:1596)
	Suppressed: java.util.concurrent.TimeoutException: FX Application Thread not running
		at org.testfx.api.FxToolkit.cleanupApplication(FxToolkit.java:180)
		at org.testfx.api.FxToolkit.cleanupAfterTest(FxToolkit.java:186)
		at org.testfx.framework.junit5.ApplicationExtension.afterEach(ApplicationExtension.java:87)
		... 2 more
Caused by: java.lang.UnsupportedOperationException: Unable to open DISPLAY
	at com.sun.glass.ui.gtk.GtkApplication.lambda$new$5(GtkApplication.java:164)
	at java.base/java.security.AccessController.doPrivileged(AccessController.java:319)
	at com.sun.glass.ui.gtk.GtkApplication.<init>(GtkApplication.java:162)
	at com.sun.glass.ui.gtk.GtkPlatformFactory.createApplication(GtkPlatformFactory.java:40)
	at com.sun.glass.ui.Application.run(Application.java:146)
	at com.sun.javafx.tk.quantum.QuantumToolkit.startup(QuantumToolkit.java:290)
	at com.sun.javafx.application.PlatformImpl.startup(PlatformImpl.java:292)
	at com.sun.javafx.application.PlatformImpl.startup(PlatformImpl.java:162)
	at com.sun.javafx.application.LauncherImpl.startToolkit(LauncherImpl.java:651)
	at com.sun.javafx.application.LauncherImpl.launchApplication1(LauncherImpl.java:671)
	at com.sun.javafx.application.LauncherImpl.lambda$launchApplication$2(LauncherImpl.java:196)
	at java.base/java.lang.Thread.run(Thread.java:1583)

[INFO] Running com.pos.system.controllers.LoginControllerTest
[ERROR] Tests run: 3, Failures: 0, Errors: 3, Skipped: 0, Time elapsed: 0.012 s <<< FAILURE! -- in com.pos.system.controllers.LoginControllerTest
[ERROR] com.pos.system.controllers.LoginControllerTest.testValidLogin(FxRobot) -- Time elapsed: 0.003 s <<< ERROR!
java.lang.RuntimeException: java.lang.UnsupportedOperationException: Unable to open DISPLAY
	at org.testfx.util.WaitForAsyncUtils.waitFor(WaitForAsyncUtils.java:301)
	at org.testfx.api.FxToolkit.registerPrimaryStage(FxToolkit.java:113)
	at org.testfx.framework.junit5.ApplicationExtension.beforeEach(ApplicationExtension.java:81)
	at java.base/java.util.ArrayList.forEach(ArrayList.java:1596)
	at java.base/java.util.ArrayList.forEach(ArrayList.java:1596)
	Suppressed: java.util.concurrent.TimeoutException: FX Application Thread not running
		at org.testfx.api.FxToolkit.cleanupApplication(FxToolkit.java:180)
		at org.testfx.api.FxToolkit.cleanupAfterTest(FxToolkit.java:186)
		at org.testfx.framework.junit5.ApplicationExtension.afterEach(ApplicationExtension.java:87)
		... 2 more
Caused by: java.lang.UnsupportedOperationException: Unable to open DISPLAY
	at com.sun.glass.ui.gtk.GtkApplication.lambda$new$5(GtkApplication.java:164)
	at java.base/java.security.AccessController.doPrivileged(AccessController.java:319)
	at com.sun.glass.ui.gtk.GtkApplication.<init>(GtkApplication.java:162)
	at com.sun.glass.ui.gtk.GtkPlatformFactory.createApplication(GtkPlatformFactory.java:40)
	at com.sun.glass.ui.Application.run(Application.java:146)
	at com.sun.javafx.tk.quantum.QuantumToolkit.startup(QuantumToolkit.java:290)
	at com.sun.javafx.application.PlatformImpl.startup(PlatformImpl.java:292)
	at com.sun.javafx.application.PlatformImpl.startup(PlatformImpl.java:162)
	at com.sun.javafx.application.LauncherImpl.startToolkit(LauncherImpl.java:651)
	at com.sun.javafx.application.LauncherImpl.launchApplication1(LauncherImpl.java:671)
	at com.sun.javafx.application.LauncherImpl.lambda$launchApplication$2(LauncherImpl.java:196)
	at java.base/java.lang.Thread.run(Thread.java:1583)

[ERROR] com.pos.system.controllers.LoginControllerTest.testInvalidLoginShowsError(FxRobot) -- Time elapsed: 0.002 s <<< ERROR!
java.lang.RuntimeException: java.lang.UnsupportedOperationException: Unable to open DISPLAY
	at org.testfx.util.WaitForAsyncUtils.waitFor(WaitForAsyncUtils.java:301)
	at org.testfx.api.FxToolkit.registerPrimaryStage(FxToolkit.java:113)
	at org.testfx.framework.junit5.ApplicationExtension.beforeEach(ApplicationExtension.java:81)
	at java.base/java.util.ArrayList.forEach(ArrayList.java:1596)
	at java.base/java.util.ArrayList.forEach(ArrayList.java:1596)
	Suppressed: java.util.concurrent.TimeoutException: FX Application Thread not running
		at org.testfx.api.FxToolkit.cleanupApplication(FxToolkit.java:180)
		at org.testfx.api.FxToolkit.cleanupAfterTest(FxToolkit.java:186)
		at org.testfx.framework.junit5.ApplicationExtension.afterEach(ApplicationExtension.java:87)
		... 2 more
Caused by: java.lang.UnsupportedOperationException: Unable to open DISPLAY
	at com.sun.glass.ui.gtk.GtkApplication.lambda$new$5(GtkApplication.java:164)
	at java.base/java.security.AccessController.doPrivileged(AccessController.java:319)
	at com.sun.glass.ui.gtk.GtkApplication.<init>(GtkApplication.java:162)
	at com.sun.glass.ui.gtk.GtkPlatformFactory.createApplication(GtkPlatformFactory.java:40)
	at com.sun.glass.ui.Application.run(Application.java:146)
	at com.sun.javafx.tk.quantum.QuantumToolkit.startup(QuantumToolkit.java:290)
	at com.sun.javafx.application.PlatformImpl.startup(PlatformImpl.java:292)
	at com.sun.javafx.application.PlatformImpl.startup(PlatformImpl.java:162)
	at com.sun.javafx.application.LauncherImpl.startToolkit(LauncherImpl.java:651)
	at com.sun.javafx.application.LauncherImpl.launchApplication1(LauncherImpl.java:671)
	at com.sun.javafx.application.LauncherImpl.lambda$launchApplication$2(LauncherImpl.java:196)
	at java.base/java.lang.Thread.run(Thread.java:1583)

[ERROR] com.pos.system.controllers.LoginControllerTest.testEmptyFieldsShowError(FxRobot) -- Time elapsed: 0.003 s <<< ERROR!
java.lang.RuntimeException: java.lang.UnsupportedOperationException: Unable to open DISPLAY
	at org.testfx.util.WaitForAsyncUtils.waitFor(WaitForAsyncUtils.java:301)
	at org.testfx.api.FxToolkit.registerPrimaryStage(FxToolkit.java:113)
	at org.testfx.framework.junit5.ApplicationExtension.beforeEach(ApplicationExtension.java:81)
	at java.base/java.util.ArrayList.forEach(ArrayList.java:1596)
	at java.base/java.util.ArrayList.forEach(ArrayList.java:1596)
	Suppressed: java.util.concurrent.TimeoutException: FX Application Thread not running
		at org.testfx.api.FxToolkit.cleanupApplication(FxToolkit.java:180)
		at org.testfx.api.FxToolkit.cleanupAfterTest(FxToolkit.java:186)
		at org.testfx.framework.junit5.ApplicationExtension.afterEach(ApplicationExtension.java:87)
		... 2 more
Caused by: java.lang.UnsupportedOperationException: Unable to open DISPLAY
	at com.sun.glass.ui.gtk.GtkApplication.lambda$new$5(GtkApplication.java:164)
	at java.base/java.security.AccessController.doPrivileged(AccessController.java:319)
	at com.sun.glass.ui.gtk.GtkApplication.<init>(GtkApplication.java:162)
	at com.sun.glass.ui.gtk.GtkPlatformFactory.createApplication(GtkPlatformFactory.java:40)
	at com.sun.glass.ui.Application.run(Application.java:146)
	at com.sun.javafx.tk.quantum.QuantumToolkit.startup(QuantumToolkit.java:290)
	at com.sun.javafx.application.PlatformImpl.startup(PlatformImpl.java:292)
	at com.sun.javafx.application.PlatformImpl.startup(PlatformImpl.java:162)
	at com.sun.javafx.application.LauncherImpl.startToolkit(LauncherImpl.java:651)
	at com.sun.javafx.application.LauncherImpl.launchApplication1(LauncherImpl.java:671)
	at com.sun.javafx.application.LauncherImpl.lambda$launchApplication$2(LauncherImpl.java:196)
	at java.base/java.lang.Thread.run(Thread.java:1583)

[INFO] Running com.pos.system.controllers.POSControllerTest
[ERROR] Tests run: 2, Failures: 0, Errors: 2, Skipped: 0, Time elapsed: 0.009 s <<< FAILURE! -- in com.pos.system.controllers.POSControllerTest
[ERROR] com.pos.system.controllers.POSControllerTest.testSearchFunctionality(FxRobot) -- Time elapsed: 0.002 s <<< ERROR!
java.lang.RuntimeException: java.lang.UnsupportedOperationException: Unable to open DISPLAY
	at org.testfx.util.WaitForAsyncUtils.waitFor(WaitForAsyncUtils.java:301)
	at org.testfx.api.FxToolkit.registerPrimaryStage(FxToolkit.java:113)
	at org.testfx.framework.junit5.ApplicationExtension.beforeEach(ApplicationExtension.java:81)
	at java.base/java.util.ArrayList.forEach(ArrayList.java:1596)
	at java.base/java.util.ArrayList.forEach(ArrayList.java:1596)
	Suppressed: java.util.concurrent.TimeoutException: FX Application Thread not running
		at org.testfx.api.FxToolkit.cleanupApplication(FxToolkit.java:180)
		at org.testfx.api.FxToolkit.cleanupAfterTest(FxToolkit.java:186)
		at org.testfx.framework.junit5.ApplicationExtension.afterEach(ApplicationExtension.java:87)
		... 2 more
Caused by: java.lang.UnsupportedOperationException: Unable to open DISPLAY
	at com.sun.glass.ui.gtk.GtkApplication.lambda$new$5(GtkApplication.java:164)
	at java.base/java.security.AccessController.doPrivileged(AccessController.java:319)
	at com.sun.glass.ui.gtk.GtkApplication.<init>(GtkApplication.java:162)
	at com.sun.glass.ui.gtk.GtkPlatformFactory.createApplication(GtkPlatformFactory.java:40)
	at com.sun.glass.ui.Application.run(Application.java:146)
	at com.sun.javafx.tk.quantum.QuantumToolkit.startup(QuantumToolkit.java:290)
	at com.sun.javafx.application.PlatformImpl.startup(PlatformImpl.java:292)
	at com.sun.javafx.application.PlatformImpl.startup(PlatformImpl.java:162)
	at com.sun.javafx.application.LauncherImpl.startToolkit(LauncherImpl.java:651)
	at com.sun.javafx.application.LauncherImpl.launchApplication1(LauncherImpl.java:671)
	at com.sun.javafx.application.LauncherImpl.lambda$launchApplication$2(LauncherImpl.java:196)
	at java.base/java.lang.Thread.run(Thread.java:1583)

[ERROR] com.pos.system.controllers.POSControllerTest.testProductsLoadedAndTotalUpdates(FxRobot) -- Time elapsed: 0.003 s <<< ERROR!
java.lang.RuntimeException: java.lang.UnsupportedOperationException: Unable to open DISPLAY
	at org.testfx.util.WaitForAsyncUtils.waitFor(WaitForAsyncUtils.java:301)
	at org.testfx.api.FxToolkit.registerPrimaryStage(FxToolkit.java:113)
	at org.testfx.framework.junit5.ApplicationExtension.beforeEach(ApplicationExtension.java:81)
	at java.base/java.util.ArrayList.forEach(ArrayList.java:1596)
	at java.base/java.util.ArrayList.forEach(ArrayList.java:1596)
	Suppressed: java.util.concurrent.TimeoutException: FX Application Thread not running
		at org.testfx.api.FxToolkit.cleanupApplication(FxToolkit.java:180)
		at org.testfx.api.FxToolkit.cleanupAfterTest(FxToolkit.java:186)
		at org.testfx.framework.junit5.ApplicationExtension.afterEach(ApplicationExtension.java:87)
		... 2 more
Caused by: java.lang.UnsupportedOperationException: Unable to open DISPLAY
	at com.sun.glass.ui.gtk.GtkApplication.lambda$new$5(GtkApplication.java:164)
	at java.base/java.security.AccessController.doPrivileged(AccessController.java:319)
	at com.sun.glass.ui.gtk.GtkApplication.<init>(GtkApplication.java:162)
	at com.sun.glass.ui.gtk.GtkPlatformFactory.createApplication(GtkPlatformFactory.java:40)
	at com.sun.glass.ui.Application.run(Application.java:146)
	at com.sun.javafx.tk.quantum.QuantumToolkit.startup(QuantumToolkit.java:290)
	at com.sun.javafx.application.PlatformImpl.startup(PlatformImpl.java:292)
	at com.sun.javafx.application.PlatformImpl.startup(PlatformImpl.java:162)
	at com.sun.javafx.application.LauncherImpl.startToolkit(LauncherImpl.java:651)
	at com.sun.javafx.application.LauncherImpl.launchApplication1(LauncherImpl.java:671)
	at com.sun.javafx.application.LauncherImpl.lambda$launchApplication$2(LauncherImpl.java:196)
	at java.base/java.lang.Thread.run(Thread.java:1583)

[INFO] Running com.pos.system.controllers.DashboardControllerTest
[ERROR] Tests run: 1, Failures: 0, Errors: 1, Skipped: 0, Time elapsed: 0.003 s <<< FAILURE! -- in com.pos.system.controllers.DashboardControllerTest
[ERROR] com.pos.system.controllers.DashboardControllerTest.testCashierUserOptionsHidden(FxRobot) -- Time elapsed: 0.002 s <<< ERROR!
java.lang.RuntimeException: java.lang.UnsupportedOperationException: Unable to open DISPLAY
	at org.testfx.util.WaitForAsyncUtils.waitFor(WaitForAsyncUtils.java:301)
	at org.testfx.api.FxToolkit.registerPrimaryStage(FxToolkit.java:113)
	at org.testfx.framework.junit5.ApplicationExtension.beforeEach(ApplicationExtension.java:81)
	at java.base/java.util.ArrayList.forEach(ArrayList.java:1596)
	at java.base/java.util.ArrayList.forEach(ArrayList.java:1596)
	Suppressed: java.util.concurrent.TimeoutException: FX Application Thread not running
		at org.testfx.api.FxToolkit.cleanupApplication(FxToolkit.java:180)
		at org.testfx.api.FxToolkit.cleanupAfterTest(FxToolkit.java:186)
		at org.testfx.framework.junit5.ApplicationExtension.afterEach(ApplicationExtension.java:87)
		... 2 more
Caused by: java.lang.UnsupportedOperationException: Unable to open DISPLAY
	at com.sun.glass.ui.gtk.GtkApplication.lambda$new$5(GtkApplication.java:164)
	at java.base/java.security.AccessController.doPrivileged(AccessController.java:319)
	at com.sun.glass.ui.gtk.GtkApplication.<init>(GtkApplication.java:162)
	at com.sun.glass.ui.gtk.GtkPlatformFactory.createApplication(GtkPlatformFactory.java:40)
	at com.sun.glass.ui.Application.run(Application.java:146)
	at com.sun.javafx.tk.quantum.QuantumToolkit.startup(QuantumToolkit.java:290)
	at com.sun.javafx.application.PlatformImpl.startup(PlatformImpl.java:292)
	at com.sun.javafx.application.PlatformImpl.startup(PlatformImpl.java:162)
	at com.sun.javafx.application.LauncherImpl.startToolkit(LauncherImpl.java:651)
	at com.sun.javafx.application.LauncherImpl.launchApplication1(LauncherImpl.java:671)
	at com.sun.javafx.application.LauncherImpl.lambda$launchApplication$2(LauncherImpl.java:196)
	at java.base/java.lang.Thread.run(Thread.java:1583)

[INFO] Running com.pos.system.controllers.AddProductControllerTest
[ERROR] Tests run: 1, Failures: 0, Errors: 1, Skipped: 0, Time elapsed: 0.009 s <<< FAILURE! -- in com.pos.system.controllers.AddProductControllerTest
[ERROR] com.pos.system.controllers.AddProductControllerTest.testAddNewProduct(FxRobot) -- Time elapsed: 0.007 s <<< ERROR!
java.lang.RuntimeException: java.lang.UnsupportedOperationException: Unable to open DISPLAY
	at org.testfx.util.WaitForAsyncUtils.waitFor(WaitForAsyncUtils.java:301)
	at org.testfx.api.FxToolkit.registerPrimaryStage(FxToolkit.java:113)
	at org.testfx.framework.junit5.ApplicationExtension.beforeEach(ApplicationExtension.java:81)
	at java.base/java.util.ArrayList.forEach(ArrayList.java:1596)
	at java.base/java.util.ArrayList.forEach(ArrayList.java:1596)
	Suppressed: java.util.concurrent.TimeoutException: FX Application Thread not running
		at org.testfx.api.FxToolkit.cleanupApplication(FxToolkit.java:180)
		at org.testfx.api.FxToolkit.cleanupAfterTest(FxToolkit.java:186)
		at org.testfx.framework.junit5.ApplicationExtension.afterEach(ApplicationExtension.java:87)
		... 2 more
Caused by: java.lang.UnsupportedOperationException: Unable to open DISPLAY
	at com.sun.glass.ui.gtk.GtkApplication.lambda$new$5(GtkApplication.java:164)
	at java.base/java.security.AccessController.doPrivileged(AccessController.java:319)
	at com.sun.glass.ui.gtk.GtkApplication.<init>(GtkApplication.java:162)
	at com.sun.glass.ui.gtk.GtkPlatformFactory.createApplication(GtkPlatformFactory.java:40)
	at com.sun.glass.ui.Application.run(Application.java:146)
	at com.sun.javafx.tk.quantum.QuantumToolkit.startup(QuantumToolkit.java:290)
	at com.sun.javafx.application.PlatformImpl.startup(PlatformImpl.java:292)
	at com.sun.javafx.application.PlatformImpl.startup(PlatformImpl.java:162)
	at com.sun.javafx.application.LauncherImpl.startToolkit(LauncherImpl.java:651)
	at com.sun.javafx.application.LauncherImpl.launchApplication1(LauncherImpl.java:671)
	at com.sun.javafx.application.LauncherImpl.lambda$launchApplication$2(LauncherImpl.java:196)
	at java.base/java.lang.Thread.run(Thread.java:1583)

[INFO] Running com.pos.system.controllers.FinanceControllerTest
[ERROR] Tests run: 2, Failures: 0, Errors: 2, Skipped: 0, Time elapsed: 0.008 s <<< FAILURE! -- in com.pos.system.controllers.FinanceControllerTest
[ERROR] com.pos.system.controllers.FinanceControllerTest.testAddExpense(FxRobot) -- Time elapsed: 0.003 s <<< ERROR!
java.lang.RuntimeException: java.lang.UnsupportedOperationException: Unable to open DISPLAY
	at org.testfx.util.WaitForAsyncUtils.waitFor(WaitForAsyncUtils.java:301)
	at org.testfx.api.FxToolkit.registerPrimaryStage(FxToolkit.java:113)
	at org.testfx.framework.junit5.ApplicationExtension.beforeEach(ApplicationExtension.java:81)
	at java.base/java.util.ArrayList.forEach(ArrayList.java:1596)
	at java.base/java.util.ArrayList.forEach(ArrayList.java:1596)
	Suppressed: java.util.concurrent.TimeoutException: FX Application Thread not running
		at org.testfx.api.FxToolkit.cleanupApplication(FxToolkit.java:180)
		at org.testfx.api.FxToolkit.cleanupAfterTest(FxToolkit.java:186)
		at org.testfx.framework.junit5.ApplicationExtension.afterEach(ApplicationExtension.java:87)
		... 2 more
Caused by: java.lang.UnsupportedOperationException: Unable to open DISPLAY
	at com.sun.glass.ui.gtk.GtkApplication.lambda$new$5(GtkApplication.java:164)
	at java.base/java.security.AccessController.doPrivileged(AccessController.java:319)
	at com.sun.glass.ui.gtk.GtkApplication.<init>(GtkApplication.java:162)
	at com.sun.glass.ui.gtk.GtkPlatformFactory.createApplication(GtkPlatformFactory.java:40)
	at com.sun.glass.ui.Application.run(Application.java:146)
	at com.sun.javafx.tk.quantum.QuantumToolkit.startup(QuantumToolkit.java:290)
	at com.sun.javafx.application.PlatformImpl.startup(PlatformImpl.java:292)
	at com.sun.javafx.application.PlatformImpl.startup(PlatformImpl.java:162)
	at com.sun.javafx.application.LauncherImpl.startToolkit(LauncherImpl.java:651)
	at com.sun.javafx.application.LauncherImpl.launchApplication1(LauncherImpl.java:671)
	at com.sun.javafx.application.LauncherImpl.lambda$launchApplication$2(LauncherImpl.java:196)
	at java.base/java.lang.Thread.run(Thread.java:1583)

[ERROR] com.pos.system.controllers.FinanceControllerTest.testFinanceLoadsDataOnStart(FxRobot) -- Time elapsed: 0.002 s <<< ERROR!
java.lang.RuntimeException: java.lang.UnsupportedOperationException: Unable to open DISPLAY
	at org.testfx.util.WaitForAsyncUtils.waitFor(WaitForAsyncUtils.java:301)
	at org.testfx.api.FxToolkit.registerPrimaryStage(FxToolkit.java:113)
	at org.testfx.framework.junit5.ApplicationExtension.beforeEach(ApplicationExtension.java:81)
	at java.base/java.util.ArrayList.forEach(ArrayList.java:1596)
	at java.base/java.util.ArrayList.forEach(ArrayList.java:1596)
	Suppressed: java.util.concurrent.TimeoutException: FX Application Thread not running
		at org.testfx.api.FxToolkit.cleanupApplication(FxToolkit.java:180)
		at org.testfx.api.FxToolkit.cleanupAfterTest(FxToolkit.java:186)
		at org.testfx.framework.junit5.ApplicationExtension.afterEach(ApplicationExtension.java:87)
		... 2 more
Caused by: java.lang.UnsupportedOperationException: Unable to open DISPLAY
	at com.sun.glass.ui.gtk.GtkApplication.lambda$new$5(GtkApplication.java:164)
	at java.base/java.security.AccessController.doPrivileged(AccessController.java:319)
	at com.sun.glass.ui.gtk.GtkApplication.<init>(GtkApplication.java:162)
	at com.sun.glass.ui.gtk.GtkPlatformFactory.createApplication(GtkPlatformFactory.java:40)
	at com.sun.glass.ui.Application.run(Application.java:146)
	at com.sun.javafx.tk.quantum.QuantumToolkit.startup(QuantumToolkit.java:290)
	at com.sun.javafx.application.PlatformImpl.startup(PlatformImpl.java:292)
	at com.sun.javafx.application.PlatformImpl.startup(PlatformImpl.java:162)
	at com.sun.javafx.application.LauncherImpl.startToolkit(LauncherImpl.java:651)
	at com.sun.javafx.application.LauncherImpl.launchApplication1(LauncherImpl.java:671)
	at com.sun.javafx.application.LauncherImpl.lambda$launchApplication$2(LauncherImpl.java:196)
	at java.base/java.lang.Thread.run(Thread.java:1583)

[INFO] Running com.pos.system.dao.UserDAOTest
15:41:40.514 [main] WARN com.pos.system.dao.UserDAOTest -- Statement failed (expected for ALTER TABLE on new schema): -- Migration for existing databases
ALTER TABLE users
ADD COLUMN force_password_change BOOLEAN DEFAULT 0 - [SQLITE_ERROR] SQL error or missing database (duplicate column name: force_password_change)
15:41:40.515 [main] WARN com.pos.system.dao.UserDAOTest -- Statement failed (expected for ALTER TABLE on new schema): -- Migration: Add image_path if missing (for existing databases)
ALTER TABLE products
ADD COLUMN image_path TEXT - [SQLITE_ERROR] SQL error or missing database (duplicate column name: image_path)
15:41:40.515 [main] WARN com.pos.system.dao.UserDAOTest -- Statement failed (expected for ALTER TABLE on new schema): ALTER TABLE products
ADD COLUMN image_blob BLOB - [SQLITE_ERROR] SQL error or missing database (duplicate column name: image_blob)
15:41:40.515 [main] WARN com.pos.system.dao.UserDAOTest -- Statement failed (expected for ALTER TABLE on new schema): -- Migrations for existing databases
ALTER TABLE sales
ADD COLUMN subtotal REAL DEFAULT 0.0 - [SQLITE_ERROR] SQL error or missing database (duplicate column name: subtotal)
15:41:40.516 [main] WARN com.pos.system.dao.UserDAOTest -- Statement failed (expected for ALTER TABLE on new schema): ALTER TABLE sales
ADD COLUMN tax_amount REAL DEFAULT 0.0 - [SQLITE_ERROR] SQL error or missing database (duplicate column name: tax_amount)
15:41:40.516 [main] WARN com.pos.system.dao.UserDAOTest -- Statement failed (expected for ALTER TABLE on new schema): ALTER TABLE sales
ADD COLUMN discount_amount REAL DEFAULT 0.0 - [SQLITE_ERROR] SQL error or missing database (duplicate column name: discount_amount)
15:41:40.516 [main] WARN com.pos.system.dao.UserDAOTest -- Statement failed (expected for ALTER TABLE on new schema): -- Migrations for existing databases
ALTER TABLE sale_items
ADD COLUMN discount_amount REAL DEFAULT 0.0 - [SQLITE_ERROR] SQL error or missing database (duplicate column name: discount_amount)
15:41:40.516 [main] WARN com.pos.system.dao.UserDAOTest -- Statement failed (expected for ALTER TABLE on new schema): ALTER TABLE sale_items
ADD COLUMN tax_amount REAL DEFAULT 0.0 - [SQLITE_ERROR] SQL error or missing database (duplicate column name: tax_amount)
15:41:40.518 [main] INFO com.pos.system.dao.UserDAOTest -- In-memory database schema initialized.
15:41:40.529 [main] WARN com.pos.system.dao.UserDAOTest -- Statement failed (expected for ALTER TABLE on new schema): -- Migration for existing databases
ALTER TABLE users
ADD COLUMN force_password_change BOOLEAN DEFAULT 0 - [SQLITE_ERROR] SQL error or missing database (duplicate column name: force_password_change)
15:41:40.530 [main] WARN com.pos.system.dao.UserDAOTest -- Statement failed (expected for ALTER TABLE on new schema): -- Migration: Add image_path if missing (for existing databases)
ALTER TABLE products
ADD COLUMN image_path TEXT - [SQLITE_ERROR] SQL error or missing database (duplicate column name: image_path)
15:41:40.530 [main] WARN com.pos.system.dao.UserDAOTest -- Statement failed (expected for ALTER TABLE on new schema): ALTER TABLE products
ADD COLUMN image_blob BLOB - [SQLITE_ERROR] SQL error or missing database (duplicate column name: image_blob)
15:41:40.531 [main] WARN com.pos.system.dao.UserDAOTest -- Statement failed (expected for ALTER TABLE on new schema): -- Migrations for existing databases
ALTER TABLE sales
ADD COLUMN subtotal REAL DEFAULT 0.0 - [SQLITE_ERROR] SQL error or missing database (duplicate column name: subtotal)
15:41:40.531 [main] WARN com.pos.system.dao.UserDAOTest -- Statement failed (expected for ALTER TABLE on new schema): ALTER TABLE sales
ADD COLUMN tax_amount REAL DEFAULT 0.0 - [SQLITE_ERROR] SQL error or missing database (duplicate column name: tax_amount)
15:41:40.531 [main] WARN com.pos.system.dao.UserDAOTest -- Statement failed (expected for ALTER TABLE on new schema): ALTER TABLE sales
ADD COLUMN discount_amount REAL DEFAULT 0.0 - [SQLITE_ERROR] SQL error or missing database (duplicate column name: discount_amount)
15:41:40.532 [main] WARN com.pos.system.dao.UserDAOTest -- Statement failed (expected for ALTER TABLE on new schema): -- Migrations for existing databases
ALTER TABLE sale_items
ADD COLUMN discount_amount REAL DEFAULT 0.0 - [SQLITE_ERROR] SQL error or missing database (duplicate column name: discount_amount)
15:41:40.532 [main] WARN com.pos.system.dao.UserDAOTest -- Statement failed (expected for ALTER TABLE on new schema): ALTER TABLE sale_items
ADD COLUMN tax_amount REAL DEFAULT 0.0 - [SQLITE_ERROR] SQL error or missing database (duplicate column name: tax_amount)
15:41:40.533 [main] INFO com.pos.system.dao.UserDAOTest -- In-memory database schema initialized.
15:41:40.546 [main] WARN com.pos.system.dao.UserDAOTest -- Statement failed (expected for ALTER TABLE on new schema): -- Migration for existing databases
ALTER TABLE users
ADD COLUMN force_password_change BOOLEAN DEFAULT 0 - [SQLITE_ERROR] SQL error or missing database (duplicate column name: force_password_change)
15:41:40.547 [main] WARN com.pos.system.dao.UserDAOTest -- Statement failed (expected for ALTER TABLE on new schema): -- Migration: Add image_path if missing (for existing databases)
ALTER TABLE products
ADD COLUMN image_path TEXT - [SQLITE_ERROR] SQL error or missing database (duplicate column name: image_path)
15:41:40.547 [main] WARN com.pos.system.dao.UserDAOTest -- Statement failed (expected for ALTER TABLE on new schema): ALTER TABLE products
ADD COLUMN image_blob BLOB - [SQLITE_ERROR] SQL error or missing database (duplicate column name: image_blob)
15:41:40.548 [main] WARN com.pos.system.dao.UserDAOTest -- Statement failed (expected for ALTER TABLE on new schema): -- Migrations for existing databases
ALTER TABLE sales
ADD COLUMN subtotal REAL DEFAULT 0.0 - [SQLITE_ERROR] SQL error or missing database (duplicate column name: subtotal)
15:41:40.548 [main] WARN com.pos.system.dao.UserDAOTest -- Statement failed (expected for ALTER TABLE on new schema): ALTER TABLE sales
ADD COLUMN tax_amount REAL DEFAULT 0.0 - [SQLITE_ERROR] SQL error or missing database (duplicate column name: tax_amount)
15:41:40.548 [main] WARN com.pos.system.dao.UserDAOTest -- Statement failed (expected for ALTER TABLE on new schema): ALTER TABLE sales
ADD COLUMN discount_amount REAL DEFAULT 0.0 - [SQLITE_ERROR] SQL error or missing database (duplicate column name: discount_amount)
15:41:40.548 [main] WARN com.pos.system.dao.UserDAOTest -- Statement failed (expected for ALTER TABLE on new schema): -- Migrations for existing databases
ALTER TABLE sale_items
ADD COLUMN discount_amount REAL DEFAULT 0.0 - [SQLITE_ERROR] SQL error or missing database (duplicate column name: discount_amount)
15:41:40.549 [main] WARN com.pos.system.dao.UserDAOTest -- Statement failed (expected for ALTER TABLE on new schema): ALTER TABLE sale_items
ADD COLUMN tax_amount REAL DEFAULT 0.0 - [SQLITE_ERROR] SQL error or missing database (duplicate column name: tax_amount)
15:41:40.549 [main] INFO com.pos.system.dao.UserDAOTest -- In-memory database schema initialized.
15:41:40.555 [main] WARN com.pos.system.dao.UserDAOTest -- Statement failed (expected for ALTER TABLE on new schema): -- Migration for existing databases
ALTER TABLE users
ADD COLUMN force_password_change BOOLEAN DEFAULT 0 - [SQLITE_ERROR] SQL error or missing database (duplicate column name: force_password_change)
15:41:40.556 [main] WARN com.pos.system.dao.UserDAOTest -- Statement failed (expected for ALTER TABLE on new schema): -- Migration: Add image_path if missing (for existing databases)
ALTER TABLE products
ADD COLUMN image_path TEXT - [SQLITE_ERROR] SQL error or missing database (duplicate column name: image_path)
15:41:40.556 [main] WARN com.pos.system.dao.UserDAOTest -- Statement failed (expected for ALTER TABLE on new schema): ALTER TABLE products
ADD COLUMN image_blob BLOB - [SQLITE_ERROR] SQL error or missing database (duplicate column name: image_blob)
15:41:40.557 [main] WARN com.pos.system.dao.UserDAOTest -- Statement failed (expected for ALTER TABLE on new schema): -- Migrations for existing databases
ALTER TABLE sales
ADD COLUMN subtotal REAL DEFAULT 0.0 - [SQLITE_ERROR] SQL error or missing database (duplicate column name: subtotal)
15:41:40.557 [main] WARN com.pos.system.dao.UserDAOTest -- Statement failed (expected for ALTER TABLE on new schema): ALTER TABLE sales
ADD COLUMN tax_amount REAL DEFAULT 0.0 - [SQLITE_ERROR] SQL error or missing database (duplicate column name: tax_amount)
15:41:40.557 [main] WARN com.pos.system.dao.UserDAOTest -- Statement failed (expected for ALTER TABLE on new schema): ALTER TABLE sales
ADD COLUMN discount_amount REAL DEFAULT 0.0 - [SQLITE_ERROR] SQL error or missing database (duplicate column name: discount_amount)
15:41:40.558 [main] WARN com.pos.system.dao.UserDAOTest -- Statement failed (expected for ALTER TABLE on new schema): -- Migrations for existing databases
ALTER TABLE sale_items
ADD COLUMN discount_amount REAL DEFAULT 0.0 - [SQLITE_ERROR] SQL error or missing database (duplicate column name: discount_amount)
15:41:40.558 [main] WARN com.pos.system.dao.UserDAOTest -- Statement failed (expected for ALTER TABLE on new schema): ALTER TABLE sale_items
ADD COLUMN tax_amount REAL DEFAULT 0.0 - [SQLITE_ERROR] SQL error or missing database (duplicate column name: tax_amount)
15:41:40.559 [main] INFO com.pos.system.dao.UserDAOTest -- In-memory database schema initialized.
15:41:40.563 [main] WARN com.pos.system.dao.UserDAOTest -- Statement failed (expected for ALTER TABLE on new schema): -- Migration for existing databases
ALTER TABLE users
ADD COLUMN force_password_change BOOLEAN DEFAULT 0 - [SQLITE_ERROR] SQL error or missing database (duplicate column name: force_password_change)
15:41:40.564 [main] WARN com.pos.system.dao.UserDAOTest -- Statement failed (expected for ALTER TABLE on new schema): -- Migration: Add image_path if missing (for existing databases)
ALTER TABLE products
ADD COLUMN image_path TEXT - [SQLITE_ERROR] SQL error or missing database (duplicate column name: image_path)
15:41:40.564 [main] WARN com.pos.system.dao.UserDAOTest -- Statement failed (expected for ALTER TABLE on new schema): ALTER TABLE products
ADD COLUMN image_blob BLOB - [SQLITE_ERROR] SQL error or missing database (duplicate column name: image_blob)
15:41:40.565 [main] WARN com.pos.system.dao.UserDAOTest -- Statement failed (expected for ALTER TABLE on new schema): -- Migrations for existing databases
ALTER TABLE sales
ADD COLUMN subtotal REAL DEFAULT 0.0 - [SQLITE_ERROR] SQL error or missing database (duplicate column name: subtotal)
15:41:40.565 [main] WARN com.pos.system.dao.UserDAOTest -- Statement failed (expected for ALTER TABLE on new schema): ALTER TABLE sales
ADD COLUMN tax_amount REAL DEFAULT 0.0 - [SQLITE_ERROR] SQL error or missing database (duplicate column name: tax_amount)
15:41:40.565 [main] WARN com.pos.system.dao.UserDAOTest -- Statement failed (expected for ALTER TABLE on new schema): ALTER TABLE sales
ADD COLUMN discount_amount REAL DEFAULT 0.0 - [SQLITE_ERROR] SQL error or missing database (duplicate column name: discount_amount)
15:41:40.566 [main] WARN com.pos.system.dao.UserDAOTest -- Statement failed (expected for ALTER TABLE on new schema): -- Migrations for existing databases
ALTER TABLE sale_items
ADD COLUMN discount_amount REAL DEFAULT 0.0 - [SQLITE_ERROR] SQL error or missing database (duplicate column name: discount_amount)
15:41:40.566 [main] WARN com.pos.system.dao.UserDAOTest -- Statement failed (expected for ALTER TABLE on new schema): ALTER TABLE sale_items
ADD COLUMN tax_amount REAL DEFAULT 0.0 - [SQLITE_ERROR] SQL error or missing database (duplicate column name: tax_amount)
15:41:40.567 [main] INFO com.pos.system.dao.UserDAOTest -- In-memory database schema initialized.
15:41:40.572 [main] WARN com.pos.system.dao.UserDAOTest -- Statement failed (expected for ALTER TABLE on new schema): -- Migration for existing databases
ALTER TABLE users
ADD COLUMN force_password_change BOOLEAN DEFAULT 0 - [SQLITE_ERROR] SQL error or missing database (duplicate column name: force_password_change)
15:41:40.572 [main] WARN com.pos.system.dao.UserDAOTest -- Statement failed (expected for ALTER TABLE on new schema): -- Migration: Add image_path if missing (for existing databases)
ALTER TABLE products
ADD COLUMN image_path TEXT - [SQLITE_ERROR] SQL error or missing database (duplicate column name: image_path)
15:41:40.572 [main] WARN com.pos.system.dao.UserDAOTest -- Statement failed (expected for ALTER TABLE on new schema): ALTER TABLE products
ADD COLUMN image_blob BLOB - [SQLITE_ERROR] SQL error or missing database (duplicate column name: image_blob)
15:41:40.572 [main] WARN com.pos.system.dao.UserDAOTest -- Statement failed (expected for ALTER TABLE on new schema): -- Migrations for existing databases
ALTER TABLE sales
ADD COLUMN subtotal REAL DEFAULT 0.0 - [SQLITE_ERROR] SQL error or missing database (duplicate column name: subtotal)
15:41:40.573 [main] WARN com.pos.system.dao.UserDAOTest -- Statement failed (expected for ALTER TABLE on new schema): ALTER TABLE sales
ADD COLUMN tax_amount REAL DEFAULT 0.0 - [SQLITE_ERROR] SQL error or missing database (duplicate column name: tax_amount)
15:41:40.573 [main] WARN com.pos.system.dao.UserDAOTest -- Statement failed (expected for ALTER TABLE on new schema): ALTER TABLE sales
ADD COLUMN discount_amount REAL DEFAULT 0.0 - [SQLITE_ERROR] SQL error or missing database (duplicate column name: discount_amount)
15:41:40.574 [main] WARN com.pos.system.dao.UserDAOTest -- Statement failed (expected for ALTER TABLE on new schema): -- Migrations for existing databases
ALTER TABLE sale_items
ADD COLUMN discount_amount REAL DEFAULT 0.0 - [SQLITE_ERROR] SQL error or missing database (duplicate column name: discount_amount)
15:41:40.574 [main] WARN com.pos.system.dao.UserDAOTest -- Statement failed (expected for ALTER TABLE on new schema): ALTER TABLE sale_items
ADD COLUMN tax_amount REAL DEFAULT 0.0 - [SQLITE_ERROR] SQL error or missing database (duplicate column name: tax_amount)
15:41:40.575 [main] INFO com.pos.system.dao.UserDAOTest -- In-memory database schema initialized.
15:41:40.579 [main] WARN com.pos.system.dao.UserDAOTest -- Statement failed (expected for ALTER TABLE on new schema): -- Migration for existing databases
ALTER TABLE users
ADD COLUMN force_password_change BOOLEAN DEFAULT 0 - [SQLITE_ERROR] SQL error or missing database (duplicate column name: force_password_change)
15:41:40.579 [main] WARN com.pos.system.dao.UserDAOTest -- Statement failed (expected for ALTER TABLE on new schema): -- Migration: Add image_path if missing (for existing databases)
ALTER TABLE products
ADD COLUMN image_path TEXT - [SQLITE_ERROR] SQL error or missing database (duplicate column name: image_path)
15:41:40.579 [main] WARN com.pos.system.dao.UserDAOTest -- Statement failed (expected for ALTER TABLE on new schema): ALTER TABLE products
ADD COLUMN image_blob BLOB - [SQLITE_ERROR] SQL error or missing database (duplicate column name: image_blob)
15:41:40.580 [main] WARN com.pos.system.dao.UserDAOTest -- Statement failed (expected for ALTER TABLE on new schema): -- Migrations for existing databases
ALTER TABLE sales
ADD COLUMN subtotal REAL DEFAULT 0.0 - [SQLITE_ERROR] SQL error or missing database (duplicate column name: subtotal)
15:41:40.580 [main] WARN com.pos.system.dao.UserDAOTest -- Statement failed (expected for ALTER TABLE on new schema): ALTER TABLE sales
ADD COLUMN tax_amount REAL DEFAULT 0.0 - [SQLITE_ERROR] SQL error or missing database (duplicate column name: tax_amount)
15:41:40.580 [main] WARN com.pos.system.dao.UserDAOTest -- Statement failed (expected for ALTER TABLE on new schema): ALTER TABLE sales
ADD COLUMN discount_amount REAL DEFAULT 0.0 - [SQLITE_ERROR] SQL error or missing database (duplicate column name: discount_amount)
15:41:40.580 [main] WARN com.pos.system.dao.UserDAOTest -- Statement failed (expected for ALTER TABLE on new schema): -- Migrations for existing databases
ALTER TABLE sale_items
ADD COLUMN discount_amount REAL DEFAULT 0.0 - [SQLITE_ERROR] SQL error or missing database (duplicate column name: discount_amount)
15:41:40.581 [main] WARN com.pos.system.dao.UserDAOTest -- Statement failed (expected for ALTER TABLE on new schema): ALTER TABLE sale_items
ADD COLUMN tax_amount REAL DEFAULT 0.0 - [SQLITE_ERROR] SQL error or missing database (duplicate column name: tax_amount)
15:41:40.582 [main] INFO com.pos.system.dao.UserDAOTest -- In-memory database schema initialized.
[INFO] Tests run: 7, Failures: 0, Errors: 0, Skipped: 0, Time elapsed: 0.074 s -- in com.pos.system.dao.UserDAOTest
[INFO] Running com.pos.system.dao.InventoryTransactionDAOTest
15:41:40.588 [main] WARN com.pos.system.dao.InventoryTransactionDAOTest -- Statement failed (expected for ALTER TABLE on new schema): -- Migration for existing databases
ALTER TABLE users
ADD COLUMN force_password_change BOOLEAN DEFAULT 0 - [SQLITE_ERROR] SQL error or missing database (duplicate column name: force_password_change)
15:41:40.589 [main] WARN com.pos.system.dao.InventoryTransactionDAOTest -- Statement failed (expected for ALTER TABLE on new schema): -- Migration: Add image_path if missing (for existing databases)
ALTER TABLE products
ADD COLUMN image_path TEXT - [SQLITE_ERROR] SQL error or missing database (duplicate column name: image_path)
15:41:40.589 [main] WARN com.pos.system.dao.InventoryTransactionDAOTest -- Statement failed (expected for ALTER TABLE on new schema): ALTER TABLE products
ADD COLUMN image_blob BLOB - [SQLITE_ERROR] SQL error or missing database (duplicate column name: image_blob)
15:41:40.589 [main] WARN com.pos.system.dao.InventoryTransactionDAOTest -- Statement failed (expected for ALTER TABLE on new schema): -- Migrations for existing databases
ALTER TABLE sales
ADD COLUMN subtotal REAL DEFAULT 0.0 - [SQLITE_ERROR] SQL error or missing database (duplicate column name: subtotal)
15:41:40.590 [main] WARN com.pos.system.dao.InventoryTransactionDAOTest -- Statement failed (expected for ALTER TABLE on new schema): ALTER TABLE sales
ADD COLUMN tax_amount REAL DEFAULT 0.0 - [SQLITE_ERROR] SQL error or missing database (duplicate column name: tax_amount)
15:41:40.590 [main] WARN com.pos.system.dao.InventoryTransactionDAOTest -- Statement failed (expected for ALTER TABLE on new schema): ALTER TABLE sales
ADD COLUMN discount_amount REAL DEFAULT 0.0 - [SQLITE_ERROR] SQL error or missing database (duplicate column name: discount_amount)
15:41:40.590 [main] WARN com.pos.system.dao.InventoryTransactionDAOTest -- Statement failed (expected for ALTER TABLE on new schema): -- Migrations for existing databases
ALTER TABLE sale_items
ADD COLUMN discount_amount REAL DEFAULT 0.0 - [SQLITE_ERROR] SQL error or missing database (duplicate column name: discount_amount)
15:41:40.590 [main] WARN com.pos.system.dao.InventoryTransactionDAOTest -- Statement failed (expected for ALTER TABLE on new schema): ALTER TABLE sale_items
ADD COLUMN tax_amount REAL DEFAULT 0.0 - [SQLITE_ERROR] SQL error or missing database (duplicate column name: tax_amount)
15:41:40.591 [main] INFO com.pos.system.dao.InventoryTransactionDAOTest -- In-memory database schema initialized.
15:41:40.609 [main] WARN com.pos.system.dao.InventoryTransactionDAOTest -- Statement failed (expected for ALTER TABLE on new schema): -- Migration for existing databases
ALTER TABLE users
ADD COLUMN force_password_change BOOLEAN DEFAULT 0 - [SQLITE_ERROR] SQL error or missing database (duplicate column name: force_password_change)
15:41:40.610 [main] WARN com.pos.system.dao.InventoryTransactionDAOTest -- Statement failed (expected for ALTER TABLE on new schema): -- Migration: Add image_path if missing (for existing databases)
ALTER TABLE products
ADD COLUMN image_path TEXT - [SQLITE_ERROR] SQL error or missing database (duplicate column name: image_path)
15:41:40.610 [main] WARN com.pos.system.dao.InventoryTransactionDAOTest -- Statement failed (expected for ALTER TABLE on new schema): ALTER TABLE products
ADD COLUMN image_blob BLOB - [SQLITE_ERROR] SQL error or missing database (duplicate column name: image_blob)
15:41:40.610 [main] WARN com.pos.system.dao.InventoryTransactionDAOTest -- Statement failed (expected for ALTER TABLE on new schema): -- Migrations for existing databases
ALTER TABLE sales
ADD COLUMN subtotal REAL DEFAULT 0.0 - [SQLITE_ERROR] SQL error or missing database (duplicate column name: subtotal)
15:41:40.610 [main] WARN com.pos.system.dao.InventoryTransactionDAOTest -- Statement failed (expected for ALTER TABLE on new schema): ALTER TABLE sales
ADD COLUMN tax_amount REAL DEFAULT 0.0 - [SQLITE_ERROR] SQL error or missing database (duplicate column name: tax_amount)
15:41:40.611 [main] WARN com.pos.system.dao.InventoryTransactionDAOTest -- Statement failed (expected for ALTER TABLE on new schema): ALTER TABLE sales
ADD COLUMN discount_amount REAL DEFAULT 0.0 - [SQLITE_ERROR] SQL error or missing database (duplicate column name: discount_amount)
15:41:40.611 [main] WARN com.pos.system.dao.InventoryTransactionDAOTest -- Statement failed (expected for ALTER TABLE on new schema): -- Migrations for existing databases
ALTER TABLE sale_items
ADD COLUMN discount_amount REAL DEFAULT 0.0 - [SQLITE_ERROR] SQL error or missing database (duplicate column name: discount_amount)
15:41:40.611 [main] WARN com.pos.system.dao.InventoryTransactionDAOTest -- Statement failed (expected for ALTER TABLE on new schema): ALTER TABLE sale_items
ADD COLUMN tax_amount REAL DEFAULT 0.0 - [SQLITE_ERROR] SQL error or missing database (duplicate column name: tax_amount)
15:41:40.612 [main] INFO com.pos.system.dao.InventoryTransactionDAOTest -- In-memory database schema initialized.
15:41:40.616 [main] WARN com.pos.system.dao.InventoryTransactionDAOTest -- Statement failed (expected for ALTER TABLE on new schema): -- Migration for existing databases
ALTER TABLE users
ADD COLUMN force_password_change BOOLEAN DEFAULT 0 - [SQLITE_ERROR] SQL error or missing database (duplicate column name: force_password_change)
15:41:40.617 [main] WARN com.pos.system.dao.InventoryTransactionDAOTest -- Statement failed (expected for ALTER TABLE on new schema): -- Migration: Add image_path if missing (for existing databases)
ALTER TABLE products
ADD COLUMN image_path TEXT - [SQLITE_ERROR] SQL error or missing database (duplicate column name: image_path)
15:41:40.617 [main] WARN com.pos.system.dao.InventoryTransactionDAOTest -- Statement failed (expected for ALTER TABLE on new schema): ALTER TABLE products
ADD COLUMN image_blob BLOB - [SQLITE_ERROR] SQL error or missing database (duplicate column name: image_blob)
15:41:40.618 [main] WARN com.pos.system.dao.InventoryTransactionDAOTest -- Statement failed (expected for ALTER TABLE on new schema): -- Migrations for existing databases
ALTER TABLE sales
ADD COLUMN subtotal REAL DEFAULT 0.0 - [SQLITE_ERROR] SQL error or missing database (duplicate column name: subtotal)
15:41:40.618 [main] WARN com.pos.system.dao.InventoryTransactionDAOTest -- Statement failed (expected for ALTER TABLE on new schema): ALTER TABLE sales
ADD COLUMN tax_amount REAL DEFAULT 0.0 - [SQLITE_ERROR] SQL error or missing database (duplicate column name: tax_amount)
15:41:40.618 [main] WARN com.pos.system.dao.InventoryTransactionDAOTest -- Statement failed (expected for ALTER TABLE on new schema): ALTER TABLE sales
ADD COLUMN discount_amount REAL DEFAULT 0.0 - [SQLITE_ERROR] SQL error or missing database (duplicate column name: discount_amount)
15:41:40.618 [main] WARN com.pos.system.dao.InventoryTransactionDAOTest -- Statement failed (expected for ALTER TABLE on new schema): -- Migrations for existing databases
ALTER TABLE sale_items
ADD COLUMN discount_amount REAL DEFAULT 0.0 - [SQLITE_ERROR] SQL error or missing database (duplicate column name: discount_amount)
15:41:40.618 [main] WARN com.pos.system.dao.InventoryTransactionDAOTest -- Statement failed (expected for ALTER TABLE on new schema): ALTER TABLE sale_items
ADD COLUMN tax_amount REAL DEFAULT 0.0 - [SQLITE_ERROR] SQL error or missing database (duplicate column name: tax_amount)
15:41:40.619 [main] INFO com.pos.system.dao.InventoryTransactionDAOTest -- In-memory database schema initialized.
[INFO] Tests run: 3, Failures: 0, Errors: 0, Skipped: 0, Time elapsed: 0.036 s -- in com.pos.system.dao.InventoryTransactionDAOTest
[INFO] Running com.pos.system.dao.SaleDAOTest
15:41:40.625 [main] WARN com.pos.system.dao.SaleDAOTest -- Statement failed (expected for ALTER TABLE on new schema): -- Migration for existing databases
ALTER TABLE users
ADD COLUMN force_password_change BOOLEAN DEFAULT 0 - [SQLITE_ERROR] SQL error or missing database (duplicate column name: force_password_change)
15:41:40.626 [main] WARN com.pos.system.dao.SaleDAOTest -- Statement failed (expected for ALTER TABLE on new schema): -- Migration: Add image_path if missing (for existing databases)
ALTER TABLE products
ADD COLUMN image_path TEXT - [SQLITE_ERROR] SQL error or missing database (duplicate column name: image_path)
15:41:40.626 [main] WARN com.pos.system.dao.SaleDAOTest -- Statement failed (expected for ALTER TABLE on new schema): ALTER TABLE products
ADD COLUMN image_blob BLOB - [SQLITE_ERROR] SQL error or missing database (duplicate column name: image_blob)
15:41:40.626 [main] WARN com.pos.system.dao.SaleDAOTest -- Statement failed (expected for ALTER TABLE on new schema): -- Migrations for existing databases
ALTER TABLE sales
ADD COLUMN subtotal REAL DEFAULT 0.0 - [SQLITE_ERROR] SQL error or missing database (duplicate column name: subtotal)
15:41:40.627 [main] WARN com.pos.system.dao.SaleDAOTest -- Statement failed (expected for ALTER TABLE on new schema): ALTER TABLE sales
ADD COLUMN tax_amount REAL DEFAULT 0.0 - [SQLITE_ERROR] SQL error or missing database (duplicate column name: tax_amount)
15:41:40.627 [main] WARN com.pos.system.dao.SaleDAOTest -- Statement failed (expected for ALTER TABLE on new schema): ALTER TABLE sales
ADD COLUMN discount_amount REAL DEFAULT 0.0 - [SQLITE_ERROR] SQL error or missing database (duplicate column name: discount_amount)
15:41:40.627 [main] WARN com.pos.system.dao.SaleDAOTest -- Statement failed (expected for ALTER TABLE on new schema): -- Migrations for existing databases
ALTER TABLE sale_items
ADD COLUMN discount_amount REAL DEFAULT 0.0 - [SQLITE_ERROR] SQL error or missing database (duplicate column name: discount_amount)
15:41:40.627 [main] WARN com.pos.system.dao.SaleDAOTest -- Statement failed (expected for ALTER TABLE on new schema): ALTER TABLE sale_items
ADD COLUMN tax_amount REAL DEFAULT 0.0 - [SQLITE_ERROR] SQL error or missing database (duplicate column name: tax_amount)
15:41:40.628 [main] INFO com.pos.system.dao.SaleDAOTest -- In-memory database schema initialized.
15:41:40.640 [main] WARN com.pos.system.dao.SaleDAOTest -- Statement failed (expected for ALTER TABLE on new schema): -- Migration for existing databases
ALTER TABLE users
ADD COLUMN force_password_change BOOLEAN DEFAULT 0 - [SQLITE_ERROR] SQL error or missing database (duplicate column name: force_password_change)
15:41:40.641 [main] WARN com.pos.system.dao.SaleDAOTest -- Statement failed (expected for ALTER TABLE on new schema): -- Migration: Add image_path if missing (for existing databases)
ALTER TABLE products
ADD COLUMN image_path TEXT - [SQLITE_ERROR] SQL error or missing database (duplicate column name: image_path)
15:41:40.641 [main] WARN com.pos.system.dao.SaleDAOTest -- Statement failed (expected for ALTER TABLE on new schema): ALTER TABLE products
ADD COLUMN image_blob BLOB - [SQLITE_ERROR] SQL error or missing database (duplicate column name: image_blob)
15:41:40.641 [main] WARN com.pos.system.dao.SaleDAOTest -- Statement failed (expected for ALTER TABLE on new schema): -- Migrations for existing databases
ALTER TABLE sales
ADD COLUMN subtotal REAL DEFAULT 0.0 - [SQLITE_ERROR] SQL error or missing database (duplicate column name: subtotal)
15:41:40.641 [main] WARN com.pos.system.dao.SaleDAOTest -- Statement failed (expected for ALTER TABLE on new schema): ALTER TABLE sales
ADD COLUMN tax_amount REAL DEFAULT 0.0 - [SQLITE_ERROR] SQL error or missing database (duplicate column name: tax_amount)
15:41:40.641 [main] WARN com.pos.system.dao.SaleDAOTest -- Statement failed (expected for ALTER TABLE on new schema): ALTER TABLE sales
ADD COLUMN discount_amount REAL DEFAULT 0.0 - [SQLITE_ERROR] SQL error or missing database (duplicate column name: discount_amount)
15:41:40.642 [main] WARN com.pos.system.dao.SaleDAOTest -- Statement failed (expected for ALTER TABLE on new schema): -- Migrations for existing databases
ALTER TABLE sale_items
ADD COLUMN discount_amount REAL DEFAULT 0.0 - [SQLITE_ERROR] SQL error or missing database (duplicate column name: discount_amount)
15:41:40.642 [main] WARN com.pos.system.dao.SaleDAOTest -- Statement failed (expected for ALTER TABLE on new schema): ALTER TABLE sale_items
ADD COLUMN tax_amount REAL DEFAULT 0.0 - [SQLITE_ERROR] SQL error or missing database (duplicate column name: tax_amount)
15:41:40.642 [main] INFO com.pos.system.dao.SaleDAOTest -- In-memory database schema initialized.
15:41:40.648 [main] WARN com.pos.system.dao.SaleDAOTest -- Statement failed (expected for ALTER TABLE on new schema): -- Migration for existing databases
ALTER TABLE users
ADD COLUMN force_password_change BOOLEAN DEFAULT 0 - [SQLITE_ERROR] SQL error or missing database (duplicate column name: force_password_change)
15:41:40.649 [main] WARN com.pos.system.dao.SaleDAOTest -- Statement failed (expected for ALTER TABLE on new schema): -- Migration: Add image_path if missing (for existing databases)
ALTER TABLE products
ADD COLUMN image_path TEXT - [SQLITE_ERROR] SQL error or missing database (duplicate column name: image_path)
15:41:40.649 [main] WARN com.pos.system.dao.SaleDAOTest -- Statement failed (expected for ALTER TABLE on new schema): ALTER TABLE products
ADD COLUMN image_blob BLOB - [SQLITE_ERROR] SQL error or missing database (duplicate column name: image_blob)
15:41:40.650 [main] WARN com.pos.system.dao.SaleDAOTest -- Statement failed (expected for ALTER TABLE on new schema): -- Migrations for existing databases
ALTER TABLE sales
ADD COLUMN subtotal REAL DEFAULT 0.0 - [SQLITE_ERROR] SQL error or missing database (duplicate column name: subtotal)
15:41:40.650 [main] WARN com.pos.system.dao.SaleDAOTest -- Statement failed (expected for ALTER TABLE on new schema): ALTER TABLE sales
ADD COLUMN tax_amount REAL DEFAULT 0.0 - [SQLITE_ERROR] SQL error or missing database (duplicate column name: tax_amount)
15:41:40.650 [main] WARN com.pos.system.dao.SaleDAOTest -- Statement failed (expected for ALTER TABLE on new schema): ALTER TABLE sales
ADD COLUMN discount_amount REAL DEFAULT 0.0 - [SQLITE_ERROR] SQL error or missing database (duplicate column name: discount_amount)
15:41:40.650 [main] WARN com.pos.system.dao.SaleDAOTest -- Statement failed (expected for ALTER TABLE on new schema): -- Migrations for existing databases
ALTER TABLE sale_items
ADD COLUMN discount_amount REAL DEFAULT 0.0 - [SQLITE_ERROR] SQL error or missing database (duplicate column name: discount_amount)
15:41:40.650 [main] WARN com.pos.system.dao.SaleDAOTest -- Statement failed (expected for ALTER TABLE on new schema): ALTER TABLE sale_items
ADD COLUMN tax_amount REAL DEFAULT 0.0 - [SQLITE_ERROR] SQL error or missing database (duplicate column name: tax_amount)
15:41:40.651 [main] INFO com.pos.system.dao.SaleDAOTest -- In-memory database schema initialized.
[INFO] Tests run: 3, Failures: 0, Errors: 0, Skipped: 0, Time elapsed: 0.032 s -- in com.pos.system.dao.SaleDAOTest
[INFO] Running com.pos.system.dao.CategoryDAOTest
15:41:40.659 [main] WARN com.pos.system.dao.CategoryDAOTest -- Statement failed (expected for ALTER TABLE on new schema): -- Migration for existing databases
ALTER TABLE users
ADD COLUMN force_password_change BOOLEAN DEFAULT 0 - [SQLITE_ERROR] SQL error or missing database (duplicate column name: force_password_change)
15:41:40.659 [main] WARN com.pos.system.dao.CategoryDAOTest -- Statement failed (expected for ALTER TABLE on new schema): -- Migration: Add image_path if missing (for existing databases)
ALTER TABLE products
ADD COLUMN image_path TEXT - [SQLITE_ERROR] SQL error or missing database (duplicate column name: image_path)
15:41:40.659 [main] WARN com.pos.system.dao.CategoryDAOTest -- Statement failed (expected for ALTER TABLE on new schema): ALTER TABLE products
ADD COLUMN image_blob BLOB - [SQLITE_ERROR] SQL error or missing database (duplicate column name: image_blob)
15:41:40.660 [main] WARN com.pos.system.dao.CategoryDAOTest -- Statement failed (expected for ALTER TABLE on new schema): -- Migrations for existing databases
ALTER TABLE sales
ADD COLUMN subtotal REAL DEFAULT 0.0 - [SQLITE_ERROR] SQL error or missing database (duplicate column name: subtotal)
15:41:40.660 [main] WARN com.pos.system.dao.CategoryDAOTest -- Statement failed (expected for ALTER TABLE on new schema): ALTER TABLE sales
ADD COLUMN tax_amount REAL DEFAULT 0.0 - [SQLITE_ERROR] SQL error or missing database (duplicate column name: tax_amount)
15:41:40.660 [main] WARN com.pos.system.dao.CategoryDAOTest -- Statement failed (expected for ALTER TABLE on new schema): ALTER TABLE sales
ADD COLUMN discount_amount REAL DEFAULT 0.0 - [SQLITE_ERROR] SQL error or missing database (duplicate column name: discount_amount)
15:41:40.660 [main] WARN com.pos.system.dao.CategoryDAOTest -- Statement failed (expected for ALTER TABLE on new schema): -- Migrations for existing databases
ALTER TABLE sale_items
ADD COLUMN discount_amount REAL DEFAULT 0.0 - [SQLITE_ERROR] SQL error or missing database (duplicate column name: discount_amount)
15:41:40.660 [main] WARN com.pos.system.dao.CategoryDAOTest -- Statement failed (expected for ALTER TABLE on new schema): ALTER TABLE sale_items
ADD COLUMN tax_amount REAL DEFAULT 0.0 - [SQLITE_ERROR] SQL error or missing database (duplicate column name: tax_amount)
15:41:40.661 [main] INFO com.pos.system.dao.CategoryDAOTest -- In-memory database schema initialized.
15:41:40.664 [main] WARN com.pos.system.dao.CategoryDAOTest -- Statement failed (expected for ALTER TABLE on new schema): -- Migration for existing databases
ALTER TABLE users
ADD COLUMN force_password_change BOOLEAN DEFAULT 0 - [SQLITE_ERROR] SQL error or missing database (duplicate column name: force_password_change)
15:41:40.665 [main] WARN com.pos.system.dao.CategoryDAOTest -- Statement failed (expected for ALTER TABLE on new schema): -- Migration: Add image_path if missing (for existing databases)
ALTER TABLE products
ADD COLUMN image_path TEXT - [SQLITE_ERROR] SQL error or missing database (duplicate column name: image_path)
15:41:40.665 [main] WARN com.pos.system.dao.CategoryDAOTest -- Statement failed (expected for ALTER TABLE on new schema): ALTER TABLE products
ADD COLUMN image_blob BLOB - [SQLITE_ERROR] SQL error or missing database (duplicate column name: image_blob)
15:41:40.666 [main] WARN com.pos.system.dao.CategoryDAOTest -- Statement failed (expected for ALTER TABLE on new schema): -- Migrations for existing databases
ALTER TABLE sales
ADD COLUMN subtotal REAL DEFAULT 0.0 - [SQLITE_ERROR] SQL error or missing database (duplicate column name: subtotal)
15:41:40.666 [main] WARN com.pos.system.dao.CategoryDAOTest -- Statement failed (expected for ALTER TABLE on new schema): ALTER TABLE sales
ADD COLUMN tax_amount REAL DEFAULT 0.0 - [SQLITE_ERROR] SQL error or missing database (duplicate column name: tax_amount)
15:41:40.666 [main] WARN com.pos.system.dao.CategoryDAOTest -- Statement failed (expected for ALTER TABLE on new schema): ALTER TABLE sales
ADD COLUMN discount_amount REAL DEFAULT 0.0 - [SQLITE_ERROR] SQL error or missing database (duplicate column name: discount_amount)
15:41:40.666 [main] WARN com.pos.system.dao.CategoryDAOTest -- Statement failed (expected for ALTER TABLE on new schema): -- Migrations for existing databases
ALTER TABLE sale_items
ADD COLUMN discount_amount REAL DEFAULT 0.0 - [SQLITE_ERROR] SQL error or missing database (duplicate column name: discount_amount)
15:41:40.666 [main] WARN com.pos.system.dao.CategoryDAOTest -- Statement failed (expected for ALTER TABLE on new schema): ALTER TABLE sale_items
ADD COLUMN tax_amount REAL DEFAULT 0.0 - [SQLITE_ERROR] SQL error or missing database (duplicate column name: tax_amount)
15:41:40.667 [main] INFO com.pos.system.dao.CategoryDAOTest -- In-memory database schema initialized.
15:41:40.670 [main] WARN com.pos.system.dao.CategoryDAOTest -- Statement failed (expected for ALTER TABLE on new schema): -- Migration for existing databases
ALTER TABLE users
ADD COLUMN force_password_change BOOLEAN DEFAULT 0 - [SQLITE_ERROR] SQL error or missing database (duplicate column name: force_password_change)
15:41:40.670 [main] WARN com.pos.system.dao.CategoryDAOTest -- Statement failed (expected for ALTER TABLE on new schema): -- Migration: Add image_path if missing (for existing databases)
ALTER TABLE products
ADD COLUMN image_path TEXT - [SQLITE_ERROR] SQL error or missing database (duplicate column name: image_path)
15:41:40.671 [main] WARN com.pos.system.dao.CategoryDAOTest -- Statement failed (expected for ALTER TABLE on new schema): ALTER TABLE products
ADD COLUMN image_blob BLOB - [SQLITE_ERROR] SQL error or missing database (duplicate column name: image_blob)
15:41:40.671 [main] WARN com.pos.system.dao.CategoryDAOTest -- Statement failed (expected for ALTER TABLE on new schema): -- Migrations for existing databases
ALTER TABLE sales
ADD COLUMN subtotal REAL DEFAULT 0.0 - [SQLITE_ERROR] SQL error or missing database (duplicate column name: subtotal)
15:41:40.671 [main] WARN com.pos.system.dao.CategoryDAOTest -- Statement failed (expected for ALTER TABLE on new schema): ALTER TABLE sales
ADD COLUMN tax_amount REAL DEFAULT 0.0 - [SQLITE_ERROR] SQL error or missing database (duplicate column name: tax_amount)
15:41:40.671 [main] WARN com.pos.system.dao.CategoryDAOTest -- Statement failed (expected for ALTER TABLE on new schema): ALTER TABLE sales
ADD COLUMN discount_amount REAL DEFAULT 0.0 - [SQLITE_ERROR] SQL error or missing database (duplicate column name: discount_amount)
15:41:40.671 [main] WARN com.pos.system.dao.CategoryDAOTest -- Statement failed (expected for ALTER TABLE on new schema): -- Migrations for existing databases
ALTER TABLE sale_items
ADD COLUMN discount_amount REAL DEFAULT 0.0 - [SQLITE_ERROR] SQL error or missing database (duplicate column name: discount_amount)
15:41:40.671 [main] WARN com.pos.system.dao.CategoryDAOTest -- Statement failed (expected for ALTER TABLE on new schema): ALTER TABLE sale_items
ADD COLUMN tax_amount REAL DEFAULT 0.0 - [SQLITE_ERROR] SQL error or missing database (duplicate column name: tax_amount)
15:41:40.672 [main] INFO com.pos.system.dao.CategoryDAOTest -- In-memory database schema initialized.
[INFO] Tests run: 3, Failures: 0, Errors: 0, Skipped: 0, Time elapsed: 0.017 s -- in com.pos.system.dao.CategoryDAOTest
[INFO] Running com.pos.system.dao.ExpenseDAOTest
15:41:40.677 [main] WARN com.pos.system.dao.ExpenseDAOTest -- Statement failed (expected for ALTER TABLE on new schema): -- Migration for existing databases
ALTER TABLE users
ADD COLUMN force_password_change BOOLEAN DEFAULT 0 - [SQLITE_ERROR] SQL error or missing database (duplicate column name: force_password_change)
15:41:40.678 [main] WARN com.pos.system.dao.ExpenseDAOTest -- Statement failed (expected for ALTER TABLE on new schema): -- Migration: Add image_path if missing (for existing databases)
ALTER TABLE products
ADD COLUMN image_path TEXT - [SQLITE_ERROR] SQL error or missing database (duplicate column name: image_path)
15:41:40.678 [main] WARN com.pos.system.dao.ExpenseDAOTest -- Statement failed (expected for ALTER TABLE on new schema): ALTER TABLE products
ADD COLUMN image_blob BLOB - [SQLITE_ERROR] SQL error or missing database (duplicate column name: image_blob)
15:41:40.678 [main] WARN com.pos.system.dao.ExpenseDAOTest -- Statement failed (expected for ALTER TABLE on new schema): -- Migrations for existing databases
ALTER TABLE sales
ADD COLUMN subtotal REAL DEFAULT 0.0 - [SQLITE_ERROR] SQL error or missing database (duplicate column name: subtotal)
15:41:40.678 [main] WARN com.pos.system.dao.ExpenseDAOTest -- Statement failed (expected for ALTER TABLE on new schema): ALTER TABLE sales
ADD COLUMN tax_amount REAL DEFAULT 0.0 - [SQLITE_ERROR] SQL error or missing database (duplicate column name: tax_amount)
15:41:40.679 [main] WARN com.pos.system.dao.ExpenseDAOTest -- Statement failed (expected for ALTER TABLE on new schema): ALTER TABLE sales
ADD COLUMN discount_amount REAL DEFAULT 0.0 - [SQLITE_ERROR] SQL error or missing database (duplicate column name: discount_amount)
15:41:40.679 [main] WARN com.pos.system.dao.ExpenseDAOTest -- Statement failed (expected for ALTER TABLE on new schema): -- Migrations for existing databases
ALTER TABLE sale_items
ADD COLUMN discount_amount REAL DEFAULT 0.0 - [SQLITE_ERROR] SQL error or missing database (duplicate column name: discount_amount)
15:41:40.679 [main] WARN com.pos.system.dao.ExpenseDAOTest -- Statement failed (expected for ALTER TABLE on new schema): ALTER TABLE sale_items
ADD COLUMN tax_amount REAL DEFAULT 0.0 - [SQLITE_ERROR] SQL error or missing database (duplicate column name: tax_amount)
15:41:40.679 [main] INFO com.pos.system.dao.ExpenseDAOTest -- In-memory database schema initialized.
[INFO] Tests run: 1, Failures: 0, Errors: 0, Skipped: 0, Time elapsed: 0.008 s -- in com.pos.system.dao.ExpenseDAOTest
[INFO] Running com.pos.system.dao.AuditLogDAOTest
15:41:40.686 [main] WARN com.pos.system.dao.AuditLogDAOTest -- Statement failed (expected for ALTER TABLE on new schema): -- Migration for existing databases
ALTER TABLE users
ADD COLUMN force_password_change BOOLEAN DEFAULT 0 - [SQLITE_ERROR] SQL error or missing database (duplicate column name: force_password_change)
15:41:40.687 [main] WARN com.pos.system.dao.AuditLogDAOTest -- Statement failed (expected for ALTER TABLE on new schema): -- Migration: Add image_path if missing (for existing databases)
ALTER TABLE products
ADD COLUMN image_path TEXT - [SQLITE_ERROR] SQL error or missing database (duplicate column name: image_path)
15:41:40.687 [main] WARN com.pos.system.dao.AuditLogDAOTest -- Statement failed (expected for ALTER TABLE on new schema): ALTER TABLE products
ADD COLUMN image_blob BLOB - [SQLITE_ERROR] SQL error or missing database (duplicate column name: image_blob)
15:41:40.687 [main] WARN com.pos.system.dao.AuditLogDAOTest -- Statement failed (expected for ALTER TABLE on new schema): -- Migrations for existing databases
ALTER TABLE sales
ADD COLUMN subtotal REAL DEFAULT 0.0 - [SQLITE_ERROR] SQL error or missing database (duplicate column name: subtotal)
15:41:40.687 [main] WARN com.pos.system.dao.AuditLogDAOTest -- Statement failed (expected for ALTER TABLE on new schema): ALTER TABLE sales
ADD COLUMN tax_amount REAL DEFAULT 0.0 - [SQLITE_ERROR] SQL error or missing database (duplicate column name: tax_amount)
15:41:40.687 [main] WARN com.pos.system.dao.AuditLogDAOTest -- Statement failed (expected for ALTER TABLE on new schema): ALTER TABLE sales
ADD COLUMN discount_amount REAL DEFAULT 0.0 - [SQLITE_ERROR] SQL error or missing database (duplicate column name: discount_amount)
15:41:40.688 [main] WARN com.pos.system.dao.AuditLogDAOTest -- Statement failed (expected for ALTER TABLE on new schema): -- Migrations for existing databases
ALTER TABLE sale_items
ADD COLUMN discount_amount REAL DEFAULT 0.0 - [SQLITE_ERROR] SQL error or missing database (duplicate column name: discount_amount)
15:41:40.688 [main] WARN com.pos.system.dao.AuditLogDAOTest -- Statement failed (expected for ALTER TABLE on new schema): ALTER TABLE sale_items
ADD COLUMN tax_amount REAL DEFAULT 0.0 - [SQLITE_ERROR] SQL error or missing database (duplicate column name: tax_amount)
15:41:40.688 [main] INFO com.pos.system.dao.AuditLogDAOTest -- In-memory database schema initialized.
[INFO] Tests run: 1, Failures: 0, Errors: 0, Skipped: 0, Time elapsed: 0.008 s -- in com.pos.system.dao.AuditLogDAOTest
[INFO] Running com.pos.system.dao.BatchDAOTest
15:41:40.696 [main] WARN com.pos.system.dao.BatchDAOTest -- Statement failed (expected for ALTER TABLE on new schema): -- Migration for existing databases
ALTER TABLE users
ADD COLUMN force_password_change BOOLEAN DEFAULT 0 - [SQLITE_ERROR] SQL error or missing database (duplicate column name: force_password_change)
15:41:40.697 [main] WARN com.pos.system.dao.BatchDAOTest -- Statement failed (expected for ALTER TABLE on new schema): -- Migration: Add image_path if missing (for existing databases)
ALTER TABLE products
ADD COLUMN image_path TEXT - [SQLITE_ERROR] SQL error or missing database (duplicate column name: image_path)
15:41:40.697 [main] WARN com.pos.system.dao.BatchDAOTest -- Statement failed (expected for ALTER TABLE on new schema): ALTER TABLE products
ADD COLUMN image_blob BLOB - [SQLITE_ERROR] SQL error or missing database (duplicate column name: image_blob)
15:41:40.697 [main] WARN com.pos.system.dao.BatchDAOTest -- Statement failed (expected for ALTER TABLE on new schema): -- Migrations for existing databases
ALTER TABLE sales
ADD COLUMN subtotal REAL DEFAULT 0.0 - [SQLITE_ERROR] SQL error or missing database (duplicate column name: subtotal)
15:41:40.697 [main] WARN com.pos.system.dao.BatchDAOTest -- Statement failed (expected for ALTER TABLE on new schema): ALTER TABLE sales
ADD COLUMN tax_amount REAL DEFAULT 0.0 - [SQLITE_ERROR] SQL error or missing database (duplicate column name: tax_amount)
15:41:40.697 [main] WARN com.pos.system.dao.BatchDAOTest -- Statement failed (expected for ALTER TABLE on new schema): ALTER TABLE sales
ADD COLUMN discount_amount REAL DEFAULT 0.0 - [SQLITE_ERROR] SQL error or missing database (duplicate column name: discount_amount)
15:41:40.698 [main] WARN com.pos.system.dao.BatchDAOTest -- Statement failed (expected for ALTER TABLE on new schema): -- Migrations for existing databases
ALTER TABLE sale_items
ADD COLUMN discount_amount REAL DEFAULT 0.0 - [SQLITE_ERROR] SQL error or missing database (duplicate column name: discount_amount)
15:41:40.698 [main] WARN com.pos.system.dao.BatchDAOTest -- Statement failed (expected for ALTER TABLE on new schema): ALTER TABLE sale_items
ADD COLUMN tax_amount REAL DEFAULT 0.0 - [SQLITE_ERROR] SQL error or missing database (duplicate column name: tax_amount)
15:41:40.698 [main] INFO com.pos.system.dao.BatchDAOTest -- In-memory database schema initialized.
15:41:40.705 [main] WARN com.pos.system.dao.BatchDAOTest -- Statement failed (expected for ALTER TABLE on new schema): -- Migration for existing databases
ALTER TABLE users
ADD COLUMN force_password_change BOOLEAN DEFAULT 0 - [SQLITE_ERROR] SQL error or missing database (duplicate column name: force_password_change)
15:41:40.705 [main] WARN com.pos.system.dao.BatchDAOTest -- Statement failed (expected for ALTER TABLE on new schema): -- Migration: Add image_path if missing (for existing databases)
ALTER TABLE products
ADD COLUMN image_path TEXT - [SQLITE_ERROR] SQL error or missing database (duplicate column name: image_path)
15:41:40.705 [main] WARN com.pos.system.dao.BatchDAOTest -- Statement failed (expected for ALTER TABLE on new schema): ALTER TABLE products
ADD COLUMN image_blob BLOB - [SQLITE_ERROR] SQL error or missing database (duplicate column name: image_blob)
15:41:40.705 [main] WARN com.pos.system.dao.BatchDAOTest -- Statement failed (expected for ALTER TABLE on new schema): -- Migrations for existing databases
ALTER TABLE sales
ADD COLUMN subtotal REAL DEFAULT 0.0 - [SQLITE_ERROR] SQL error or missing database (duplicate column name: subtotal)
15:41:40.706 [main] WARN com.pos.system.dao.BatchDAOTest -- Statement failed (expected for ALTER TABLE on new schema): ALTER TABLE sales
ADD COLUMN tax_amount REAL DEFAULT 0.0 - [SQLITE_ERROR] SQL error or missing database (duplicate column name: tax_amount)
15:41:40.706 [main] WARN com.pos.system.dao.BatchDAOTest -- Statement failed (expected for ALTER TABLE on new schema): ALTER TABLE sales
ADD COLUMN discount_amount REAL DEFAULT 0.0 - [SQLITE_ERROR] SQL error or missing database (duplicate column name: discount_amount)
15:41:40.706 [main] WARN com.pos.system.dao.BatchDAOTest -- Statement failed (expected for ALTER TABLE on new schema): -- Migrations for existing databases
ALTER TABLE sale_items
ADD COLUMN discount_amount REAL DEFAULT 0.0 - [SQLITE_ERROR] SQL error or missing database (duplicate column name: discount_amount)
15:41:40.706 [main] WARN com.pos.system.dao.BatchDAOTest -- Statement failed (expected for ALTER TABLE on new schema): ALTER TABLE sale_items
ADD COLUMN tax_amount REAL DEFAULT 0.0 - [SQLITE_ERROR] SQL error or missing database (duplicate column name: tax_amount)
15:41:40.706 [main] INFO com.pos.system.dao.BatchDAOTest -- In-memory database schema initialized.
15:41:40.709 [main] WARN com.pos.system.dao.BatchDAOTest -- Statement failed (expected for ALTER TABLE on new schema): -- Migration for existing databases
ALTER TABLE users
ADD COLUMN force_password_change BOOLEAN DEFAULT 0 - [SQLITE_ERROR] SQL error or missing database (duplicate column name: force_password_change)
15:41:40.710 [main] WARN com.pos.system.dao.BatchDAOTest -- Statement failed (expected for ALTER TABLE on new schema): -- Migration: Add image_path if missing (for existing databases)
ALTER TABLE products
ADD COLUMN image_path TEXT - [SQLITE_ERROR] SQL error or missing database (duplicate column name: image_path)
15:41:40.710 [main] WARN com.pos.system.dao.BatchDAOTest -- Statement failed (expected for ALTER TABLE on new schema): ALTER TABLE products
ADD COLUMN image_blob BLOB - [SQLITE_ERROR] SQL error or missing database (duplicate column name: image_blob)
15:41:40.710 [main] WARN com.pos.system.dao.BatchDAOTest -- Statement failed (expected for ALTER TABLE on new schema): -- Migrations for existing databases
ALTER TABLE sales
ADD COLUMN subtotal REAL DEFAULT 0.0 - [SQLITE_ERROR] SQL error or missing database (duplicate column name: subtotal)
15:41:40.711 [main] WARN com.pos.system.dao.BatchDAOTest -- Statement failed (expected for ALTER TABLE on new schema): ALTER TABLE sales
ADD COLUMN tax_amount REAL DEFAULT 0.0 - [SQLITE_ERROR] SQL error or missing database (duplicate column name: tax_amount)
15:41:40.711 [main] WARN com.pos.system.dao.BatchDAOTest -- Statement failed (expected for ALTER TABLE on new schema): ALTER TABLE sales
ADD COLUMN discount_amount REAL DEFAULT 0.0 - [SQLITE_ERROR] SQL error or missing database (duplicate column name: discount_amount)
15:41:40.711 [main] WARN com.pos.system.dao.BatchDAOTest -- Statement failed (expected for ALTER TABLE on new schema): -- Migrations for existing databases
ALTER TABLE sale_items
ADD COLUMN discount_amount REAL DEFAULT 0.0 - [SQLITE_ERROR] SQL error or missing database (duplicate column name: discount_amount)
15:41:40.711 [main] WARN com.pos.system.dao.BatchDAOTest -- Statement failed (expected for ALTER TABLE on new schema): ALTER TABLE sale_items
ADD COLUMN tax_amount REAL DEFAULT 0.0 - [SQLITE_ERROR] SQL error or missing database (duplicate column name: tax_amount)
15:41:40.711 [main] INFO com.pos.system.dao.BatchDAOTest -- In-memory database schema initialized.
15:41:40.715 [main] WARN com.pos.system.dao.BatchDAOTest -- Statement failed (expected for ALTER TABLE on new schema): -- Migration for existing databases
ALTER TABLE users
ADD COLUMN force_password_change BOOLEAN DEFAULT 0 - [SQLITE_ERROR] SQL error or missing database (duplicate column name: force_password_change)
15:41:40.716 [main] WARN com.pos.system.dao.BatchDAOTest -- Statement failed (expected for ALTER TABLE on new schema): -- Migration: Add image_path if missing (for existing databases)
ALTER TABLE products
ADD COLUMN image_path TEXT - [SQLITE_ERROR] SQL error or missing database (duplicate column name: image_path)
15:41:40.716 [main] WARN com.pos.system.dao.BatchDAOTest -- Statement failed (expected for ALTER TABLE on new schema): ALTER TABLE products
ADD COLUMN image_blob BLOB - [SQLITE_ERROR] SQL error or missing database (duplicate column name: image_blob)
15:41:40.716 [main] WARN com.pos.system.dao.BatchDAOTest -- Statement failed (expected for ALTER TABLE on new schema): -- Migrations for existing databases
ALTER TABLE sales
ADD COLUMN subtotal REAL DEFAULT 0.0 - [SQLITE_ERROR] SQL error or missing database (duplicate column name: subtotal)
15:41:40.716 [main] WARN com.pos.system.dao.BatchDAOTest -- Statement failed (expected for ALTER TABLE on new schema): ALTER TABLE sales
ADD COLUMN tax_amount REAL DEFAULT 0.0 - [SQLITE_ERROR] SQL error or missing database (duplicate column name: tax_amount)
15:41:40.716 [main] WARN com.pos.system.dao.BatchDAOTest -- Statement failed (expected for ALTER TABLE on new schema): ALTER TABLE sales
ADD COLUMN discount_amount REAL DEFAULT 0.0 - [SQLITE_ERROR] SQL error or missing database (duplicate column name: discount_amount)
15:41:40.716 [main] WARN com.pos.system.dao.BatchDAOTest -- Statement failed (expected for ALTER TABLE on new schema): -- Migrations for existing databases
ALTER TABLE sale_items
ADD COLUMN discount_amount REAL DEFAULT 0.0 - [SQLITE_ERROR] SQL error or missing database (duplicate column name: discount_amount)
15:41:40.717 [main] WARN com.pos.system.dao.BatchDAOTest -- Statement failed (expected for ALTER TABLE on new schema): ALTER TABLE sale_items
ADD COLUMN tax_amount REAL DEFAULT 0.0 - [SQLITE_ERROR] SQL error or missing database (duplicate column name: tax_amount)
15:41:40.717 [main] INFO com.pos.system.dao.BatchDAOTest -- In-memory database schema initialized.
[INFO] Tests run: 4, Failures: 0, Errors: 0, Skipped: 0, Time elapsed: 0.029 s -- in com.pos.system.dao.BatchDAOTest
[INFO] Running com.pos.system.dao.SettingsDAOTest
15:41:40.729 [main] WARN com.pos.system.dao.SettingsDAOTest -- Statement failed (expected for ALTER TABLE on new schema): -- Migration for existing databases
ALTER TABLE users
ADD COLUMN force_password_change BOOLEAN DEFAULT 0 - [SQLITE_ERROR] SQL error or missing database (duplicate column name: force_password_change)
15:41:40.729 [main] WARN com.pos.system.dao.SettingsDAOTest -- Statement failed (expected for ALTER TABLE on new schema): -- Migration: Add image_path if missing (for existing databases)
ALTER TABLE products
ADD COLUMN image_path TEXT - [SQLITE_ERROR] SQL error or missing database (duplicate column name: image_path)
15:41:40.729 [main] WARN com.pos.system.dao.SettingsDAOTest -- Statement failed (expected for ALTER TABLE on new schema): ALTER TABLE products
ADD COLUMN image_blob BLOB - [SQLITE_ERROR] SQL error or missing database (duplicate column name: image_blob)
15:41:40.730 [main] WARN com.pos.system.dao.SettingsDAOTest -- Statement failed (expected for ALTER TABLE on new schema): -- Migrations for existing databases
ALTER TABLE sales
ADD COLUMN subtotal REAL DEFAULT 0.0 - [SQLITE_ERROR] SQL error or missing database (duplicate column name: subtotal)
15:41:40.730 [main] WARN com.pos.system.dao.SettingsDAOTest -- Statement failed (expected for ALTER TABLE on new schema): ALTER TABLE sales
ADD COLUMN tax_amount REAL DEFAULT 0.0 - [SQLITE_ERROR] SQL error or missing database (duplicate column name: tax_amount)
15:41:40.730 [main] WARN com.pos.system.dao.SettingsDAOTest -- Statement failed (expected for ALTER TABLE on new schema): ALTER TABLE sales
ADD COLUMN discount_amount REAL DEFAULT 0.0 - [SQLITE_ERROR] SQL error or missing database (duplicate column name: discount_amount)
15:41:40.730 [main] WARN com.pos.system.dao.SettingsDAOTest -- Statement failed (expected for ALTER TABLE on new schema): -- Migrations for existing databases
ALTER TABLE sale_items
ADD COLUMN discount_amount REAL DEFAULT 0.0 - [SQLITE_ERROR] SQL error or missing database (duplicate column name: discount_amount)
15:41:40.730 [main] WARN com.pos.system.dao.SettingsDAOTest -- Statement failed (expected for ALTER TABLE on new schema): ALTER TABLE sale_items
ADD COLUMN tax_amount REAL DEFAULT 0.0 - [SQLITE_ERROR] SQL error or missing database (duplicate column name: tax_amount)
15:41:40.731 [main] INFO com.pos.system.dao.SettingsDAOTest -- In-memory database schema initialized.
15:41:40.739 [main] WARN com.pos.system.dao.SettingsDAOTest -- Statement failed (expected for ALTER TABLE on new schema): -- Migration for existing databases
ALTER TABLE users
ADD COLUMN force_password_change BOOLEAN DEFAULT 0 - [SQLITE_ERROR] SQL error or missing database (duplicate column name: force_password_change)
15:41:40.739 [main] WARN com.pos.system.dao.SettingsDAOTest -- Statement failed (expected for ALTER TABLE on new schema): -- Migration: Add image_path if missing (for existing databases)
ALTER TABLE products
ADD COLUMN image_path TEXT - [SQLITE_ERROR] SQL error or missing database (duplicate column name: image_path)
15:41:40.739 [main] WARN com.pos.system.dao.SettingsDAOTest -- Statement failed (expected for ALTER TABLE on new schema): ALTER TABLE products
ADD COLUMN image_blob BLOB - [SQLITE_ERROR] SQL error or missing database (duplicate column name: image_blob)
15:41:40.740 [main] WARN com.pos.system.dao.SettingsDAOTest -- Statement failed (expected for ALTER TABLE on new schema): -- Migrations for existing databases
ALTER TABLE sales
ADD COLUMN subtotal REAL DEFAULT 0.0 - [SQLITE_ERROR] SQL error or missing database (duplicate column name: subtotal)
15:41:40.740 [main] WARN com.pos.system.dao.SettingsDAOTest -- Statement failed (expected for ALTER TABLE on new schema): ALTER TABLE sales
ADD COLUMN tax_amount REAL DEFAULT 0.0 - [SQLITE_ERROR] SQL error or missing database (duplicate column name: tax_amount)
15:41:40.740 [main] WARN com.pos.system.dao.SettingsDAOTest -- Statement failed (expected for ALTER TABLE on new schema): ALTER TABLE sales
ADD COLUMN discount_amount REAL DEFAULT 0.0 - [SQLITE_ERROR] SQL error or missing database (duplicate column name: discount_amount)
15:41:40.740 [main] WARN com.pos.system.dao.SettingsDAOTest -- Statement failed (expected for ALTER TABLE on new schema): -- Migrations for existing databases
ALTER TABLE sale_items
ADD COLUMN discount_amount REAL DEFAULT 0.0 - [SQLITE_ERROR] SQL error or missing database (duplicate column name: discount_amount)
15:41:40.740 [main] WARN com.pos.system.dao.SettingsDAOTest -- Statement failed (expected for ALTER TABLE on new schema): ALTER TABLE sale_items
ADD COLUMN tax_amount REAL DEFAULT 0.0 - [SQLITE_ERROR] SQL error or missing database (duplicate column name: tax_amount)
15:41:40.744 [main] INFO com.pos.system.dao.SettingsDAOTest -- In-memory database schema initialized.
15:41:40.747 [main] WARN com.pos.system.dao.SettingsDAOTest -- Statement failed (expected for ALTER TABLE on new schema): -- Migration for existing databases
ALTER TABLE users
ADD COLUMN force_password_change BOOLEAN DEFAULT 0 - [SQLITE_ERROR] SQL error or missing database (duplicate column name: force_password_change)
15:41:40.748 [main] WARN com.pos.system.dao.SettingsDAOTest -- Statement failed (expected for ALTER TABLE on new schema): -- Migration: Add image_path if missing (for existing databases)
ALTER TABLE products
ADD COLUMN image_path TEXT - [SQLITE_ERROR] SQL error or missing database (duplicate column name: image_path)
15:41:40.748 [main] WARN com.pos.system.dao.SettingsDAOTest -- Statement failed (expected for ALTER TABLE on new schema): ALTER TABLE products
ADD COLUMN image_blob BLOB - [SQLITE_ERROR] SQL error or missing database (duplicate column name: image_blob)
15:41:40.748 [main] WARN com.pos.system.dao.SettingsDAOTest -- Statement failed (expected for ALTER TABLE on new schema): -- Migrations for existing databases
ALTER TABLE sales
ADD COLUMN subtotal REAL DEFAULT 0.0 - [SQLITE_ERROR] SQL error or missing database (duplicate column name: subtotal)
15:41:40.748 [main] WARN com.pos.system.dao.SettingsDAOTest -- Statement failed (expected for ALTER TABLE on new schema): ALTER TABLE sales
ADD COLUMN tax_amount REAL DEFAULT 0.0 - [SQLITE_ERROR] SQL error or missing database (duplicate column name: tax_amount)
15:41:40.749 [main] WARN com.pos.system.dao.SettingsDAOTest -- Statement failed (expected for ALTER TABLE on new schema): ALTER TABLE sales
ADD COLUMN discount_amount REAL DEFAULT 0.0 - [SQLITE_ERROR] SQL error or missing database (duplicate column name: discount_amount)
15:41:40.749 [main] WARN com.pos.system.dao.SettingsDAOTest -- Statement failed (expected for ALTER TABLE on new schema): -- Migrations for existing databases
ALTER TABLE sale_items
ADD COLUMN discount_amount REAL DEFAULT 0.0 - [SQLITE_ERROR] SQL error or missing database (duplicate column name: discount_amount)
15:41:40.749 [main] WARN com.pos.system.dao.SettingsDAOTest -- Statement failed (expected for ALTER TABLE on new schema): ALTER TABLE sale_items
ADD COLUMN tax_amount REAL DEFAULT 0.0 - [SQLITE_ERROR] SQL error or missing database (duplicate column name: tax_amount)
15:41:40.750 [main] INFO com.pos.system.dao.SettingsDAOTest -- In-memory database schema initialized.
15:41:40.753 [main] WARN com.pos.system.dao.SettingsDAOTest -- Statement failed (expected for ALTER TABLE on new schema): -- Migration for existing databases
ALTER TABLE users
ADD COLUMN force_password_change BOOLEAN DEFAULT 0 - [SQLITE_ERROR] SQL error or missing database (duplicate column name: force_password_change)
15:41:40.753 [main] WARN com.pos.system.dao.SettingsDAOTest -- Statement failed (expected for ALTER TABLE on new schema): -- Migration: Add image_path if missing (for existing databases)
ALTER TABLE products
ADD COLUMN image_path TEXT - [SQLITE_ERROR] SQL error or missing database (duplicate column name: image_path)
15:41:40.753 [main] WARN com.pos.system.dao.SettingsDAOTest -- Statement failed (expected for ALTER TABLE on new schema): ALTER TABLE products
ADD COLUMN image_blob BLOB - [SQLITE_ERROR] SQL error or missing database (duplicate column name: image_blob)
15:41:40.754 [main] WARN com.pos.system.dao.SettingsDAOTest -- Statement failed (expected for ALTER TABLE on new schema): -- Migrations for existing databases
ALTER TABLE sales
ADD COLUMN subtotal REAL DEFAULT 0.0 - [SQLITE_ERROR] SQL error or missing database (duplicate column name: subtotal)
15:41:40.754 [main] WARN com.pos.system.dao.SettingsDAOTest -- Statement failed (expected for ALTER TABLE on new schema): ALTER TABLE sales
ADD COLUMN tax_amount REAL DEFAULT 0.0 - [SQLITE_ERROR] SQL error or missing database (duplicate column name: tax_amount)
15:41:40.754 [main] WARN com.pos.system.dao.SettingsDAOTest -- Statement failed (expected for ALTER TABLE on new schema): ALTER TABLE sales
ADD COLUMN discount_amount REAL DEFAULT 0.0 - [SQLITE_ERROR] SQL error or missing database (duplicate column name: discount_amount)
15:41:40.754 [main] WARN com.pos.system.dao.SettingsDAOTest -- Statement failed (expected for ALTER TABLE on new schema): -- Migrations for existing databases
ALTER TABLE sale_items
ADD COLUMN discount_amount REAL DEFAULT 0.0 - [SQLITE_ERROR] SQL error or missing database (duplicate column name: discount_amount)
15:41:40.754 [main] WARN com.pos.system.dao.SettingsDAOTest -- Statement failed (expected for ALTER TABLE on new schema): ALTER TABLE sale_items
ADD COLUMN tax_amount REAL DEFAULT 0.0 - [SQLITE_ERROR] SQL error or missing database (duplicate column name: tax_amount)
15:41:40.755 [main] INFO com.pos.system.dao.SettingsDAOTest -- In-memory database schema initialized.
[INFO] Tests run: 4, Failures: 0, Errors: 0, Skipped: 0, Time elapsed: 0.032 s -- in com.pos.system.dao.SettingsDAOTest
[INFO] Running com.pos.system.dao.SalePaymentDAOTest
15:41:40.759 [main] WARN com.pos.system.dao.SalePaymentDAOTest -- Statement failed (expected for ALTER TABLE on new schema): -- Migration for existing databases
ALTER TABLE users
ADD COLUMN force_password_change BOOLEAN DEFAULT 0 - [SQLITE_ERROR] SQL error or missing database (duplicate column name: force_password_change)
15:41:40.760 [main] WARN com.pos.system.dao.SalePaymentDAOTest -- Statement failed (expected for ALTER TABLE on new schema): -- Migration: Add image_path if missing (for existing databases)
ALTER TABLE products
ADD COLUMN image_path TEXT - [SQLITE_ERROR] SQL error or missing database (duplicate column name: image_path)
15:41:40.760 [main] WARN com.pos.system.dao.SalePaymentDAOTest -- Statement failed (expected for ALTER TABLE on new schema): ALTER TABLE products
ADD COLUMN image_blob BLOB - [SQLITE_ERROR] SQL error or missing database (duplicate column name: image_blob)
15:41:40.760 [main] WARN com.pos.system.dao.SalePaymentDAOTest -- Statement failed (expected for ALTER TABLE on new schema): -- Migrations for existing databases
ALTER TABLE sales
ADD COLUMN subtotal REAL DEFAULT 0.0 - [SQLITE_ERROR] SQL error or missing database (duplicate column name: subtotal)
15:41:40.760 [main] WARN com.pos.system.dao.SalePaymentDAOTest -- Statement failed (expected for ALTER TABLE on new schema): ALTER TABLE sales
ADD COLUMN tax_amount REAL DEFAULT 0.0 - [SQLITE_ERROR] SQL error or missing database (duplicate column name: tax_amount)
15:41:40.760 [main] WARN com.pos.system.dao.SalePaymentDAOTest -- Statement failed (expected for ALTER TABLE on new schema): ALTER TABLE sales
ADD COLUMN discount_amount REAL DEFAULT 0.0 - [SQLITE_ERROR] SQL error or missing database (duplicate column name: discount_amount)
15:41:40.760 [main] WARN com.pos.system.dao.SalePaymentDAOTest -- Statement failed (expected for ALTER TABLE on new schema): -- Migrations for existing databases
ALTER TABLE sale_items
ADD COLUMN discount_amount REAL DEFAULT 0.0 - [SQLITE_ERROR] SQL error or missing database (duplicate column name: discount_amount)
15:41:40.761 [main] WARN com.pos.system.dao.SalePaymentDAOTest -- Statement failed (expected for ALTER TABLE on new schema): ALTER TABLE sale_items
ADD COLUMN tax_amount REAL DEFAULT 0.0 - [SQLITE_ERROR] SQL error or missing database (duplicate column name: tax_amount)
15:41:40.761 [main] INFO com.pos.system.dao.SalePaymentDAOTest -- In-memory database schema initialized.
[INFO] Tests run: 1, Failures: 0, Errors: 0, Skipped: 0, Time elapsed: 0.008 s -- in com.pos.system.dao.SalePaymentDAOTest
[INFO] Running com.pos.system.dao.ProductDAOTest
15:41:40.770 [main] WARN com.pos.system.dao.ProductDAOTest -- Statement failed (expected for ALTER TABLE on new schema): -- Migration for existing databases
ALTER TABLE users
ADD COLUMN force_password_change BOOLEAN DEFAULT 0 - [SQLITE_ERROR] SQL error or missing database (duplicate column name: force_password_change)
15:41:40.771 [main] WARN com.pos.system.dao.ProductDAOTest -- Statement failed (expected for ALTER TABLE on new schema): -- Migration: Add image_path if missing (for existing databases)
ALTER TABLE products
ADD COLUMN image_path TEXT - [SQLITE_ERROR] SQL error or missing database (duplicate column name: image_path)
15:41:40.771 [main] WARN com.pos.system.dao.ProductDAOTest -- Statement failed (expected for ALTER TABLE on new schema): ALTER TABLE products
ADD COLUMN image_blob BLOB - [SQLITE_ERROR] SQL error or missing database (duplicate column name: image_blob)
15:41:40.771 [main] WARN com.pos.system.dao.ProductDAOTest -- Statement failed (expected for ALTER TABLE on new schema): -- Migrations for existing databases
ALTER TABLE sales
ADD COLUMN subtotal REAL DEFAULT 0.0 - [SQLITE_ERROR] SQL error or missing database (duplicate column name: subtotal)
15:41:40.771 [main] WARN com.pos.system.dao.ProductDAOTest -- Statement failed (expected for ALTER TABLE on new schema): ALTER TABLE sales
ADD COLUMN tax_amount REAL DEFAULT 0.0 - [SQLITE_ERROR] SQL error or missing database (duplicate column name: tax_amount)
15:41:40.771 [main] WARN com.pos.system.dao.ProductDAOTest -- Statement failed (expected for ALTER TABLE on new schema): ALTER TABLE sales
ADD COLUMN discount_amount REAL DEFAULT 0.0 - [SQLITE_ERROR] SQL error or missing database (duplicate column name: discount_amount)
15:41:40.771 [main] WARN com.pos.system.dao.ProductDAOTest -- Statement failed (expected for ALTER TABLE on new schema): -- Migrations for existing databases
ALTER TABLE sale_items
ADD COLUMN discount_amount REAL DEFAULT 0.0 - [SQLITE_ERROR] SQL error or missing database (duplicate column name: discount_amount)
15:41:40.772 [main] WARN com.pos.system.dao.ProductDAOTest -- Statement failed (expected for ALTER TABLE on new schema): ALTER TABLE sale_items
ADD COLUMN tax_amount REAL DEFAULT 0.0 - [SQLITE_ERROR] SQL error or missing database (duplicate column name: tax_amount)
15:41:40.772 [main] INFO com.pos.system.dao.ProductDAOTest -- In-memory database schema initialized.
15:41:40.775 [main] WARN com.pos.system.dao.ProductDAOTest -- Statement failed (expected for ALTER TABLE on new schema): -- Migration for existing databases
ALTER TABLE users
ADD COLUMN force_password_change BOOLEAN DEFAULT 0 - [SQLITE_ERROR] SQL error or missing database (duplicate column name: force_password_change)
15:41:40.776 [main] WARN com.pos.system.dao.ProductDAOTest -- Statement failed (expected for ALTER TABLE on new schema): -- Migration: Add image_path if missing (for existing databases)
ALTER TABLE products
ADD COLUMN image_path TEXT - [SQLITE_ERROR] SQL error or missing database (duplicate column name: image_path)
15:41:40.776 [main] WARN com.pos.system.dao.ProductDAOTest -- Statement failed (expected for ALTER TABLE on new schema): ALTER TABLE products
ADD COLUMN image_blob BLOB - [SQLITE_ERROR] SQL error or missing database (duplicate column name: image_blob)
15:41:40.776 [main] WARN com.pos.system.dao.ProductDAOTest -- Statement failed (expected for ALTER TABLE on new schema): -- Migrations for existing databases
ALTER TABLE sales
ADD COLUMN subtotal REAL DEFAULT 0.0 - [SQLITE_ERROR] SQL error or missing database (duplicate column name: subtotal)
15:41:40.776 [main] WARN com.pos.system.dao.ProductDAOTest -- Statement failed (expected for ALTER TABLE on new schema): ALTER TABLE sales
ADD COLUMN tax_amount REAL DEFAULT 0.0 - [SQLITE_ERROR] SQL error or missing database (duplicate column name: tax_amount)
15:41:40.776 [main] WARN com.pos.system.dao.ProductDAOTest -- Statement failed (expected for ALTER TABLE on new schema): ALTER TABLE sales
ADD COLUMN discount_amount REAL DEFAULT 0.0 - [SQLITE_ERROR] SQL error or missing database (duplicate column name: discount_amount)
15:41:40.777 [main] WARN com.pos.system.dao.ProductDAOTest -- Statement failed (expected for ALTER TABLE on new schema): -- Migrations for existing databases
ALTER TABLE sale_items
ADD COLUMN discount_amount REAL DEFAULT 0.0 - [SQLITE_ERROR] SQL error or missing database (duplicate column name: discount_amount)
15:41:40.777 [main] WARN com.pos.system.dao.ProductDAOTest -- Statement failed (expected for ALTER TABLE on new schema): ALTER TABLE sale_items
ADD COLUMN tax_amount REAL DEFAULT 0.0 - [SQLITE_ERROR] SQL error or missing database (duplicate column name: tax_amount)
15:41:40.777 [main] INFO com.pos.system.dao.ProductDAOTest -- In-memory database schema initialized.
15:41:40.781 [main] WARN com.pos.system.dao.ProductDAOTest -- Statement failed (expected for ALTER TABLE on new schema): -- Migration for existing databases
ALTER TABLE users
ADD COLUMN force_password_change BOOLEAN DEFAULT 0 - [SQLITE_ERROR] SQL error or missing database (duplicate column name: force_password_change)
15:41:40.781 [main] WARN com.pos.system.dao.ProductDAOTest -- Statement failed (expected for ALTER TABLE on new schema): -- Migration: Add image_path if missing (for existing databases)
ALTER TABLE products
ADD COLUMN image_path TEXT - [SQLITE_ERROR] SQL error or missing database (duplicate column name: image_path)
15:41:40.781 [main] WARN com.pos.system.dao.ProductDAOTest -- Statement failed (expected for ALTER TABLE on new schema): ALTER TABLE products
ADD COLUMN image_blob BLOB - [SQLITE_ERROR] SQL error or missing database (duplicate column name: image_blob)
15:41:40.782 [main] WARN com.pos.system.dao.ProductDAOTest -- Statement failed (expected for ALTER TABLE on new schema): -- Migrations for existing databases
ALTER TABLE sales
ADD COLUMN subtotal REAL DEFAULT 0.0 - [SQLITE_ERROR] SQL error or missing database (duplicate column name: subtotal)
15:41:40.782 [main] WARN com.pos.system.dao.ProductDAOTest -- Statement failed (expected for ALTER TABLE on new schema): ALTER TABLE sales
ADD COLUMN tax_amount REAL DEFAULT 0.0 - [SQLITE_ERROR] SQL error or missing database (duplicate column name: tax_amount)
15:41:40.782 [main] WARN com.pos.system.dao.ProductDAOTest -- Statement failed (expected for ALTER TABLE on new schema): ALTER TABLE sales
ADD COLUMN discount_amount REAL DEFAULT 0.0 - [SQLITE_ERROR] SQL error or missing database (duplicate column name: discount_amount)
15:41:40.782 [main] WARN com.pos.system.dao.ProductDAOTest -- Statement failed (expected for ALTER TABLE on new schema): -- Migrations for existing databases
ALTER TABLE sale_items
ADD COLUMN discount_amount REAL DEFAULT 0.0 - [SQLITE_ERROR] SQL error or missing database (duplicate column name: discount_amount)
15:41:40.782 [main] WARN com.pos.system.dao.ProductDAOTest -- Statement failed (expected for ALTER TABLE on new schema): ALTER TABLE sale_items
ADD COLUMN tax_amount REAL DEFAULT 0.0 - [SQLITE_ERROR] SQL error or missing database (duplicate column name: tax_amount)
15:41:40.783 [main] INFO com.pos.system.dao.ProductDAOTest -- In-memory database schema initialized.
15:41:40.786 [main] WARN com.pos.system.dao.ProductDAOTest -- Statement failed (expected for ALTER TABLE on new schema): -- Migration for existing databases
ALTER TABLE users
ADD COLUMN force_password_change BOOLEAN DEFAULT 0 - [SQLITE_ERROR] SQL error or missing database (duplicate column name: force_password_change)
15:41:40.787 [main] WARN com.pos.system.dao.ProductDAOTest -- Statement failed (expected for ALTER TABLE on new schema): -- Migration: Add image_path if missing (for existing databases)
ALTER TABLE products
ADD COLUMN image_path TEXT - [SQLITE_ERROR] SQL error or missing database (duplicate column name: image_path)
15:41:40.787 [main] WARN com.pos.system.dao.ProductDAOTest -- Statement failed (expected for ALTER TABLE on new schema): ALTER TABLE products
ADD COLUMN image_blob BLOB - [SQLITE_ERROR] SQL error or missing database (duplicate column name: image_blob)
15:41:40.787 [main] WARN com.pos.system.dao.ProductDAOTest -- Statement failed (expected for ALTER TABLE on new schema): -- Migrations for existing databases
ALTER TABLE sales
ADD COLUMN subtotal REAL DEFAULT 0.0 - [SQLITE_ERROR] SQL error or missing database (duplicate column name: subtotal)
15:41:40.787 [main] WARN com.pos.system.dao.ProductDAOTest -- Statement failed (expected for ALTER TABLE on new schema): ALTER TABLE sales
ADD COLUMN tax_amount REAL DEFAULT 0.0 - [SQLITE_ERROR] SQL error or missing database (duplicate column name: tax_amount)
15:41:40.787 [main] WARN com.pos.system.dao.ProductDAOTest -- Statement failed (expected for ALTER TABLE on new schema): ALTER TABLE sales
ADD COLUMN discount_amount REAL DEFAULT 0.0 - [SQLITE_ERROR] SQL error or missing database (duplicate column name: discount_amount)
15:41:40.788 [main] WARN com.pos.system.dao.ProductDAOTest -- Statement failed (expected for ALTER TABLE on new schema): -- Migrations for existing databases
ALTER TABLE sale_items
ADD COLUMN discount_amount REAL DEFAULT 0.0 - [SQLITE_ERROR] SQL error or missing database (duplicate column name: discount_amount)
15:41:40.788 [main] WARN com.pos.system.dao.ProductDAOTest -- Statement failed (expected for ALTER TABLE on new schema): ALTER TABLE sale_items
ADD COLUMN tax_amount REAL DEFAULT 0.0 - [SQLITE_ERROR] SQL error or missing database (duplicate column name: tax_amount)
15:41:40.788 [main] INFO com.pos.system.dao.ProductDAOTest -- In-memory database schema initialized.
15:41:40.792 [main] WARN com.pos.system.dao.ProductDAOTest -- Statement failed (expected for ALTER TABLE on new schema): -- Migration for existing databases
ALTER TABLE users
ADD COLUMN force_password_change BOOLEAN DEFAULT 0 - [SQLITE_ERROR] SQL error or missing database (duplicate column name: force_password_change)
15:41:40.792 [main] WARN com.pos.system.dao.ProductDAOTest -- Statement failed (expected for ALTER TABLE on new schema): -- Migration: Add image_path if missing (for existing databases)
ALTER TABLE products
ADD COLUMN image_path TEXT - [SQLITE_ERROR] SQL error or missing database (duplicate column name: image_path)
15:41:40.792 [main] WARN com.pos.system.dao.ProductDAOTest -- Statement failed (expected for ALTER TABLE on new schema): ALTER TABLE products
ADD COLUMN image_blob BLOB - [SQLITE_ERROR] SQL error or missing database (duplicate column name: image_blob)
15:41:40.793 [main] WARN com.pos.system.dao.ProductDAOTest -- Statement failed (expected for ALTER TABLE on new schema): -- Migrations for existing databases
ALTER TABLE sales
ADD COLUMN subtotal REAL DEFAULT 0.0 - [SQLITE_ERROR] SQL error or missing database (duplicate column name: subtotal)
15:41:40.793 [main] WARN com.pos.system.dao.ProductDAOTest -- Statement failed (expected for ALTER TABLE on new schema): ALTER TABLE sales
ADD COLUMN tax_amount REAL DEFAULT 0.0 - [SQLITE_ERROR] SQL error or missing database (duplicate column name: tax_amount)
15:41:40.793 [main] WARN com.pos.system.dao.ProductDAOTest -- Statement failed (expected for ALTER TABLE on new schema): ALTER TABLE sales
ADD COLUMN discount_amount REAL DEFAULT 0.0 - [SQLITE_ERROR] SQL error or missing database (duplicate column name: discount_amount)
15:41:40.793 [main] WARN com.pos.system.dao.ProductDAOTest -- Statement failed (expected for ALTER TABLE on new schema): -- Migrations for existing databases
ALTER TABLE sale_items
ADD COLUMN discount_amount REAL DEFAULT 0.0 - [SQLITE_ERROR] SQL error or missing database (duplicate column name: discount_amount)
15:41:40.793 [main] WARN com.pos.system.dao.ProductDAOTest -- Statement failed (expected for ALTER TABLE on new schema): ALTER TABLE sale_items
ADD COLUMN tax_amount REAL DEFAULT 0.0 - [SQLITE_ERROR] SQL error or missing database (duplicate column name: tax_amount)
15:41:40.794 [main] INFO com.pos.system.dao.ProductDAOTest -- In-memory database schema initialized.
[INFO] Tests run: 5, Failures: 0, Errors: 0, Skipped: 0, Time elapsed: 0.029 s -- in com.pos.system.dao.ProductDAOTest
[INFO] Running com.pos.system.services.CategoryServiceTest
OpenJDK 64-Bit Server VM warning: Sharing is only supported for boot loader classes because bootstrap classpath has been appended
[INFO] Tests run: 4, Failures: 0, Errors: 0, Skipped: 0, Time elapsed: 1.204 s -- in com.pos.system.services.CategoryServiceTest
[INFO] Running com.pos.system.services.CheckoutServiceTest
15:41:42.403 [main] INFO com.pos.system.services.CheckoutService -- Sale header created with ID: 500
15:41:42.404 [main] INFO com.pos.system.services.CheckoutService -- Sale items inserted for Sale ID: 500
15:41:42.406 [main] INFO com.pos.system.services.CheckoutService -- Inventory updated for 1 items.
15:41:42.406 [main] INFO com.pos.system.services.CheckoutService -- Checkout transaction committed successfully.
15:41:42.430 [main] ERROR com.pos.system.services.CheckoutService -- Checkout failed, rolling back transaction.
java.sql.SQLException: Database error
	at com.pos.system.dao.SaleDAO.insertSale(SaleDAO.java:104)
	at com.pos.system.services.CheckoutService.processCheckout(CheckoutService.java:71)
	at com.pos.system.services.CheckoutServiceTest.lambda$testProcessCheckout_RollbackOnException$0(CheckoutServiceTest.java:118)
	at org.junit.jupiter.api.AssertThrows.assertThrows(AssertThrows.java:53)
	at org.junit.jupiter.api.AssertThrows.assertThrows(AssertThrows.java:35)
	at org.junit.jupiter.api.Assertions.assertThrows(Assertions.java:3115)
	at com.pos.system.services.CheckoutServiceTest.testProcessCheckout_RollbackOnException(CheckoutServiceTest.java:117)
	at java.base/jdk.internal.reflect.DirectMethodHandleAccessor.invoke(DirectMethodHandleAccessor.java:103)
	at java.base/java.lang.reflect.Method.invoke(Method.java:580)
	at org.junit.platform.commons.util.ReflectionUtils.invokeMethod(ReflectionUtils.java:728)
	at org.junit.jupiter.engine.execution.MethodInvocation.proceed(MethodInvocation.java:60)
	at org.junit.jupiter.engine.execution.InvocationInterceptorChain$ValidatingInvocation.proceed(InvocationInterceptorChain.java:131)
	at org.junit.jupiter.engine.extension.TimeoutExtension.intercept(TimeoutExtension.java:156)
	at org.junit.jupiter.engine.extension.TimeoutExtension.interceptTestableMethod(TimeoutExtension.java:147)
	at org.junit.jupiter.engine.extension.TimeoutExtension.interceptTestMethod(TimeoutExtension.java:86)
	at org.junit.jupiter.engine.execution.InterceptingExecutableInvoker$ReflectiveInterceptorCall.lambda$ofVoidMethod$0(InterceptingExecutableInvoker.java:103)
	at org.junit.jupiter.engine.execution.InterceptingExecutableInvoker.lambda$invoke$0(InterceptingExecutableInvoker.java:93)
	at org.junit.jupiter.engine.execution.InvocationInterceptorChain$InterceptedInvocation.proceed(InvocationInterceptorChain.java:106)
	at org.junit.jupiter.engine.execution.InvocationInterceptorChain.proceed(InvocationInterceptorChain.java:64)
	at org.junit.jupiter.engine.execution.InvocationInterceptorChain.chainAndInvoke(InvocationInterceptorChain.java:45)
	at org.junit.jupiter.engine.execution.InvocationInterceptorChain.invoke(InvocationInterceptorChain.java:37)
	at org.junit.jupiter.engine.execution.InterceptingExecutableInvoker.invoke(InterceptingExecutableInvoker.java:92)
	at org.junit.jupiter.engine.execution.InterceptingExecutableInvoker.invoke(InterceptingExecutableInvoker.java:86)
	at org.junit.jupiter.engine.descriptor.TestMethodTestDescriptor.lambda$invokeTestMethod$7(TestMethodTestDescriptor.java:218)
	at org.junit.platform.engine.support.hierarchical.ThrowableCollector.execute(ThrowableCollector.java:73)
	at org.junit.jupiter.engine.descriptor.TestMethodTestDescriptor.invokeTestMethod(TestMethodTestDescriptor.java:214)
	at org.junit.jupiter.engine.descriptor.TestMethodTestDescriptor.execute(TestMethodTestDescriptor.java:139)
	at org.junit.jupiter.engine.descriptor.TestMethodTestDescriptor.execute(TestMethodTestDescriptor.java:69)
	at org.junit.platform.engine.support.hierarchical.NodeTestTask.lambda$executeRecursively$6(NodeTestTask.java:151)
	at org.junit.platform.engine.support.hierarchical.ThrowableCollector.execute(ThrowableCollector.java:73)
	at org.junit.platform.engine.support.hierarchical.NodeTestTask.lambda$executeRecursively$8(NodeTestTask.java:141)
	at org.junit.platform.engine.support.hierarchical.Node.around(Node.java:137)
	at org.junit.platform.engine.support.hierarchical.NodeTestTask.lambda$executeRecursively$9(NodeTestTask.java:139)
	at org.junit.platform.engine.support.hierarchical.ThrowableCollector.execute(ThrowableCollector.java:73)
	at org.junit.platform.engine.support.hierarchical.NodeTestTask.executeRecursively(NodeTestTask.java:138)
	at org.junit.platform.engine.support.hierarchical.NodeTestTask.execute(NodeTestTask.java:95)
	at java.base/java.util.ArrayList.forEach(ArrayList.java:1596)
	at org.junit.platform.engine.support.hierarchical.SameThreadHierarchicalTestExecutorService.invokeAll(SameThreadHierarchicalTestExecutorService.java:41)
	at org.junit.platform.engine.support.hierarchical.NodeTestTask.lambda$executeRecursively$6(NodeTestTask.java:155)
	at org.junit.platform.engine.support.hierarchical.ThrowableCollector.execute(ThrowableCollector.java:73)
	at org.junit.platform.engine.support.hierarchical.NodeTestTask.lambda$executeRecursively$8(NodeTestTask.java:141)
	at org.junit.platform.engine.support.hierarchical.Node.around(Node.java:137)
	at org.junit.platform.engine.support.hierarchical.NodeTestTask.lambda$executeRecursively$9(NodeTestTask.java:139)
	at org.junit.platform.engine.support.hierarchical.ThrowableCollector.execute(ThrowableCollector.java:73)
	at org.junit.platform.engine.support.hierarchical.NodeTestTask.executeRecursively(NodeTestTask.java:138)
	at org.junit.platform.engine.support.hierarchical.NodeTestTask.execute(NodeTestTask.java:95)
	at java.base/java.util.ArrayList.forEach(ArrayList.java:1596)
	at org.junit.platform.engine.support.hierarchical.SameThreadHierarchicalTestExecutorService.invokeAll(SameThreadHierarchicalTestExecutorService.java:41)
	at org.junit.platform.engine.support.hierarchical.NodeTestTask.lambda$executeRecursively$6(NodeTestTask.java:155)
	at org.junit.platform.engine.support.hierarchical.ThrowableCollector.execute(ThrowableCollector.java:73)
	at org.junit.platform.engine.support.hierarchical.NodeTestTask.lambda$executeRecursively$8(NodeTestTask.java:141)
	at org.junit.platform.engine.support.hierarchical.Node.around(Node.java:137)
	at org.junit.platform.engine.support.hierarchical.NodeTestTask.lambda$executeRecursively$9(NodeTestTask.java:139)
	at org.junit.platform.engine.support.hierarchical.ThrowableCollector.execute(ThrowableCollector.java:73)
	at org.junit.platform.engine.support.hierarchical.NodeTestTask.executeRecursively(NodeTestTask.java:138)
	at org.junit.platform.engine.support.hierarchical.NodeTestTask.execute(NodeTestTask.java:95)
	at org.junit.platform.engine.support.hierarchical.SameThreadHierarchicalTestExecutorService.submit(SameThreadHierarchicalTestExecutorService.java:35)
	at org.junit.platform.engine.support.hierarchical.HierarchicalTestExecutor.execute(HierarchicalTestExecutor.java:57)
	at org.junit.platform.engine.support.hierarchical.HierarchicalTestEngine.execute(HierarchicalTestEngine.java:54)
	at org.junit.platform.launcher.core.EngineExecutionOrchestrator.execute(EngineExecutionOrchestrator.java:198)
	at org.junit.platform.launcher.core.EngineExecutionOrchestrator.execute(EngineExecutionOrchestrator.java:169)
	at org.junit.platform.launcher.core.EngineExecutionOrchestrator.execute(EngineExecutionOrchestrator.java:93)
	at org.junit.platform.launcher.core.EngineExecutionOrchestrator.lambda$execute$0(EngineExecutionOrchestrator.java:58)
	at org.junit.platform.launcher.core.EngineExecutionOrchestrator.withInterceptedStreams(EngineExecutionOrchestrator.java:141)
	at org.junit.platform.launcher.core.EngineExecutionOrchestrator.execute(EngineExecutionOrchestrator.java:57)
	at org.junit.platform.launcher.core.DefaultLauncher.execute(DefaultLauncher.java:103)
	at org.junit.platform.launcher.core.DefaultLauncher.execute(DefaultLauncher.java:85)
	at org.junit.platform.launcher.core.DelegatingLauncher.execute(DelegatingLauncher.java:47)
	at org.apache.maven.surefire.junitplatform.LazyLauncher.execute(LazyLauncher.java:56)
	at org.apache.maven.surefire.junitplatform.JUnitPlatformProvider.execute(JUnitPlatformProvider.java:184)
	at org.apache.maven.surefire.junitplatform.JUnitPlatformProvider.invokeAllTests(JUnitPlatformProvider.java:148)
	at org.apache.maven.surefire.junitplatform.JUnitPlatformProvider.invoke(JUnitPlatformProvider.java:122)
	at org.apache.maven.surefire.booter.ForkedBooter.runSuitesInProcess(ForkedBooter.java:385)
	at org.apache.maven.surefire.booter.ForkedBooter.execute(ForkedBooter.java:162)
	at org.apache.maven.surefire.booter.ForkedBooter.run(ForkedBooter.java:507)
	at org.apache.maven.surefire.booter.ForkedBooter.main(ForkedBooter.java:495)
[INFO] Tests run: 2, Failures: 0, Errors: 0, Skipped: 0, Time elapsed: 0.427 s -- in com.pos.system.services.CheckoutServiceTest
[INFO] Running com.pos.system.services.InventoryServiceTest
15:41:42.692 [POS-HikariPool connection adder] DEBUG com.zaxxer.hikari.pool.HikariPool -- POS-HikariPool - Added connection org.sqlite.jdbc4.JDBC4Connection@122a3213
15:41:42.723 [POS-HikariPool connection adder] DEBUG com.zaxxer.hikari.pool.HikariPool -- POS-HikariPool - Connection not added, stats (total=4, active=4, idle=0, waiting=1)
15:41:42.724 [POS-HikariPool connection adder] DEBUG com.zaxxer.hikari.pool.HikariPool -- POS-HikariPool - Added connection org.sqlite.jdbc4.JDBC4Connection@494ec279
[INFO] Tests run: 3, Failures: 0, Errors: 0, Skipped: 0, Time elapsed: 0.297 s -- in com.pos.system.services.InventoryServiceTest
[INFO] Running com.pos.system.services.SecurityServiceTest
15:41:42.760 [POS-HikariPool connection adder] DEBUG com.zaxxer.hikari.pool.HikariPool -- POS-HikariPool - Connection not added, stats (total=5, active=5, idle=0, waiting=0)
[INFO] Tests run: 5, Failures: 0, Errors: 0, Skipped: 0, Time elapsed: 0.599 s -- in com.pos.system.services.SecurityServiceTest
[INFO] Running com.pos.system.services.StoreMonitorServiceTest
15:41:43.475 [main] DEBUG com.pos.system.services.StoreMonitorService -- Store Monitor: Starting background check...
15:41:43.481 [main] INFO com.pos.system.services.StoreMonitorService -- Audit Log cleanup completed (90 days retention).
[ERROR] Tests run: 1, Failures: 0, Errors: 1, Skipped: 0, Time elapsed: 0.144 s <<< FAILURE! -- in com.pos.system.services.StoreMonitorServiceTest
[ERROR] com.pos.system.services.StoreMonitorServiceTest.testMonitorTaskExecution -- Time elapsed: 0.141 s <<< ERROR!
java.lang.NullPointerException: Cannot invoke "java.util.ResourceBundle.getString(String)" because the return value of "com.pos.system.App.getBundle()" is null
	at com.pos.system.services.StoreMonitorServiceTest.testMonitorTaskExecution(StoreMonitorServiceTest.java:89)
	at java.base/java.lang.reflect.Method.invoke(Method.java:580)
	at java.base/java.util.ArrayList.forEach(ArrayList.java:1596)
	at java.base/java.util.ArrayList.forEach(ArrayList.java:1596)

[INFO] Running com.pos.system.services.StockAdjustmentServiceTest
15:41:43.491 [POS-HikariPool connection adder] DEBUG com.zaxxer.hikari.pool.HikariPool -- POS-HikariPool - Added connection org.sqlite.jdbc4.JDBC4Connection@23726500
15:41:43.492 [main] INFO com.pos.system.services.StockAdjustmentService -- Stock adjusted for Product ID: 10 by -5. Reason: Damaged Goods
[INFO] Tests run: 1, Failures: 0, Errors: 0, Skipped: 0, Time elapsed: 0.008 s -- in com.pos.system.services.StockAdjustmentServiceTest
[INFO] Running com.pos.system.services.ReportingServiceTest
[ERROR] Tests run: 1, Failures: 1, Errors: 0, Skipped: 0, Time elapsed: 0.015 s <<< FAILURE! -- in com.pos.system.services.ReportingServiceTest
[ERROR] com.pos.system.services.ReportingServiceTest.testGenerateDailyZReport -- Time elapsed: 0.012 s <<< FAILURE!
org.opentest4j.AssertionFailedError: Unexpected exception thrown: java.lang.NullPointerException: Cannot invoke "java.util.ResourceBundle.getString(String)" because "b" is null
	at org.junit.jupiter.api.AssertionFailureBuilder.build(AssertionFailureBuilder.java:152)
	at org.junit.jupiter.api.AssertDoesNotThrow.createAssertionFailedError(AssertDoesNotThrow.java:84)
	at org.junit.jupiter.api.AssertDoesNotThrow.assertDoesNotThrow(AssertDoesNotThrow.java:75)
	at org.junit.jupiter.api.AssertDoesNotThrow.assertDoesNotThrow(AssertDoesNotThrow.java:58)
	at org.junit.jupiter.api.Assertions.assertDoesNotThrow(Assertions.java:3228)
	at com.pos.system.services.ReportingServiceTest.testGenerateDailyZReport(ReportingServiceTest.java:14)
	at java.base/java.lang.reflect.Method.invoke(Method.java:580)
	at java.base/java.util.ArrayList.forEach(ArrayList.java:1596)
	at java.base/java.util.ArrayList.forEach(ArrayList.java:1596)
Caused by: java.lang.NullPointerException: Cannot invoke "java.util.ResourceBundle.getString(String)" because "b" is null
	at com.pos.system.services.ReportingService.generateRangeReportCSV(ReportingService.java:75)
	at com.pos.system.services.ReportingService.generateDailyZReportCSV(ReportingService.java:53)
	at com.pos.system.services.ReportingServiceTest.lambda$testGenerateDailyZReport$0(ReportingServiceTest.java:14)
	at org.junit.jupiter.api.AssertDoesNotThrow.assertDoesNotThrow(AssertDoesNotThrow.java:71)
	... 6 more

[INFO] Running com.pos.system.services.PrinterServiceTest
No default printer found. Printing to console instead.
[INFO] Tests run: 2, Failures: 0, Errors: 0, Skipped: 0, Time elapsed: 0.048 s -- in com.pos.system.services.PrinterServiceTest
[INFO] Running com.pos.system.services.StoreEventsTest
[INFO] Tests run: 1, Failures: 0, Errors: 0, Skipped: 0, Time elapsed: 0.004 s -- in com.pos.system.services.StoreEventsTest
[INFO] 
[INFO] Results:
[INFO] 
[ERROR] Failures:
[ERROR]   DatabaseManagerBackupTest.testAutoBackupAndPruningLogic:94 Only 30 auto backups should remain after pruning ==> expected: <30> but was: <35>
[ERROR]   DatabaseManagerBackupTest.testManualBackupSucceedsAndIgnoresPruning:66 One manual backup should exist ==> expected: <1> but was: <0>
[ERROR]   DatabaseManagerConcurrencyTest.testBackupDuringConcurrentWrites:108 One manual backup should exist even when triggered under load ==> expected: <1> but was: <0>
[ERROR]   ReportingServiceTest.testGenerateDailyZReport:14 Unexpected exception thrown: java.lang.NullPointerException: Cannot invoke "java.util.ResourceBundle.getString(String)" because "b" is null
[ERROR] Errors: 
[ERROR]   AddCategoryControllerTest.testAddNewCategory(FxRobot)  Runtime java.lang.UnsupportedOperationException: Unable to open DISPLAY
[ERROR]   AddProductControllerTest.testAddNewProduct(FxRobot)  Runtime java.lang.UnsupportedOperationException: Unable to open DISPLAY
[ERROR]   AdjustStockControllerTest.testAdjustStockInvalid(FxRobot)  Runtime java.lang.UnsupportedOperationException: Unable to open DISPLAY
[ERROR]   AdjustStockControllerTest.testAdjustStockValid(FxRobot)  Runtime java.lang.UnsupportedOperationException: Unable to open DISPLAY
[ERROR]   AuditLogControllerTest.testAuditLogsLoaded(FxRobot)  Runtime java.lang.UnsupportedOperationException: Unable to open DISPLAY
[ERROR]   CategoryControllerTest.testCategoriesLoadedInTable(FxRobot)  Runtime java.lang.UnsupportedOperationException: Unable to open DISPLAY
[ERROR]   CategoryControllerTest.testSearchFilter(FxRobot)  Runtime java.lang.UnsupportedOperationException: Unable to open DISPLAY
[ERROR]   CheckoutControllerTest.testCheckoutFlow(FxRobot)  Runtime java.lang.UnsupportedOperationException: Unable to open DISPLAY
[ERROR]   DashboardControllerTest.testCashierUserOptionsHidden(FxRobot)  Runtime java.lang.UnsupportedOperationException: Unable to open DISPLAY
[ERROR]   FinanceControllerTest.testAddExpense(FxRobot)  Runtime java.lang.UnsupportedOperationException: Unable to open DISPLAY
[ERROR]   FinanceControllerTest.testFinanceLoadsDataOnStart(FxRobot)  Runtime java.lang.UnsupportedOperationException: Unable to open DISPLAY
[ERROR]   InventoryControllerTest.testInventoryLoadsDataOnStart(FxRobot)  Runtime java.lang.UnsupportedOperationException: Unable to open DISPLAY
[ERROR]   InventoryControllerTest.testInventorySearchFiltersData(FxRobot)  Runtime java.lang.UnsupportedOperationException: Unable to open DISPLAY
[ERROR]   LoginControllerTest.testEmptyFieldsShowError(FxRobot)  Runtime java.lang.UnsupportedOperationException: Unable to open DISPLAY
[ERROR]   LoginControllerTest.testInvalidLoginShowsError(FxRobot)  Runtime java.lang.UnsupportedOperationException: Unable to open DISPLAY
[ERROR]   LoginControllerTest.testValidLogin(FxRobot)  Runtime java.lang.UnsupportedOperationException: Unable to open DISPLAY
[ERROR]   POSControllerTest.testProductsLoadedAndTotalUpdates(FxRobot)  Runtime java.lang.UnsupportedOperationException: Unable to open DISPLAY
[ERROR]   POSControllerTest.testSearchFunctionality(FxRobot)  Runtime java.lang.UnsupportedOperationException: Unable to open DISPLAY
[ERROR]   ReportsControllerTest.testReportsLoaded(FxRobot)  Runtime java.lang.UnsupportedOperationException: Unable to open DISPLAY
[ERROR]   SettingsControllerTest.testSettingsLoadAndSave(FxRobot)  Runtime java.lang.UnsupportedOperationException: Unable to open DISPLAY
[ERROR]   TransactionDetailsControllerTest.testTransactionDetailsLoaded(FxRobot)  Runtime java.lang.UnsupportedOperationException: Unable to open DISPLAY
[ERROR]   UsersControllerTest.testAddUser(FxRobot)  Runtime java.lang.UnsupportedOperationException: Unable to open DISPLAY
[ERROR]   UsersControllerTest.testLoadUsers(FxRobot)  Runtime java.lang.UnsupportedOperationException: Unable to open DISPLAY
[ERROR]   StoreMonitorServiceTest.testMonitorTaskExecution:89 NullPointer Cannot invoke "java.util.ResourceBundle.getString(String)" because the return value of "com.pos.system.App.getBundle()" is null
[INFO] 
[ERROR] Tests run: 78, Failures: 4, Errors: 24, Skipped: 0
[INFO] 
[INFO] ------------------------------------------------------------------------
[INFO] BUILD FAILURE
[INFO] ------------------------------------------------------------------------
[INFO] Total time:  6.418 s
[INFO] Finished at: 2026-02-26T15:41:43Z
[INFO] ------------------------------------------------------------------------
[ERROR] Failed to execute goal org.apache.maven.plugins:maven-surefire-plugin:3.1.2:test (default-test) on project store-manager: There are test failures.
[ERROR] 
[ERROR] Please refer to /app/target/surefire-reports for the individual test results.
[ERROR] Please refer to dump files (if any exist) [date].dump, [date]-jvmRun[N].dump and [date].dumpstream.
[ERROR] -> [Help 1]
[ERROR] 
[ERROR] To see the full stack trace of the errors, re-run Maven with the -e switch.
[ERROR] Re-run Maven using the -X switch to enable full debug logging.
[ERROR] 
[ERROR] For more information about the errors and possible solutions, please read the following articles:
[ERROR] [Help 1] http://cwiki.apache.org/confluence/display/MAVEN/MojoFailureException
