[INFO] Scanning for projects...
[INFO] 
[INFO] -----------------------< com.pos:store-manager >------------------------
[INFO] Building store-manager 1.0-SNAPSHOT
[INFO]   from pom.xml
[INFO] --------------------------------[ jar ]---------------------------------
[WARNING] 6 problems were encountered while building the effective model for org.openjfx:javafx-controls:jar:21 during dependency collection step for project (use -X to see details)
[WARNING] 6 problems were encountered while building the effective model for org.openjfx:javafx-controls:jar:20 during dependency collection step for project (use -X to see details)
[INFO] 
[INFO] --- resources:3.3.1:resources (default-resources) @ store-manager ---
[INFO] Copying 22 resources from src\main\resources to target\classes
[INFO] 
[INFO] --- compiler:3.11.0:compile (default-compile) @ store-manager ---
[INFO] Nothing to compile - all classes are up to date
[INFO] 
[INFO] --- resources:3.3.1:testResources (default-testResources) @ store-manager ---
[INFO] skip non existing resourceDirectory C:\POS\src\test\resources
[INFO] 
[INFO] --- compiler:3.11.0:testCompile (default-testCompile) @ store-manager ---
[INFO] Nothing to compile - all classes are up to date
[INFO] 
[INFO] --- surefire:3.1.2:test (default-test) @ store-manager ---
[INFO] Using auto detected provider org.apache.maven.surefire.junitplatform.JUnitPlatformProvider
[INFO] 
[INFO] -------------------------------------------------------
[INFO]  T E S T S
[INFO] -------------------------------------------------------
WARNING: Unknown module: javafx.graphics specified to --add-exports
[INFO] Running com.pos.system.controllers.AddCategoryControllerTest
WARNING: A restricted method in java.lang.System has been called
WARNING: java.lang.System::load has been called by com.sun.glass.utils.NativeLibLoader in an unnamed module (file:/C:/Users/User/.m2/repository/org/openjfx/javafx-graphics/21/javafx-graphics-21-win.jar)
WARNING: Use --enable-native-access=ALL-UNNAMED to avoid a warning for callers in this module
WARNING: Restricted methods will be blocked in a future release unless native access is enabled

Feb 22, 2026 9:00:51 AM com.sun.javafx.application.PlatformImpl startup
WARNING: Unsupported JavaFX configuration: classes were loaded from 'unnamed module @60285225'
OpenJDK 64-Bit Server VM warning: Sharing is only supported for boot loader classes because bootstrap classpath has been appended
WARNING: A terminally deprecated method in sun.misc.Unsafe has been called
WARNING: sun.misc.Unsafe::objectFieldOffset has been called by net.bytebuddy.dynamic.loading.ClassInjector$UsingUnsafe$Dispatcher$CreationAction (file:/C:/Users/User/.m2/repository/net/bytebuddy/byte-buddy/1.14.12/byte-buddy-1.14.12.jar)
WARNING: Please consider reporting this to the maintainers of class net.bytebuddy.dynamic.loading.ClassInjector$UsingUnsafe$Dispatcher$CreationAction
WARNING: sun.misc.Unsafe::objectFieldOffset will be removed in a future release
[INFO] Tests run: 1, Failures: 0, Errors: 0, Skipped: 0, Time elapsed: 5.914 s -- in com.pos.system.controllers.AddCategoryControllerTest
[INFO] Running com.pos.system.controllers.AddProductControllerTest
[ERROR] Tests run: 1, Failures: 1, Errors: 0, Skipped: 0, Time elapsed: 5.605 s <<< FAILURE! -- in com.pos.system.controllers.AddProductControllerTest
[ERROR] com.pos.system.controllers.AddProductControllerTest.testAddNewProduct(FxRobot) -- Time elapsed: 5.599 s <<< FAILURE!
Argument(s) are different! Wanted:
inventoryService.addStock(
    <any>,
    99,
    50,
    10.5d,
    isNull(),
    "INITIAL-ADD",
    isNull()
);
-> at com.pos.system.services.InventoryService.addStock(InventoryService.java:33)
Actual invocations have different arguments at position [3]:
inventoryService.addStock(
    Mock for Connection, hashCode: 452920108,
    99,
    50,
    10.0d,
    null,
    "INITIAL-ADD",
    null
);
-> at com.pos.system.controllers.AddProductController.handleSave(AddProductController.java:149)

	at com.pos.system.services.InventoryService.addStock(InventoryService.java:33)
	at com.pos.system.controllers.AddProductControllerTest.testAddNewProduct(AddProductControllerTest.java:123)
	at java.base/java.lang.reflect.Method.invoke(Method.java:565)
	at java.base/java.util.ArrayList.forEach(ArrayList.java:1604)
	at java.base/java.util.ArrayList.forEach(ArrayList.java:1604)

[INFO] Running com.pos.system.controllers.CheckoutControllerTest
09:01:05.465 [Thread-7] DEBUG com.zaxxer.hikari.HikariConfig -- Driver class org.sqlite.JDBC found in Thread context class loader jdk.internal.loader.ClassLoaders$AppClassLoader@5bc2b487
09:01:05.468 [Thread-7] DEBUG com.zaxxer.hikari.HikariConfig -- POS-HikariPool - configuration:
09:01:05.469 [Thread-7] DEBUG com.zaxxer.hikari.HikariConfig -- allowPoolSuspension.............false
09:01:05.469 [Thread-7] DEBUG com.zaxxer.hikari.HikariConfig -- autoCommit......................true
09:01:05.469 [Thread-7] DEBUG com.zaxxer.hikari.HikariConfig -- catalog.........................none
09:01:05.469 [Thread-7] DEBUG com.zaxxer.hikari.HikariConfig -- connectionInitSql...............none
09:01:05.470 [Thread-7] DEBUG com.zaxxer.hikari.HikariConfig -- connectionTestQuery.............none
09:01:05.470 [Thread-7] DEBUG com.zaxxer.hikari.HikariConfig -- connectionTimeout...............30000
09:01:05.471 [Thread-7] DEBUG com.zaxxer.hikari.HikariConfig -- dataSource......................none
09:01:05.471 [Thread-7] DEBUG com.zaxxer.hikari.HikariConfig -- dataSourceClassName.............none
09:01:05.471 [Thread-7] DEBUG com.zaxxer.hikari.HikariConfig -- dataSourceJNDI..................none
09:01:05.471 [Thread-7] DEBUG com.zaxxer.hikari.HikariConfig -- dataSourceProperties............{password=<masked>, prepStmtCacheSqlLimit=2048, cachePrepStmts=true, prepStmtCacheSize=250}
09:01:05.471 [Thread-7] DEBUG com.zaxxer.hikari.HikariConfig -- driverClassName................."org.sqlite.JDBC"
09:01:05.471 [Thread-7] DEBUG com.zaxxer.hikari.HikariConfig -- exceptionOverrideClassName......none
09:01:05.471 [Thread-7] DEBUG com.zaxxer.hikari.HikariConfig -- healthCheckProperties...........{}
09:01:05.471 [Thread-7] DEBUG com.zaxxer.hikari.HikariConfig -- healthCheckRegistry.............none
09:01:05.471 [Thread-7] DEBUG com.zaxxer.hikari.HikariConfig -- idleTimeout.....................600000
09:01:05.471 [Thread-7] DEBUG com.zaxxer.hikari.HikariConfig -- initializationFailTimeout.......1
09:01:05.471 [Thread-7] DEBUG com.zaxxer.hikari.HikariConfig -- isolateInternalQueries..........false
09:01:05.471 [Thread-7] DEBUG com.zaxxer.hikari.HikariConfig -- jdbcUrl.........................jdbc:sqlite:store.db
09:01:05.471 [Thread-7] DEBUG com.zaxxer.hikari.HikariConfig -- keepaliveTime...................0
09:01:05.471 [Thread-7] DEBUG com.zaxxer.hikari.HikariConfig -- leakDetectionThreshold..........0
09:01:05.471 [Thread-7] DEBUG com.zaxxer.hikari.HikariConfig -- maxLifetime.....................1800000
09:01:05.471 [Thread-7] DEBUG com.zaxxer.hikari.HikariConfig -- maximumPoolSize.................10
09:01:05.471 [Thread-7] DEBUG com.zaxxer.hikari.HikariConfig -- metricRegistry..................none
09:01:05.471 [Thread-7] DEBUG com.zaxxer.hikari.HikariConfig -- metricsTrackerFactory...........none
09:01:05.472 [Thread-7] DEBUG com.zaxxer.hikari.HikariConfig -- minimumIdle.....................2
09:01:05.472 [Thread-7] DEBUG com.zaxxer.hikari.HikariConfig -- password........................<masked>
09:01:05.472 [Thread-7] DEBUG com.zaxxer.hikari.HikariConfig -- poolName........................"POS-HikariPool"
09:01:05.472 [Thread-7] DEBUG com.zaxxer.hikari.HikariConfig -- readOnly........................false
09:01:05.472 [Thread-7] DEBUG com.zaxxer.hikari.HikariConfig -- registerMbeans..................false
09:01:05.472 [Thread-7] DEBUG com.zaxxer.hikari.HikariConfig -- scheduledExecutor...............none
09:01:05.472 [Thread-7] DEBUG com.zaxxer.hikari.HikariConfig -- schema..........................none
09:01:05.472 [Thread-7] DEBUG com.zaxxer.hikari.HikariConfig -- threadFactory...................internal
09:01:05.472 [Thread-7] DEBUG com.zaxxer.hikari.HikariConfig -- transactionIsolation............default
09:01:05.472 [Thread-7] DEBUG com.zaxxer.hikari.HikariConfig -- username........................none
09:01:05.472 [Thread-7] DEBUG com.zaxxer.hikari.HikariConfig -- validationTimeout...............5000
09:01:05.483 [Thread-7] INFO com.zaxxer.hikari.HikariDataSource -- POS-HikariPool - Starting...
09:01:05.569 [Thread-7] INFO com.zaxxer.hikari.pool.HikariPool -- POS-HikariPool - Added connection org.sqlite.jdbc4.JDBC4Connection@67df8137
09:01:05.569 [Thread-7] INFO com.zaxxer.hikari.HikariDataSource -- POS-HikariPool - Start completed.
09:01:05.569 [Thread-7] INFO com.pos.system.database.DatabaseManager -- Database connection pool initialized.
09:01:05.577 [Thread-7] WARN com.pos.system.database.DatabaseManager -- Statement failed (might be expected for existing tables/columns): -- Migration for existing databases
ALTER TABLE users
ADD COLUMN force_password_change BOOLEAN DEFAULT 0 - [SQLITE_ERROR] SQL error or missing database (duplicate column name: force_password_change)
09:01:05.578 [Thread-7] WARN com.pos.system.database.DatabaseManager -- Statement failed (might be expected for existing tables/columns): -- Migration: Add image_path if missing (for existing databases)
ALTER TABLE products
ADD COLUMN image_path TEXT - [SQLITE_ERROR] SQL error or missing database (duplicate column name: image_path)
09:01:05.578 [Thread-7] WARN com.pos.system.database.DatabaseManager -- Statement failed (might be expected for existing tables/columns): ALTER TABLE products
ADD COLUMN image_blob BLOB - [SQLITE_ERROR] SQL error or missing database (duplicate column name: image_blob)
09:01:05.578 [Thread-7] WARN com.pos.system.database.DatabaseManager -- Statement failed (might be expected for existing tables/columns): -- Migrations for existing databases
ALTER TABLE sales
ADD COLUMN shift_id INTEGER - [SQLITE_ERROR] SQL error or missing database (duplicate column name: shift_id)
09:01:05.578 [Thread-7] WARN com.pos.system.database.DatabaseManager -- Statement failed (might be expected for existing tables/columns): ALTER TABLE sales
ADD COLUMN subtotal REAL DEFAULT 0.0 - [SQLITE_ERROR] SQL error or missing database (duplicate column name: subtotal)
09:01:05.578 [Thread-7] WARN com.pos.system.database.DatabaseManager -- Statement failed (might be expected for existing tables/columns): ALTER TABLE sales
ADD COLUMN tax_amount REAL DEFAULT 0.0 - [SQLITE_ERROR] SQL error or missing database (duplicate column name: tax_amount)
09:01:05.578 [Thread-7] WARN com.pos.system.database.DatabaseManager -- Statement failed (might be expected for existing tables/columns): ALTER TABLE sales
ADD COLUMN discount_amount REAL DEFAULT 0.0 - [SQLITE_ERROR] SQL error or missing database (duplicate column name: discount_amount)
09:01:05.578 [Thread-7] WARN com.pos.system.database.DatabaseManager -- Statement failed (might be expected for existing tables/columns): -- Migrations for existing databases
ALTER TABLE sale_items
ADD COLUMN discount_amount REAL DEFAULT 0.0 - [SQLITE_ERROR] SQL error or missing database (duplicate column name: discount_amount)
09:01:05.578 [Thread-7] WARN com.pos.system.database.DatabaseManager -- Statement failed (might be expected for existing tables/columns): ALTER TABLE sale_items
ADD COLUMN tax_amount REAL DEFAULT 0.0 - [SQLITE_ERROR] SQL error or missing database (duplicate column name: tax_amount)
09:01:05.586 [Thread-7] INFO com.pos.system.database.DatabaseManager -- Database tables/schema initialized.
09:01:05.594 [Thread-7] INFO com.pos.system.services.CheckoutService -- Sale header created with ID: 18
09:01:05.597 [Thread-7] INFO com.pos.system.services.CheckoutService -- Sale items inserted for Sale ID: 18
09:01:05.602 [Thread-7] INFO com.pos.system.services.CheckoutService -- Inventory updated for 1 items.
09:01:05.610 [Thread-7] INFO com.pos.system.services.CheckoutService -- Checkout transaction committed successfully.
09:01:05.671 [POS-HikariPool housekeeper] DEBUG com.zaxxer.hikari.pool.HikariPool -- POS-HikariPool - Before cleanup stats (total=1, active=0, idle=1, waiting=0)
09:01:05.671 [POS-HikariPool housekeeper] DEBUG com.zaxxer.hikari.pool.HikariPool -- POS-HikariPool - After cleanup  stats (total=1, active=0, idle=1, waiting=0)
09:01:05.672 [POS-HikariPool connection adder] DEBUG com.zaxxer.hikari.pool.HikariPool -- POS-HikariPool - Added connection org.sqlite.jdbc4.JDBC4Connection@588bf195
09:01:05.705 [POS-HikariPool connection adder] DEBUG com.zaxxer.hikari.pool.HikariPool -- POS-HikariPool - After adding stats (total=2, active=0, idle=2, waiting=0)
[INFO] Tests run: 1, Failures: 0, Errors: 0, Skipped: 0, Time elapsed: 2.606 s -- in com.pos.system.controllers.CheckoutControllerTest
[INFO] 
[INFO] Results:
[INFO] 
[ERROR] Failures: 
[ERROR]   AddProductControllerTest.testAddNewProduct:123 
Argument(s) are different! Wanted:
inventoryService.addStock(
    <any>,
    99,
    50,
    10.5d,
    isNull(),
    "INITIAL-ADD",
    isNull()
);
-> at com.pos.system.services.InventoryService.addStock(InventoryService.java:33)
Actual invocations have different arguments at position [3]:
inventoryService.addStock(
    Mock for Connection, hashCode: 452920108,
    99,
    50,
    10.0d,
    null,
    "INITIAL-ADD",
    null
);
-> at com.pos.system.controllers.AddProductController.handleSave(AddProductController.java:149)

[INFO] 
[ERROR] Tests run: 3, Failures: 1, Errors: 0, Skipped: 0
[INFO] 
[INFO] ------------------------------------------------------------------------
[INFO] BUILD FAILURE
[INFO] ------------------------------------------------------------------------
[INFO] Total time:  16.045 s
[INFO] Finished at: 2026-02-22T09:01:06+06:30
[INFO] ------------------------------------------------------------------------
[ERROR] Failed to execute goal org.apache.maven.plugins:maven-surefire-plugin:3.1.2:test (default-test) on project store-manager: There are test failures.
[ERROR] 
[ERROR] Please refer to C:\POS\target\surefire-reports for the individual test results.
[ERROR] Please refer to dump files (if any exist) [date].dump, [date]-jvmRun[N].dump and [date].dumpstream.
[ERROR] -> [Help 1]
[ERROR] 
[ERROR] To see the full stack trace of the errors, re-run Maven with the -e switch.
[ERROR] Re-run Maven using the -X switch to enable full debug logging.
[ERROR] 
[ERROR] For more information about the errors and possible solutions, please read the following articles:
[ERROR] [Help 1] http://cwiki.apache.org/confluence/display/MAVEN/MojoFailureException
