[INFO] Scanning for projects...
[INFO] 
[INFO] -----------------------< com.pos:store-manager >------------------------
[INFO] Building store-manager 1.0-SNAPSHOT
[INFO]   from pom.xml
[INFO] --------------------------------[ jar ]---------------------------------
[WARNING] 6 problems were encountered while building the effective model for org.openjfx:javafx-controls:jar:21 during dependency collection step for project (use -X to see details)
[WARNING] 6 problems were encountered while building the effective model for org.openjfx:javafx-controls:jar:20 during dependency collection step for project (use -X to see details)
[INFO] 
[INFO] --- resources:3.3.1:resources (default-resources) @ store-manager ---
[INFO] Copying 22 resources from src\main\resources to target\classes
[INFO] 
[INFO] --- compiler:3.11.0:compile (default-compile) @ store-manager ---
[INFO] Nothing to compile - all classes are up to date
[INFO] 
[INFO] --- resources:3.3.1:testResources (default-testResources) @ store-manager ---
[INFO] skip non existing resourceDirectory C:\POS\src\test\resources
[INFO] 
[INFO] --- compiler:3.11.0:testCompile (default-testCompile) @ store-manager ---
[INFO] Nothing to compile - all classes are up to date
[INFO] 
[INFO] --- surefire:3.1.2:test (default-test) @ store-manager ---
[INFO] Using auto detected provider org.apache.maven.surefire.junitplatform.JUnitPlatformProvider
[INFO] 
[INFO] -------------------------------------------------------
[INFO]  T E S T S
[INFO] -------------------------------------------------------
WARNING: Unknown module: javafx.graphics specified to --add-exports
[INFO] Running com.pos.system.controllers.AddCategoryControllerTest
WARNING: A restricted method in java.lang.System has been called
WARNING: java.lang.System::load has been called by com.sun.glass.utils.NativeLibLoader in an unnamed module (file:/C:/Users/User/.m2/repository/org/openjfx/javafx-graphics/21/javafx-graphics-21-win.jar)
WARNING: Use --enable-native-access=ALL-UNNAMED to avoid a warning for callers in this module
WARNING: Restricted methods will be blocked in a future release unless native access is enabled

Feb 22, 2026 8:59:20 AM com.sun.javafx.application.PlatformImpl startup
WARNING: Unsupported JavaFX configuration: classes were loaded from 'unnamed module @60285225'
OpenJDK 64-Bit Server VM warning: Sharing is only supported for boot loader classes because bootstrap classpath has been appended
WARNING: A terminally deprecated method in sun.misc.Unsafe has been called
WARNING: sun.misc.Unsafe::objectFieldOffset has been called by net.bytebuddy.dynamic.loading.ClassInjector$UsingUnsafe$Dispatcher$CreationAction (file:/C:/Users/User/.m2/repository/net/bytebuddy/byte-buddy/1.14.12/byte-buddy-1.14.12.jar)
WARNING: Please consider reporting this to the maintainers of class net.bytebuddy.dynamic.loading.ClassInjector$UsingUnsafe$Dispatcher$CreationAction
WARNING: sun.misc.Unsafe::objectFieldOffset will be removed in a future release
[ERROR] Tests run: 1, Failures: 0, Errors: 1, Skipped: 0, Time elapsed: 5.845 s <<< FAILURE! -- in com.pos.system.controllers.AddCategoryControllerTest
[ERROR] com.pos.system.controllers.AddCategoryControllerTest.testAddNewCategory(FxRobot) -- Time elapsed: 5.826 s <<< ERROR!
org.testfx.service.query.EmptyNodeQueryException: 
there is no node in the scene-graph matching the query: NodeQuery: from nodes: [],
lookup by function: "org.testfx.util.NodeQueryUtils$$Lambda/0x000002132b3e1540@7b02881e",
lookup by selector: "#messageLabel"
	at org.testfx.service.query.impl.NodeQueryImpl.query(NodeQueryImpl.java:131)
	at org.testfx.api.FxAssert.toNode(FxAssert.java:167)
	at org.testfx.api.FxAssert.verifyThat(FxAssert.java:70)
	at com.pos.system.controllers.AddCategoryControllerTest.testAddNewCategory(AddCategoryControllerTest.java:69)
	at java.base/java.lang.reflect.Method.invoke(Method.java:565)
	at java.base/java.util.ArrayList.forEach(ArrayList.java:1604)
	at java.base/java.util.ArrayList.forEach(ArrayList.java:1604)

[INFO] Running com.pos.system.controllers.AddProductControllerTest
[ERROR] Tests run: 1, Failures: 0, Errors: 1, Skipped: 0, Time elapsed: 5.627 s <<< FAILURE! -- in com.pos.system.controllers.AddProductControllerTest
[ERROR] com.pos.system.controllers.AddProductControllerTest.testAddNewProduct(FxRobot) -- Time elapsed: 5.626 s <<< ERROR!
org.testfx.service.query.EmptyNodeQueryException: 
there is no node in the scene-graph matching the query: NodeQuery: from nodes: [],
lookup by function: "org.testfx.util.NodeQueryUtils$$Lambda/0x000002132b3e1540@62e7f11d",
lookup by selector: "#messageLabel"
	at org.testfx.service.query.impl.NodeQueryImpl.query(NodeQueryImpl.java:131)
	at org.testfx.api.FxAssert.toNode(FxAssert.java:167)
	at org.testfx.api.FxAssert.verifyThat(FxAssert.java:70)
	at com.pos.system.controllers.AddProductControllerTest.testAddNewProduct(AddProductControllerTest.java:116)
	at java.base/java.lang.reflect.Method.invoke(Method.java:565)
	at java.base/java.util.ArrayList.forEach(ArrayList.java:1604)
	at java.base/java.util.ArrayList.forEach(ArrayList.java:1604)

[INFO] Running com.pos.system.controllers.CheckoutControllerTest
08:59:34.567 [Thread-7] DEBUG com.zaxxer.hikari.HikariConfig -- Driver class org.sqlite.JDBC found in Thread context class loader jdk.internal.loader.ClassLoaders$AppClassLoader@5bc2b487
08:59:34.571 [Thread-7] DEBUG com.zaxxer.hikari.HikariConfig -- POS-HikariPool - configuration:
08:59:34.573 [Thread-7] DEBUG com.zaxxer.hikari.HikariConfig -- allowPoolSuspension.............false
08:59:34.573 [Thread-7] DEBUG com.zaxxer.hikari.HikariConfig -- autoCommit......................true
08:59:34.573 [Thread-7] DEBUG com.zaxxer.hikari.HikariConfig -- catalog.........................none
08:59:34.573 [Thread-7] DEBUG com.zaxxer.hikari.HikariConfig -- connectionInitSql...............none
08:59:34.573 [Thread-7] DEBUG com.zaxxer.hikari.HikariConfig -- connectionTestQuery.............none
08:59:34.573 [Thread-7] DEBUG com.zaxxer.hikari.HikariConfig -- connectionTimeout...............30000
08:59:34.573 [Thread-7] DEBUG com.zaxxer.hikari.HikariConfig -- dataSource......................none
08:59:34.573 [Thread-7] DEBUG com.zaxxer.hikari.HikariConfig -- dataSourceClassName.............none
08:59:34.574 [Thread-7] DEBUG com.zaxxer.hikari.HikariConfig -- dataSourceJNDI..................none
08:59:34.574 [Thread-7] DEBUG com.zaxxer.hikari.HikariConfig -- dataSourceProperties............{password=<masked>, prepStmtCacheSqlLimit=2048, cachePrepStmts=true, prepStmtCacheSize=250}
08:59:34.574 [Thread-7] DEBUG com.zaxxer.hikari.HikariConfig -- driverClassName................."org.sqlite.JDBC"
08:59:34.574 [Thread-7] DEBUG com.zaxxer.hikari.HikariConfig -- exceptionOverrideClassName......none
08:59:34.574 [Thread-7] DEBUG com.zaxxer.hikari.HikariConfig -- healthCheckProperties...........{}
08:59:34.574 [Thread-7] DEBUG com.zaxxer.hikari.HikariConfig -- healthCheckRegistry.............none
08:59:34.574 [Thread-7] DEBUG com.zaxxer.hikari.HikariConfig -- idleTimeout.....................600000
08:59:34.574 [Thread-7] DEBUG com.zaxxer.hikari.HikariConfig -- initializationFailTimeout.......1
08:59:34.574 [Thread-7] DEBUG com.zaxxer.hikari.HikariConfig -- isolateInternalQueries..........false
08:59:34.574 [Thread-7] DEBUG com.zaxxer.hikari.HikariConfig -- jdbcUrl.........................jdbc:sqlite:store.db
08:59:34.574 [Thread-7] DEBUG com.zaxxer.hikari.HikariConfig -- keepaliveTime...................0
08:59:34.574 [Thread-7] DEBUG com.zaxxer.hikari.HikariConfig -- leakDetectionThreshold..........0
08:59:34.574 [Thread-7] DEBUG com.zaxxer.hikari.HikariConfig -- maxLifetime.....................1800000
08:59:34.576 [Thread-7] DEBUG com.zaxxer.hikari.HikariConfig -- maximumPoolSize.................10
08:59:34.576 [Thread-7] DEBUG com.zaxxer.hikari.HikariConfig -- metricRegistry..................none
08:59:34.576 [Thread-7] DEBUG com.zaxxer.hikari.HikariConfig -- metricsTrackerFactory...........none
08:59:34.576 [Thread-7] DEBUG com.zaxxer.hikari.HikariConfig -- minimumIdle.....................2
08:59:34.576 [Thread-7] DEBUG com.zaxxer.hikari.HikariConfig -- password........................<masked>
08:59:34.576 [Thread-7] DEBUG com.zaxxer.hikari.HikariConfig -- poolName........................"POS-HikariPool"
08:59:34.576 [Thread-7] DEBUG com.zaxxer.hikari.HikariConfig -- readOnly........................false
08:59:34.576 [Thread-7] DEBUG com.zaxxer.hikari.HikariConfig -- registerMbeans..................false
08:59:34.576 [Thread-7] DEBUG com.zaxxer.hikari.HikariConfig -- scheduledExecutor...............none
08:59:34.576 [Thread-7] DEBUG com.zaxxer.hikari.HikariConfig -- schema..........................none
08:59:34.576 [Thread-7] DEBUG com.zaxxer.hikari.HikariConfig -- threadFactory...................internal
08:59:34.576 [Thread-7] DEBUG com.zaxxer.hikari.HikariConfig -- transactionIsolation............default
08:59:34.577 [Thread-7] DEBUG com.zaxxer.hikari.HikariConfig -- username........................none
08:59:34.577 [Thread-7] DEBUG com.zaxxer.hikari.HikariConfig -- validationTimeout...............5000
08:59:34.580 [Thread-7] INFO com.zaxxer.hikari.HikariDataSource -- POS-HikariPool - Starting...
08:59:34.667 [Thread-7] INFO com.zaxxer.hikari.pool.HikariPool -- POS-HikariPool - Added connection org.sqlite.jdbc4.JDBC4Connection@1c682f3e
08:59:34.668 [Thread-7] INFO com.zaxxer.hikari.HikariDataSource -- POS-HikariPool - Start completed.
08:59:34.668 [Thread-7] INFO com.pos.system.database.DatabaseManager -- Database connection pool initialized.
08:59:34.676 [Thread-7] WARN com.pos.system.database.DatabaseManager -- Statement failed (might be expected for existing tables/columns): -- Migration for existing databases
ALTER TABLE users
ADD COLUMN force_password_change BOOLEAN DEFAULT 0 - [SQLITE_ERROR] SQL error or missing database (duplicate column name: force_password_change)
08:59:34.676 [Thread-7] WARN com.pos.system.database.DatabaseManager -- Statement failed (might be expected for existing tables/columns): -- Migration: Add image_path if missing (for existing databases)
ALTER TABLE products
ADD COLUMN image_path TEXT - [SQLITE_ERROR] SQL error or missing database (duplicate column name: image_path)
08:59:34.676 [Thread-7] WARN com.pos.system.database.DatabaseManager -- Statement failed (might be expected for existing tables/columns): ALTER TABLE products
ADD COLUMN image_blob BLOB - [SQLITE_ERROR] SQL error or missing database (duplicate column name: image_blob)
08:59:34.677 [Thread-7] WARN com.pos.system.database.DatabaseManager -- Statement failed (might be expected for existing tables/columns): -- Migrations for existing databases
ALTER TABLE sales
ADD COLUMN shift_id INTEGER - [SQLITE_ERROR] SQL error or missing database (duplicate column name: shift_id)
08:59:34.677 [Thread-7] WARN com.pos.system.database.DatabaseManager -- Statement failed (might be expected for existing tables/columns): ALTER TABLE sales
ADD COLUMN subtotal REAL DEFAULT 0.0 - [SQLITE_ERROR] SQL error or missing database (duplicate column name: subtotal)
08:59:34.677 [Thread-7] WARN com.pos.system.database.DatabaseManager -- Statement failed (might be expected for existing tables/columns): ALTER TABLE sales
ADD COLUMN tax_amount REAL DEFAULT 0.0 - [SQLITE_ERROR] SQL error or missing database (duplicate column name: tax_amount)
08:59:34.677 [Thread-7] WARN com.pos.system.database.DatabaseManager -- Statement failed (might be expected for existing tables/columns): ALTER TABLE sales
ADD COLUMN discount_amount REAL DEFAULT 0.0 - [SQLITE_ERROR] SQL error or missing database (duplicate column name: discount_amount)
08:59:34.677 [Thread-7] WARN com.pos.system.database.DatabaseManager -- Statement failed (might be expected for existing tables/columns): -- Migrations for existing databases
ALTER TABLE sale_items
ADD COLUMN discount_amount REAL DEFAULT 0.0 - [SQLITE_ERROR] SQL error or missing database (duplicate column name: discount_amount)
08:59:34.677 [Thread-7] WARN com.pos.system.database.DatabaseManager -- Statement failed (might be expected for existing tables/columns): ALTER TABLE sale_items
ADD COLUMN tax_amount REAL DEFAULT 0.0 - [SQLITE_ERROR] SQL error or missing database (duplicate column name: tax_amount)
08:59:34.685 [Thread-7] INFO com.pos.system.database.DatabaseManager -- Database tables/schema initialized.
08:59:34.691 [Thread-7] INFO com.pos.system.services.CheckoutService -- Sale header created with ID: 16
08:59:34.694 [Thread-7] INFO com.pos.system.services.CheckoutService -- Sale items inserted for Sale ID: 16
08:59:34.698 [Thread-7] INFO com.pos.system.services.CheckoutService -- Inventory updated for 1 items.
08:59:34.706 [Thread-7] INFO com.pos.system.services.CheckoutService -- Checkout transaction committed successfully.
08:59:34.769 [POS-HikariPool housekeeper] DEBUG com.zaxxer.hikari.pool.HikariPool -- POS-HikariPool - Before cleanup stats (total=1, active=0, idle=1, waiting=0)
08:59:34.769 [POS-HikariPool housekeeper] DEBUG com.zaxxer.hikari.pool.HikariPool -- POS-HikariPool - After cleanup  stats (total=1, active=0, idle=1, waiting=0)
08:59:34.771 [POS-HikariPool connection adder] DEBUG com.zaxxer.hikari.pool.HikariPool -- POS-HikariPool - Added connection org.sqlite.jdbc4.JDBC4Connection@e2c9aba
08:59:34.803 [POS-HikariPool connection adder] DEBUG com.zaxxer.hikari.pool.HikariPool -- POS-HikariPool - After adding stats (total=2, active=0, idle=2, waiting=0)
[ERROR] Tests run: 1, Failures: 1, Errors: 0, Skipped: 0, Time elapsed: 2.589 s <<< FAILURE! -- in com.pos.system.controllers.CheckoutControllerTest
[ERROR] com.pos.system.controllers.CheckoutControllerTest.testCheckoutFlow(FxRobot) -- Time elapsed: 2.587 s <<< FAILURE!
org.opentest4j.AssertionFailedError: expected: <1> but was: <0>
	at org.junit.jupiter.api.AssertionFailureBuilder.build(AssertionFailureBuilder.java:151)
	at org.junit.jupiter.api.AssertionFailureBuilder.buildAndThrow(AssertionFailureBuilder.java:132)
	at org.junit.jupiter.api.AssertEquals.failNotEqual(AssertEquals.java:197)
	at org.junit.jupiter.api.AssertEquals.assertEquals(AssertEquals.java:150)
	at org.junit.jupiter.api.AssertEquals.assertEquals(AssertEquals.java:145)
	at org.junit.jupiter.api.Assertions.assertEquals(Assertions.java:531)
	at com.pos.system.controllers.CheckoutControllerTest.testCheckoutFlow(CheckoutControllerTest.java:129)
	at java.base/java.lang.reflect.Method.invoke(Method.java:565)
	at java.base/java.util.ArrayList.forEach(ArrayList.java:1604)
	at java.base/java.util.ArrayList.forEach(ArrayList.java:1604)

[INFO] 
[INFO] Results:
[INFO] 
[ERROR] Failures: 
[ERROR]   CheckoutControllerTest.testCheckoutFlow:129 expected: <1> but was: <0>
[ERROR] Errors: 
[ERROR]   AddCategoryControllerTest.testAddNewCategory:69 » EmptyNodeQuery there is no node in the scene-graph matching the query: NodeQuery: from nodes: [],
lookup by function: "org.testfx.util.NodeQueryUtils$$Lambda/0x000002132b3e1540@7b02881e",
lookup by selector: "#messageLabel"
[ERROR]   AddProductControllerTest.testAddNewProduct:116 » EmptyNodeQuery there is no node in the scene-graph matching the query: NodeQuery: from nodes: [],
lookup by function: "org.testfx.util.NodeQueryUtils$$Lambda/0x000002132b3e1540@62e7f11d",
lookup by selector: "#messageLabel"
[INFO] 
[ERROR] Tests run: 3, Failures: 1, Errors: 2, Skipped: 0
[INFO] 
[INFO] ------------------------------------------------------------------------
[INFO] BUILD FAILURE
[INFO] ------------------------------------------------------------------------
[INFO] Total time:  15.973 s
[INFO] Finished at: 2026-02-22T08:59:35+06:30
[INFO] ------------------------------------------------------------------------
[ERROR] Failed to execute goal org.apache.maven.plugins:maven-surefire-plugin:3.1.2:test (default-test) on project store-manager: There are test failures.
[ERROR] 
[ERROR] Please refer to C:\POS\target\surefire-reports for the individual test results.
[ERROR] Please refer to dump files (if any exist) [date].dump, [date]-jvmRun[N].dump and [date].dumpstream.
[ERROR] -> [Help 1]
[ERROR] 
[ERROR] To see the full stack trace of the errors, re-run Maven with the -e switch.
[ERROR] Re-run Maven using the -X switch to enable full debug logging.
[ERROR] 
[ERROR] For more information about the errors and possible solutions, please read the following articles:
[ERROR] [Help 1] http://cwiki.apache.org/confluence/display/MAVEN/MojoFailureException
